<?xml version="1.0" encoding="UTF-8"?>
<testsuite xmlns:xsi="http://www.w3.org/2001/XMLSchema-instance" xsi:noNamespaceSchemaLocation="https://maven.apache.org/surefire/maven-surefire-plugin/xsd/surefire-test-report.xsd" name="Tests.Regression_Suit" time="873.419" tests="81" errors="0" skipped="0" failures="3">
  <properties>
    <property name="java.specification.version" value="19"/>
    <property name="sun.jnu.encoding" value="UTF-8"/>
    <property name="java.class.path" value="/Users/farhanahmedsheikh/Documents/Projects/project/Webautomation/target/test-classes:/Users/farhanahmedsheikh/Documents/Projects/project/Webautomation/target/classes:/Users/farhanahmedsheikh/.m2/repository/org/seleniumhq/selenium/selenium-java/4.10.0/selenium-java-4.10.0.jar:/Users/farhanahmedsheikh/.m2/repository/org/seleniumhq/selenium/selenium-api/4.10.0/selenium-api-4.10.0.jar:/Users/farhanahmedsheikh/.m2/repository/org/seleniumhq/selenium/selenium-chrome-driver/4.10.0/selenium-chrome-driver-4.10.0.jar:/Users/farhanahmedsheikh/.m2/repository/com/google/auto/service/auto-service-annotations/1.0.1/auto-service-annotations-1.0.1.jar:/Users/farhanahmedsheikh/.m2/repository/com/google/auto/service/auto-service/1.0.1/auto-service-1.0.1.jar:/Users/farhanahmedsheikh/.m2/repository/com/google/auto/auto-common/1.2/auto-common-1.2.jar:/Users/farhanahmedsheikh/.m2/repository/com/google/guava/guava/31.1-jre/guava-31.1-jre.jar:/Users/farhanahmedsheikh/.m2/repository/com/google/guava/failureaccess/1.0.1/failureaccess-1.0.1.jar:/Users/farhanahmedsheikh/.m2/repository/com/google/guava/listenablefuture/9999.0-empty-to-avoid-conflict-with-guava/listenablefuture-9999.0-empty-to-avoid-conflict-with-guava.jar:/Users/farhanahmedsheikh/.m2/repository/com/google/code/findbugs/jsr305/3.0.2/jsr305-3.0.2.jar:/Users/farhanahmedsheikh/.m2/repository/org/checkerframework/checker-qual/3.12.0/checker-qual-3.12.0.jar:/Users/farhanahmedsheikh/.m2/repository/com/google/errorprone/error_prone_annotations/2.11.0/error_prone_annotations-2.11.0.jar:/Users/farhanahmedsheikh/.m2/repository/com/google/j2objc/j2objc-annotations/1.3/j2objc-annotations-1.3.jar:/Users/farhanahmedsheikh/.m2/repository/org/seleniumhq/selenium/selenium-chromium-driver/4.10.0/selenium-chromium-driver-4.10.0.jar:/Users/farhanahmedsheikh/.m2/repository/org/seleniumhq/selenium/selenium-json/4.10.0/selenium-json-4.10.0.jar:/Users/farhanahmedsheikh/.m2/repository/org/seleniumhq/selenium/selenium-manager/4.10.0/selenium-manager-4.10.0.jar:/Users/farhanahmedsheikh/.m2/repository/org/seleniumhq/selenium/selenium-devtools-v112/4.10.0/selenium-devtools-v112-4.10.0.jar:/Users/farhanahmedsheikh/.m2/repository/org/seleniumhq/selenium/selenium-devtools-v113/4.10.0/selenium-devtools-v113-4.10.0.jar:/Users/farhanahmedsheikh/.m2/repository/org/seleniumhq/selenium/selenium-devtools-v114/4.10.0/selenium-devtools-v114-4.10.0.jar:/Users/farhanahmedsheikh/.m2/repository/org/seleniumhq/selenium/selenium-devtools-v85/4.10.0/selenium-devtools-v85-4.10.0.jar:/Users/farhanahmedsheikh/.m2/repository/org/seleniumhq/selenium/selenium-edge-driver/4.10.0/selenium-edge-driver-4.10.0.jar:/Users/farhanahmedsheikh/.m2/repository/org/seleniumhq/selenium/selenium-firefox-driver/4.10.0/selenium-firefox-driver-4.10.0.jar:/Users/farhanahmedsheikh/.m2/repository/org/seleniumhq/selenium/selenium-http/4.10.0/selenium-http-4.10.0.jar:/Users/farhanahmedsheikh/.m2/repository/dev/failsafe/failsafe/3.3.1/failsafe-3.3.1.jar:/Users/farhanahmedsheikh/.m2/repository/org/seleniumhq/selenium/selenium-ie-driver/4.10.0/selenium-ie-driver-4.10.0.jar:/Users/farhanahmedsheikh/.m2/repository/org/seleniumhq/selenium/selenium-remote-driver/4.10.0/selenium-remote-driver-4.10.0.jar:/Users/farhanahmedsheikh/.m2/repository/io/netty/netty-buffer/4.1.92.Final/netty-buffer-4.1.92.Final.jar:/Users/farhanahmedsheikh/.m2/repository/io/netty/netty-codec-http/4.1.92.Final/netty-codec-http-4.1.92.Final.jar:/Users/farhanahmedsheikh/.m2/repository/io/netty/netty-codec/4.1.92.Final/netty-codec-4.1.92.Final.jar:/Users/farhanahmedsheikh/.m2/repository/io/netty/netty-handler/4.1.92.Final/netty-handler-4.1.92.Final.jar:/Users/farhanahmedsheikh/.m2/repository/io/netty/netty-common/4.1.92.Final/netty-common-4.1.92.Final.jar:/Users/farhanahmedsheikh/.m2/repository/io/netty/netty-transport-classes-epoll/4.1.92.Final/netty-transport-classes-epoll-4.1.92.Final.jar:/Users/farhanahmedsheikh/.m2/repository/io/netty/netty-transport-classes-kqueue/4.1.92.Final/netty-transport-classes-kqueue-4.1.92.Final.jar:/Users/farhanahmedsheikh/.m2/repository/io/netty/netty-transport-native-epoll/4.1.92.Final/netty-transport-native-epoll-4.1.92.Final.jar:/Users/farhanahmedsheikh/.m2/repository/io/netty/netty-transport-native-kqueue/4.1.92.Final/netty-transport-native-kqueue-4.1.92.Final.jar:/Users/farhanahmedsheikh/.m2/repository/io/netty/netty-transport-native-unix-common/4.1.92.Final/netty-transport-native-unix-common-4.1.92.Final.jar:/Users/farhanahmedsheikh/.m2/repository/io/netty/netty-transport/4.1.92.Final/netty-transport-4.1.92.Final.jar:/Users/farhanahmedsheikh/.m2/repository/io/netty/netty-resolver/4.1.92.Final/netty-resolver-4.1.92.Final.jar:/Users/farhanahmedsheikh/.m2/repository/io/opentelemetry/opentelemetry-api/1.26.0/opentelemetry-api-1.26.0.jar:/Users/farhanahmedsheikh/.m2/repository/io/opentelemetry/opentelemetry-context/1.26.0/opentelemetry-context-1.26.0.jar:/Users/farhanahmedsheikh/.m2/repository/io/opentelemetry/opentelemetry-exporter-logging/1.26.0/opentelemetry-exporter-logging-1.26.0.jar:/Users/farhanahmedsheikh/.m2/repository/io/opentelemetry/opentelemetry-sdk-metrics/1.26.0/opentelemetry-sdk-metrics-1.26.0.jar:/Users/farhanahmedsheikh/.m2/repository/io/opentelemetry/opentelemetry-extension-incubator/1.26.0-alpha/opentelemetry-extension-incubator-1.26.0-alpha.jar:/Users/farhanahmedsheikh/.m2/repository/io/opentelemetry/opentelemetry-sdk-logs/1.26.0-alpha/opentelemetry-sdk-logs-1.26.0-alpha.jar:/Users/farhanahmedsheikh/.m2/repository/io/opentelemetry/opentelemetry-api-logs/1.26.0-alpha/opentelemetry-api-logs-1.26.0-alpha.jar:/Users/farhanahmedsheikh/.m2/repository/io/opentelemetry/opentelemetry-api-events/1.26.0-alpha/opentelemetry-api-events-1.26.0-alpha.jar:/Users/farhanahmedsheikh/.m2/repository/io/opentelemetry/opentelemetry-sdk-common/1.26.0/opentelemetry-sdk-common-1.26.0.jar:/Users/farhanahmedsheikh/.m2/repository/io/opentelemetry/opentelemetry-sdk-extension-autoconfigure-spi/1.26.0/opentelemetry-sdk-extension-autoconfigure-spi-1.26.0.jar:/Users/farhanahmedsheikh/.m2/repository/io/opentelemetry/opentelemetry-sdk-extension-autoconfigure/1.26.0-alpha/opentelemetry-sdk-extension-autoconfigure-1.26.0-alpha.jar:/Users/farhanahmedsheikh/.m2/repository/io/opentelemetry/opentelemetry-sdk-trace/1.26.0/opentelemetry-sdk-trace-1.26.0.jar:/Users/farhanahmedsheikh/.m2/repository/io/opentelemetry/opentelemetry-sdk/1.26.0/opentelemetry-sdk-1.26.0.jar:/Users/farhanahmedsheikh/.m2/repository/io/opentelemetry/opentelemetry-semconv/1.26.0-alpha/opentelemetry-semconv-1.26.0-alpha.jar:/Users/farhanahmedsheikh/.m2/repository/net/bytebuddy/byte-buddy/1.14.4/byte-buddy-1.14.4.jar:/Users/farhanahmedsheikh/.m2/repository/org/asynchttpclient/async-http-client/2.12.3/async-http-client-2.12.3.jar:/Users/farhanahmedsheikh/.m2/repository/org/asynchttpclient/async-http-client-netty-utils/2.12.3/async-http-client-netty-utils-2.12.3.jar:/Users/farhanahmedsheikh/.m2/repository/io/netty/netty-codec-socks/4.1.60.Final/netty-codec-socks-4.1.60.Final.jar:/Users/farhanahmedsheikh/.m2/repository/io/netty/netty-handler-proxy/4.1.60.Final/netty-handler-proxy-4.1.60.Final.jar:/Users/farhanahmedsheikh/.m2/repository/io/netty/netty-transport-native-epoll/4.1.60.Final/netty-transport-native-epoll-4.1.60.Final-linux-x86_64.jar:/Users/farhanahmedsheikh/.m2/repository/io/netty/netty-transport-native-kqueue/4.1.60.Final/netty-transport-native-kqueue-4.1.60.Final-osx-x86_64.jar:/Users/farhanahmedsheikh/.m2/repository/org/reactivestreams/reactive-streams/1.0.3/reactive-streams-1.0.3.jar:/Users/farhanahmedsheikh/.m2/repository/com/typesafe/netty/netty-reactive-streams/2.0.4/netty-reactive-streams-2.0.4.jar:/Users/farhanahmedsheikh/.m2/repository/com/sun/activation/jakarta.activation/1.2.2/jakarta.activation-1.2.2.jar:/Users/farhanahmedsheikh/.m2/repository/org/seleniumhq/selenium/selenium-safari-driver/4.10.0/selenium-safari-driver-4.10.0.jar:/Users/farhanahmedsheikh/.m2/repository/org/seleniumhq/selenium/selenium-support/4.10.0/selenium-support-4.10.0.jar:/Users/farhanahmedsheikh/.m2/repository/io/github/bonigarcia/webdrivermanager/5.3.2/webdrivermanager-5.3.2.jar:/Users/farhanahmedsheikh/.m2/repository/org/slf4j/slf4j-api/2.0.6/slf4j-api-2.0.6.jar:/Users/farhanahmedsheikh/.m2/repository/com/google/code/gson/gson/2.10.1/gson-2.10.1.jar:/Users/farhanahmedsheikh/.m2/repository/com/github/docker-java/docker-java/3.2.14/docker-java-3.2.14.jar:/Users/farhanahmedsheikh/.m2/repository/com/github/docker-java/docker-java-core/3.2.14/docker-java-core-3.2.14.jar:/Users/farhanahmedsheikh/.m2/repository/com/github/docker-java/docker-java-api/3.2.14/docker-java-api-3.2.14.jar:/Users/farhanahmedsheikh/.m2/repository/com/fasterxml/jackson/core/jackson-annotations/2.10.3/jackson-annotations-2.10.3.jar:/Users/farhanahmedsheikh/.m2/repository/commons-io/commons-io/2.6/commons-io-2.6.jar:/Users/farhanahmedsheikh/.m2/repository/org/apache/commons/commons-compress/1.21/commons-compress-1.21.jar:/Users/farhanahmedsheikh/.m2/repository/com/fasterxml/jackson/core/jackson-databind/2.10.3/jackson-databind-2.10.3.jar:/Users/farhanahmedsheikh/.m2/repository/com/fasterxml/jackson/core/jackson-core/2.10.3/jackson-core-2.10.3.jar:/Users/farhanahmedsheikh/.m2/repository/org/bouncycastle/bcpkix-jdk15on/1.64/bcpkix-jdk15on-1.64.jar:/Users/farhanahmedsheikh/.m2/repository/org/bouncycastle/bcprov-jdk15on/1.64/bcprov-jdk15on-1.64.jar:/Users/farhanahmedsheikh/.m2/repository/org/slf4j/jcl-over-slf4j/1.7.30/jcl-over-slf4j-1.7.30.jar:/Users/farhanahmedsheikh/.m2/repository/com/github/docker-java/docker-java-transport-httpclient5/3.2.14/docker-java-transport-httpclient5-3.2.14.jar:/Users/farhanahmedsheikh/.m2/repository/com/github/docker-java/docker-java-transport/3.2.14/docker-java-transport-3.2.14.jar:/Users/farhanahmedsheikh/.m2/repository/net/java/dev/jna/jna/5.12.1/jna-5.12.1.jar:/Users/farhanahmedsheikh/.m2/repository/org/brotli/dec/0.1.2/dec-0.1.2.jar:/Users/farhanahmedsheikh/.m2/repository/org/apache/commons/commons-lang3/3.12.0/commons-lang3-3.12.0.jar:/Users/farhanahmedsheikh/.m2/repository/org/apache/httpcomponents/client5/httpclient5/5.2.1/httpclient5-5.2.1.jar:/Users/farhanahmedsheikh/.m2/repository/org/apache/httpcomponents/core5/httpcore5/5.2/httpcore5-5.2.jar:/Users/farhanahmedsheikh/.m2/repository/org/apache/httpcomponents/core5/httpcore5-h2/5.2/httpcore5-h2-5.2.jar:/Users/farhanahmedsheikh/.m2/repository/org/slf4j/slf4j-log4j12/1.7.26/slf4j-log4j12-1.7.26.jar:/Users/farhanahmedsheikh/.m2/repository/log4j/log4j/1.2.17/log4j-1.2.17.jar:/Users/farhanahmedsheikh/.m2/repository/io/qameta/allure/allure-testng/2.21.0/allure-testng-2.21.0.jar:/Users/farhanahmedsheikh/.m2/repository/io/qameta/allure/allure-java-commons/2.21.0/allure-java-commons-2.21.0.jar:/Users/farhanahmedsheikh/.m2/repository/io/qameta/allure/allure-model/2.21.0/allure-model-2.21.0.jar:/Users/farhanahmedsheikh/.m2/repository/io/qameta/allure/allure-test-filter/2.21.0/allure-test-filter-2.21.0.jar:/Users/farhanahmedsheikh/.m2/repository/com/github/stephenc/monte/monte-screen-recorder/0.7.7.0/monte-screen-recorder-0.7.7.0.jar:/Users/farhanahmedsheikh/.m2/repository/io/qameta/allure/allure-maven/2.8/allure-maven-2.8.jar:/Users/farhanahmedsheikh/.m2/repository/org/apache/httpcomponents/httpclient/4.5.3/httpclient-4.5.3.jar:/Users/farhanahmedsheikh/.m2/repository/org/apache/httpcomponents/httpcore/4.4.6/httpcore-4.4.6.jar:/Users/farhanahmedsheikh/.m2/repository/commons-logging/commons-logging/1.2/commons-logging-1.2.jar:/Users/farhanahmedsheikh/.m2/repository/commons-codec/commons-codec/1.9/commons-codec-1.9.jar:/Users/farhanahmedsheikh/.m2/repository/org/apache/maven/maven-core/3.3.9/maven-core-3.3.9.jar:/Users/farhanahmedsheikh/.m2/repository/org/apache/maven/maven-model/3.3.9/maven-model-3.3.9.jar:/Users/farhanahmedsheikh/.m2/repository/org/apache/maven/maven-settings/3.3.9/maven-settings-3.3.9.jar:/Users/farhanahmedsheikh/.m2/repository/org/apache/maven/maven-settings-builder/3.3.9/maven-settings-builder-3.3.9.jar:/Users/farhanahmedsheikh/.m2/repository/org/apache/maven/maven-builder-support/3.3.9/maven-builder-support-3.3.9.jar:/Users/farhanahmedsheikh/.m2/repository/org/apache/maven/maven-repository-metadata/3.3.9/maven-repository-metadata-3.3.9.jar:/Users/farhanahmedsheikh/.m2/repository/org/apache/maven/maven-artifact/3.3.9/maven-artifact-3.3.9.jar:/Users/farhanahmedsheikh/.m2/repository/org/apache/maven/maven-plugin-api/3.3.9/maven-plugin-api-3.3.9.jar:/Users/farhanahmedsheikh/.m2/repository/org/apache/maven/maven-model-builder/3.3.9/maven-model-builder-3.3.9.jar:/Users/farhanahmedsheikh/.m2/repository/org/apache/maven/maven-aether-provider/3.3.9/maven-aether-provider-3.3.9.jar:/Users/farhanahmedsheikh/.m2/repository/org/eclipse/aether/aether-spi/1.0.2.v20150114/aether-spi-1.0.2.v20150114.jar:/Users/farhanahmedsheikh/.m2/repository/org/eclipse/aether/aether-impl/1.0.2.v20150114/aether-impl-1.0.2.v20150114.jar:/Users/farhanahmedsheikh/.m2/repository/org/eclipse/aether/aether-api/1.0.2.v20150114/aether-api-1.0.2.v20150114.jar:/Users/farhanahmedsheikh/.m2/repository/org/eclipse/aether/aether-util/1.0.2.v20150114/aether-util-1.0.2.v20150114.jar:/Users/farhanahmedsheikh/.m2/repository/org/eclipse/sisu/org.eclipse.sisu.plexus/0.3.2/org.eclipse.sisu.plexus-0.3.2.jar:/Users/farhanahmedsheikh/.m2/repository/javax/enterprise/cdi-api/1.0/cdi-api-1.0.jar:/Users/farhanahmedsheikh/.m2/repository/javax/annotation/jsr250-api/1.0/jsr250-api-1.0.jar:/Users/farhanahmedsheikh/.m2/repository/org/eclipse/sisu/org.eclipse.sisu.inject/0.3.2/org.eclipse.sisu.inject-0.3.2.jar:/Users/farhanahmedsheikh/.m2/repository/com/google/inject/guice/4.0/guice-4.0-no_aop.jar:/Users/farhanahmedsheikh/.m2/repository/javax/inject/javax.inject/1/javax.inject-1.jar:/Users/farhanahmedsheikh/.m2/repository/aopalliance/aopalliance/1.0/aopalliance-1.0.jar:/Users/farhanahmedsheikh/.m2/repository/org/codehaus/plexus/plexus-interpolation/1.21/plexus-interpolation-1.21.jar:/Users/farhanahmedsheikh/.m2/repository/org/codehaus/plexus/plexus-utils/3.0.22/plexus-utils-3.0.22.jar:/Users/farhanahmedsheikh/.m2/repository/org/codehaus/plexus/plexus-classworlds/2.5.2/plexus-classworlds-2.5.2.jar:/Users/farhanahmedsheikh/.m2/repository/org/codehaus/plexus/plexus-component-annotations/1.6/plexus-component-annotations-1.6.jar:/Users/farhanahmedsheikh/.m2/repository/org/sonatype/plexus/plexus-sec-dispatcher/1.3/plexus-sec-dispatcher-1.3.jar:/Users/farhanahmedsheikh/.m2/repository/org/sonatype/plexus/plexus-cipher/1.4/plexus-cipher-1.4.jar:/Users/farhanahmedsheikh/.m2/repository/org/apache/maven/reporting/maven-reporting-impl/2.4/maven-reporting-impl-2.4.jar:/Users/farhanahmedsheikh/.m2/repository/org/apache/maven/reporting/maven-reporting-api/3.0/maven-reporting-api-3.0.jar:/Users/farhanahmedsheikh/.m2/repository/org/apache/maven/maven-project/2.2.1/maven-project-2.2.1.jar:/Users/farhanahmedsheikh/.m2/repository/org/apache/maven/maven-profile/2.2.1/maven-profile-2.2.1.jar:/Users/farhanahmedsheikh/.m2/repository/org/apache/maven/maven-artifact-manager/2.2.1/maven-artifact-manager-2.2.1.jar:/Users/farhanahmedsheikh/.m2/repository/backport-util-concurrent/backport-util-concurrent/3.1/backport-util-concurrent-3.1.jar:/Users/farhanahmedsheikh/.m2/repository/org/apache/maven/maven-plugin-registry/2.2.1/maven-plugin-registry-2.2.1.jar:/Users/farhanahmedsheikh/.m2/repository/org/codehaus/plexus/plexus-container-default/1.0-alpha-9-stable-1/plexus-container-default-1.0-alpha-9-stable-1.jar:/Users/farhanahmedsheikh/.m2/repository/junit/junit/3.8.1/junit-3.8.1.jar:/Users/farhanahmedsheikh/.m2/repository/classworlds/classworlds/1.1-alpha-2/classworlds-1.1-alpha-2.jar:/Users/farhanahmedsheikh/.m2/repository/org/apache/maven/shared/maven-shared-utils/0.6/maven-shared-utils-0.6.jar:/Users/farhanahmedsheikh/.m2/repository/org/apache/maven/doxia/doxia-sink-api/1.6/doxia-sink-api-1.6.jar:/Users/farhanahmedsheikh/.m2/repository/org/apache/maven/doxia/doxia-logging-api/1.6/doxia-logging-api-1.6.jar:/Users/farhanahmedsheikh/.m2/repository/org/apache/maven/doxia/doxia-core/1.6/doxia-core-1.6.jar:/Users/farhanahmedsheikh/.m2/repository/xerces/xercesImpl/2.9.1/xercesImpl-2.9.1.jar:/Users/farhanahmedsheikh/.m2/repository/commons-lang/commons-lang/2.4/commons-lang-2.4.jar:/Users/farhanahmedsheikh/.m2/repository/xmlunit/xmlunit/1.5/xmlunit-1.5.jar:/Users/farhanahmedsheikh/.m2/repository/org/apache/maven/doxia/doxia-site-renderer/1.6/doxia-site-renderer-1.6.jar:/Users/farhanahmedsheikh/.m2/repository/org/apache/maven/doxia/doxia-decoration-model/1.6/doxia-decoration-model-1.6.jar:/Users/farhanahmedsheikh/.m2/repository/org/apache/maven/doxia/doxia-module-xhtml/1.6/doxia-module-xhtml-1.6.jar:/Users/farhanahmedsheikh/.m2/repository/org/apache/maven/doxia/doxia-module-fml/1.6/doxia-module-fml-1.6.jar:/Users/farhanahmedsheikh/.m2/repository/org/codehaus/plexus/plexus-i18n/1.0-beta-7/plexus-i18n-1.0-beta-7.jar:/Users/farhanahmedsheikh/.m2/repository/org/codehaus/plexus/plexus-velocity/1.1.7/plexus-velocity-1.1.7.jar:/Users/farhanahmedsheikh/.m2/repository/org/apache/velocity/velocity-tools/2.0/velocity-tools-2.0.jar:/Users/farhanahmedsheikh/.m2/repository/commons-chain/commons-chain/1.1/commons-chain-1.1.jar:/Users/farhanahmedsheikh/.m2/repository/dom4j/dom4j/1.1/dom4j-1.1.jar:/Users/farhanahmedsheikh/.m2/repository/sslext/sslext/1.2-0/sslext-1.2-0.jar:/Users/farhanahmedsheikh/.m2/repository/org/apache/struts/struts-core/1.3.8/struts-core-1.3.8.jar:/Users/farhanahmedsheikh/.m2/repository/antlr/antlr/2.7.2/antlr-2.7.2.jar:/Users/farhanahmedsheikh/.m2/repository/org/apache/struts/struts-taglib/1.3.8/struts-taglib-1.3.8.jar:/Users/farhanahmedsheikh/.m2/repository/org/apache/struts/struts-tiles/1.3.8/struts-tiles-1.3.8.jar:/Users/farhanahmedsheikh/.m2/repository/commons-validator/commons-validator/1.4.1/commons-validator-1.4.1.jar:/Users/farhanahmedsheikh/.m2/repository/commons-digester/commons-digester/1.8.1/commons-digester-1.8.1.jar:/Users/farhanahmedsheikh/.m2/repository/commons-beanutils/commons-beanutils/1.9.3/commons-beanutils-1.9.3.jar:/Users/farhanahmedsheikh/.m2/repository/commons-collections/commons-collections/3.2.2/commons-collections-3.2.2.jar:/Users/farhanahmedsheikh/.m2/repository/net/lingala/zip4j/zip4j/1.3.2/zip4j-1.3.2.jar:/Users/farhanahmedsheikh/.m2/repository/org/apache/commons/commons-exec/1.3/commons-exec-1.3.jar:/Users/farhanahmedsheikh/.m2/repository/org/apache/maven/plugin-tools/maven-plugin-annotations/3.2/maven-plugin-annotations-3.2.jar:/Users/farhanahmedsheikh/.m2/repository/org/apache/maven/plugins/maven-jxr-plugin/2.5/maven-jxr-plugin-2.5.jar:/Users/farhanahmedsheikh/.m2/repository/org/apache/velocity/velocity/1.5/velocity-1.5.jar:/Users/farhanahmedsheikh/.m2/repository/oro/oro/2.0.8/oro-2.0.8.jar:/Users/farhanahmedsheikh/.m2/repository/org/apache/maven/maven-jxr/2.5/maven-jxr-2.5.jar:/Users/farhanahmedsheikh/.m2/repository/org/apache/maven/wagon/wagon-provider-api/1.0/wagon-provider-api-1.0.jar:/Users/farhanahmedsheikh/.m2/repository/xml-apis/xml-apis/1.0.b2/xml-apis-1.0.b2.jar:/Users/farhanahmedsheikh/.m2/repository/xalan/xalan/2.7.0/xalan-2.7.0.jar:/Users/farhanahmedsheikh/.m2/repository/org/aspectj/aspectjweaver/1.9.19/aspectjweaver-1.9.19.jar:/Users/farhanahmedsheikh/.m2/repository/org/testng/testng/6.14.3/testng-6.14.3.jar:/Users/farhanahmedsheikh/.m2/repository/com/beust/jcommander/1.72/jcommander-1.72.jar:/Users/farhanahmedsheikh/.m2/repository/org/apache-extras/beanshell/bsh/2.0b6/bsh-2.0b6.jar:/Users/farhanahmedsheikh/.m2/repository/org/apache/maven/surefire/surefire-testng-utils/2.21.0/surefire-testng-utils-2.21.0.jar:/Users/farhanahmedsheikh/.m2/repository/org/apache/maven/surefire/surefire-grouper/2.21.0/surefire-grouper-2.21.0.jar:"/>
    <property name="java.vm.vendor" value="Oracle Corporation"/>
    <property name="sun.arch.data.model" value="64"/>
    <property name="java.vendor.url" value="https://java.oracle.com/"/>
    <property name="os.name" value="Mac OS X"/>
    <property name="java.vm.specification.version" value="19"/>
    <property name="sun.java.launcher" value="SUN_STANDARD"/>
    <property name="user.country" value="PK"/>
    <property name="sun.boot.library.path" value="/Library/Java/JavaVirtualMachines/jdk-19.jdk/Contents/Home/lib"/>
    <property name="sun.java.command" value="/Users/farhanahmedsheikh/Documents/Projects/project/Webautomation/target/surefire/surefirebooter2411377662919775722.jar /Users/farhanahmedsheikh/Documents/Projects/project/Webautomation/target/surefire 2023-10-27T12-05-57_135-jvmRun1 surefire9559295814960546477tmp surefire_010925707370154134536tmp"/>
    <property name="jdk.debug" value="release"/>
    <property name="test" value="Regression_Suit"/>
    <property name="surefire.test.class.path" value="/Users/farhanahmedsheikh/Documents/Projects/project/Webautomation/target/test-classes:/Users/farhanahmedsheikh/Documents/Projects/project/Webautomation/target/classes:/Users/farhanahmedsheikh/.m2/repository/org/seleniumhq/selenium/selenium-java/4.10.0/selenium-java-4.10.0.jar:/Users/farhanahmedsheikh/.m2/repository/org/seleniumhq/selenium/selenium-api/4.10.0/selenium-api-4.10.0.jar:/Users/farhanahmedsheikh/.m2/repository/org/seleniumhq/selenium/selenium-chrome-driver/4.10.0/selenium-chrome-driver-4.10.0.jar:/Users/farhanahmedsheikh/.m2/repository/com/google/auto/service/auto-service-annotations/1.0.1/auto-service-annotations-1.0.1.jar:/Users/farhanahmedsheikh/.m2/repository/com/google/auto/service/auto-service/1.0.1/auto-service-1.0.1.jar:/Users/farhanahmedsheikh/.m2/repository/com/google/auto/auto-common/1.2/auto-common-1.2.jar:/Users/farhanahmedsheikh/.m2/repository/com/google/guava/guava/31.1-jre/guava-31.1-jre.jar:/Users/farhanahmedsheikh/.m2/repository/com/google/guava/failureaccess/1.0.1/failureaccess-1.0.1.jar:/Users/farhanahmedsheikh/.m2/repository/com/google/guava/listenablefuture/9999.0-empty-to-avoid-conflict-with-guava/listenablefuture-9999.0-empty-to-avoid-conflict-with-guava.jar:/Users/farhanahmedsheikh/.m2/repository/com/google/code/findbugs/jsr305/3.0.2/jsr305-3.0.2.jar:/Users/farhanahmedsheikh/.m2/repository/org/checkerframework/checker-qual/3.12.0/checker-qual-3.12.0.jar:/Users/farhanahmedsheikh/.m2/repository/com/google/errorprone/error_prone_annotations/2.11.0/error_prone_annotations-2.11.0.jar:/Users/farhanahmedsheikh/.m2/repository/com/google/j2objc/j2objc-annotations/1.3/j2objc-annotations-1.3.jar:/Users/farhanahmedsheikh/.m2/repository/org/seleniumhq/selenium/selenium-chromium-driver/4.10.0/selenium-chromium-driver-4.10.0.jar:/Users/farhanahmedsheikh/.m2/repository/org/seleniumhq/selenium/selenium-json/4.10.0/selenium-json-4.10.0.jar:/Users/farhanahmedsheikh/.m2/repository/org/seleniumhq/selenium/selenium-manager/4.10.0/selenium-manager-4.10.0.jar:/Users/farhanahmedsheikh/.m2/repository/org/seleniumhq/selenium/selenium-devtools-v112/4.10.0/selenium-devtools-v112-4.10.0.jar:/Users/farhanahmedsheikh/.m2/repository/org/seleniumhq/selenium/selenium-devtools-v113/4.10.0/selenium-devtools-v113-4.10.0.jar:/Users/farhanahmedsheikh/.m2/repository/org/seleniumhq/selenium/selenium-devtools-v114/4.10.0/selenium-devtools-v114-4.10.0.jar:/Users/farhanahmedsheikh/.m2/repository/org/seleniumhq/selenium/selenium-devtools-v85/4.10.0/selenium-devtools-v85-4.10.0.jar:/Users/farhanahmedsheikh/.m2/repository/org/seleniumhq/selenium/selenium-edge-driver/4.10.0/selenium-edge-driver-4.10.0.jar:/Users/farhanahmedsheikh/.m2/repository/org/seleniumhq/selenium/selenium-firefox-driver/4.10.0/selenium-firefox-driver-4.10.0.jar:/Users/farhanahmedsheikh/.m2/repository/org/seleniumhq/selenium/selenium-http/4.10.0/selenium-http-4.10.0.jar:/Users/farhanahmedsheikh/.m2/repository/dev/failsafe/failsafe/3.3.1/failsafe-3.3.1.jar:/Users/farhanahmedsheikh/.m2/repository/org/seleniumhq/selenium/selenium-ie-driver/4.10.0/selenium-ie-driver-4.10.0.jar:/Users/farhanahmedsheikh/.m2/repository/org/seleniumhq/selenium/selenium-remote-driver/4.10.0/selenium-remote-driver-4.10.0.jar:/Users/farhanahmedsheikh/.m2/repository/io/netty/netty-buffer/4.1.92.Final/netty-buffer-4.1.92.Final.jar:/Users/farhanahmedsheikh/.m2/repository/io/netty/netty-codec-http/4.1.92.Final/netty-codec-http-4.1.92.Final.jar:/Users/farhanahmedsheikh/.m2/repository/io/netty/netty-codec/4.1.92.Final/netty-codec-4.1.92.Final.jar:/Users/farhanahmedsheikh/.m2/repository/io/netty/netty-handler/4.1.92.Final/netty-handler-4.1.92.Final.jar:/Users/farhanahmedsheikh/.m2/repository/io/netty/netty-common/4.1.92.Final/netty-common-4.1.92.Final.jar:/Users/farhanahmedsheikh/.m2/repository/io/netty/netty-transport-classes-epoll/4.1.92.Final/netty-transport-classes-epoll-4.1.92.Final.jar:/Users/farhanahmedsheikh/.m2/repository/io/netty/netty-transport-classes-kqueue/4.1.92.Final/netty-transport-classes-kqueue-4.1.92.Final.jar:/Users/farhanahmedsheikh/.m2/repository/io/netty/netty-transport-native-epoll/4.1.92.Final/netty-transport-native-epoll-4.1.92.Final.jar:/Users/farhanahmedsheikh/.m2/repository/io/netty/netty-transport-native-kqueue/4.1.92.Final/netty-transport-native-kqueue-4.1.92.Final.jar:/Users/farhanahmedsheikh/.m2/repository/io/netty/netty-transport-native-unix-common/4.1.92.Final/netty-transport-native-unix-common-4.1.92.Final.jar:/Users/farhanahmedsheikh/.m2/repository/io/netty/netty-transport/4.1.92.Final/netty-transport-4.1.92.Final.jar:/Users/farhanahmedsheikh/.m2/repository/io/netty/netty-resolver/4.1.92.Final/netty-resolver-4.1.92.Final.jar:/Users/farhanahmedsheikh/.m2/repository/io/opentelemetry/opentelemetry-api/1.26.0/opentelemetry-api-1.26.0.jar:/Users/farhanahmedsheikh/.m2/repository/io/opentelemetry/opentelemetry-context/1.26.0/opentelemetry-context-1.26.0.jar:/Users/farhanahmedsheikh/.m2/repository/io/opentelemetry/opentelemetry-exporter-logging/1.26.0/opentelemetry-exporter-logging-1.26.0.jar:/Users/farhanahmedsheikh/.m2/repository/io/opentelemetry/opentelemetry-sdk-metrics/1.26.0/opentelemetry-sdk-metrics-1.26.0.jar:/Users/farhanahmedsheikh/.m2/repository/io/opentelemetry/opentelemetry-extension-incubator/1.26.0-alpha/opentelemetry-extension-incubator-1.26.0-alpha.jar:/Users/farhanahmedsheikh/.m2/repository/io/opentelemetry/opentelemetry-sdk-logs/1.26.0-alpha/opentelemetry-sdk-logs-1.26.0-alpha.jar:/Users/farhanahmedsheikh/.m2/repository/io/opentelemetry/opentelemetry-api-logs/1.26.0-alpha/opentelemetry-api-logs-1.26.0-alpha.jar:/Users/farhanahmedsheikh/.m2/repository/io/opentelemetry/opentelemetry-api-events/1.26.0-alpha/opentelemetry-api-events-1.26.0-alpha.jar:/Users/farhanahmedsheikh/.m2/repository/io/opentelemetry/opentelemetry-sdk-common/1.26.0/opentelemetry-sdk-common-1.26.0.jar:/Users/farhanahmedsheikh/.m2/repository/io/opentelemetry/opentelemetry-sdk-extension-autoconfigure-spi/1.26.0/opentelemetry-sdk-extension-autoconfigure-spi-1.26.0.jar:/Users/farhanahmedsheikh/.m2/repository/io/opentelemetry/opentelemetry-sdk-extension-autoconfigure/1.26.0-alpha/opentelemetry-sdk-extension-autoconfigure-1.26.0-alpha.jar:/Users/farhanahmedsheikh/.m2/repository/io/opentelemetry/opentelemetry-sdk-trace/1.26.0/opentelemetry-sdk-trace-1.26.0.jar:/Users/farhanahmedsheikh/.m2/repository/io/opentelemetry/opentelemetry-sdk/1.26.0/opentelemetry-sdk-1.26.0.jar:/Users/farhanahmedsheikh/.m2/repository/io/opentelemetry/opentelemetry-semconv/1.26.0-alpha/opentelemetry-semconv-1.26.0-alpha.jar:/Users/farhanahmedsheikh/.m2/repository/net/bytebuddy/byte-buddy/1.14.4/byte-buddy-1.14.4.jar:/Users/farhanahmedsheikh/.m2/repository/org/asynchttpclient/async-http-client/2.12.3/async-http-client-2.12.3.jar:/Users/farhanahmedsheikh/.m2/repository/org/asynchttpclient/async-http-client-netty-utils/2.12.3/async-http-client-netty-utils-2.12.3.jar:/Users/farhanahmedsheikh/.m2/repository/io/netty/netty-codec-socks/4.1.60.Final/netty-codec-socks-4.1.60.Final.jar:/Users/farhanahmedsheikh/.m2/repository/io/netty/netty-handler-proxy/4.1.60.Final/netty-handler-proxy-4.1.60.Final.jar:/Users/farhanahmedsheikh/.m2/repository/io/netty/netty-transport-native-epoll/4.1.60.Final/netty-transport-native-epoll-4.1.60.Final-linux-x86_64.jar:/Users/farhanahmedsheikh/.m2/repository/io/netty/netty-transport-native-kqueue/4.1.60.Final/netty-transport-native-kqueue-4.1.60.Final-osx-x86_64.jar:/Users/farhanahmedsheikh/.m2/repository/org/reactivestreams/reactive-streams/1.0.3/reactive-streams-1.0.3.jar:/Users/farhanahmedsheikh/.m2/repository/com/typesafe/netty/netty-reactive-streams/2.0.4/netty-reactive-streams-2.0.4.jar:/Users/farhanahmedsheikh/.m2/repository/com/sun/activation/jakarta.activation/1.2.2/jakarta.activation-1.2.2.jar:/Users/farhanahmedsheikh/.m2/repository/org/seleniumhq/selenium/selenium-safari-driver/4.10.0/selenium-safari-driver-4.10.0.jar:/Users/farhanahmedsheikh/.m2/repository/org/seleniumhq/selenium/selenium-support/4.10.0/selenium-support-4.10.0.jar:/Users/farhanahmedsheikh/.m2/repository/io/github/bonigarcia/webdrivermanager/5.3.2/webdrivermanager-5.3.2.jar:/Users/farhanahmedsheikh/.m2/repository/org/slf4j/slf4j-api/2.0.6/slf4j-api-2.0.6.jar:/Users/farhanahmedsheikh/.m2/repository/com/google/code/gson/gson/2.10.1/gson-2.10.1.jar:/Users/farhanahmedsheikh/.m2/repository/com/github/docker-java/docker-java/3.2.14/docker-java-3.2.14.jar:/Users/farhanahmedsheikh/.m2/repository/com/github/docker-java/docker-java-core/3.2.14/docker-java-core-3.2.14.jar:/Users/farhanahmedsheikh/.m2/repository/com/github/docker-java/docker-java-api/3.2.14/docker-java-api-3.2.14.jar:/Users/farhanahmedsheikh/.m2/repository/com/fasterxml/jackson/core/jackson-annotations/2.10.3/jackson-annotations-2.10.3.jar:/Users/farhanahmedsheikh/.m2/repository/commons-io/commons-io/2.6/commons-io-2.6.jar:/Users/farhanahmedsheikh/.m2/repository/org/apache/commons/commons-compress/1.21/commons-compress-1.21.jar:/Users/farhanahmedsheikh/.m2/repository/com/fasterxml/jackson/core/jackson-databind/2.10.3/jackson-databind-2.10.3.jar:/Users/farhanahmedsheikh/.m2/repository/com/fasterxml/jackson/core/jackson-core/2.10.3/jackson-core-2.10.3.jar:/Users/farhanahmedsheikh/.m2/repository/org/bouncycastle/bcpkix-jdk15on/1.64/bcpkix-jdk15on-1.64.jar:/Users/farhanahmedsheikh/.m2/repository/org/bouncycastle/bcprov-jdk15on/1.64/bcprov-jdk15on-1.64.jar:/Users/farhanahmedsheikh/.m2/repository/org/slf4j/jcl-over-slf4j/1.7.30/jcl-over-slf4j-1.7.30.jar:/Users/farhanahmedsheikh/.m2/repository/com/github/docker-java/docker-java-transport-httpclient5/3.2.14/docker-java-transport-httpclient5-3.2.14.jar:/Users/farhanahmedsheikh/.m2/repository/com/github/docker-java/docker-java-transport/3.2.14/docker-java-transport-3.2.14.jar:/Users/farhanahmedsheikh/.m2/repository/net/java/dev/jna/jna/5.12.1/jna-5.12.1.jar:/Users/farhanahmedsheikh/.m2/repository/org/brotli/dec/0.1.2/dec-0.1.2.jar:/Users/farhanahmedsheikh/.m2/repository/org/apache/commons/commons-lang3/3.12.0/commons-lang3-3.12.0.jar:/Users/farhanahmedsheikh/.m2/repository/org/apache/httpcomponents/client5/httpclient5/5.2.1/httpclient5-5.2.1.jar:/Users/farhanahmedsheikh/.m2/repository/org/apache/httpcomponents/core5/httpcore5/5.2/httpcore5-5.2.jar:/Users/farhanahmedsheikh/.m2/repository/org/apache/httpcomponents/core5/httpcore5-h2/5.2/httpcore5-h2-5.2.jar:/Users/farhanahmedsheikh/.m2/repository/org/slf4j/slf4j-log4j12/1.7.26/slf4j-log4j12-1.7.26.jar:/Users/farhanahmedsheikh/.m2/repository/log4j/log4j/1.2.17/log4j-1.2.17.jar:/Users/farhanahmedsheikh/.m2/repository/io/qameta/allure/allure-testng/2.21.0/allure-testng-2.21.0.jar:/Users/farhanahmedsheikh/.m2/repository/io/qameta/allure/allure-java-commons/2.21.0/allure-java-commons-2.21.0.jar:/Users/farhanahmedsheikh/.m2/repository/io/qameta/allure/allure-model/2.21.0/allure-model-2.21.0.jar:/Users/farhanahmedsheikh/.m2/repository/io/qameta/allure/allure-test-filter/2.21.0/allure-test-filter-2.21.0.jar:/Users/farhanahmedsheikh/.m2/repository/com/github/stephenc/monte/monte-screen-recorder/0.7.7.0/monte-screen-recorder-0.7.7.0.jar:/Users/farhanahmedsheikh/.m2/repository/io/qameta/allure/allure-maven/2.8/allure-maven-2.8.jar:/Users/farhanahmedsheikh/.m2/repository/org/apache/httpcomponents/httpclient/4.5.3/httpclient-4.5.3.jar:/Users/farhanahmedsheikh/.m2/repository/org/apache/httpcomponents/httpcore/4.4.6/httpcore-4.4.6.jar:/Users/farhanahmedsheikh/.m2/repository/commons-logging/commons-logging/1.2/commons-logging-1.2.jar:/Users/farhanahmedsheikh/.m2/repository/commons-codec/commons-codec/1.9/commons-codec-1.9.jar:/Users/farhanahmedsheikh/.m2/repository/org/apache/maven/maven-core/3.3.9/maven-core-3.3.9.jar:/Users/farhanahmedsheikh/.m2/repository/org/apache/maven/maven-model/3.3.9/maven-model-3.3.9.jar:/Users/farhanahmedsheikh/.m2/repository/org/apache/maven/maven-settings/3.3.9/maven-settings-3.3.9.jar:/Users/farhanahmedsheikh/.m2/repository/org/apache/maven/maven-settings-builder/3.3.9/maven-settings-builder-3.3.9.jar:/Users/farhanahmedsheikh/.m2/repository/org/apache/maven/maven-builder-support/3.3.9/maven-builder-support-3.3.9.jar:/Users/farhanahmedsheikh/.m2/repository/org/apache/maven/maven-repository-metadata/3.3.9/maven-repository-metadata-3.3.9.jar:/Users/farhanahmedsheikh/.m2/repository/org/apache/maven/maven-artifact/3.3.9/maven-artifact-3.3.9.jar:/Users/farhanahmedsheikh/.m2/repository/org/apache/maven/maven-plugin-api/3.3.9/maven-plugin-api-3.3.9.jar:/Users/farhanahmedsheikh/.m2/repository/org/apache/maven/maven-model-builder/3.3.9/maven-model-builder-3.3.9.jar:/Users/farhanahmedsheikh/.m2/repository/org/apache/maven/maven-aether-provider/3.3.9/maven-aether-provider-3.3.9.jar:/Users/farhanahmedsheikh/.m2/repository/org/eclipse/aether/aether-spi/1.0.2.v20150114/aether-spi-1.0.2.v20150114.jar:/Users/farhanahmedsheikh/.m2/repository/org/eclipse/aether/aether-impl/1.0.2.v20150114/aether-impl-1.0.2.v20150114.jar:/Users/farhanahmedsheikh/.m2/repository/org/eclipse/aether/aether-api/1.0.2.v20150114/aether-api-1.0.2.v20150114.jar:/Users/farhanahmedsheikh/.m2/repository/org/eclipse/aether/aether-util/1.0.2.v20150114/aether-util-1.0.2.v20150114.jar:/Users/farhanahmedsheikh/.m2/repository/org/eclipse/sisu/org.eclipse.sisu.plexus/0.3.2/org.eclipse.sisu.plexus-0.3.2.jar:/Users/farhanahmedsheikh/.m2/repository/javax/enterprise/cdi-api/1.0/cdi-api-1.0.jar:/Users/farhanahmedsheikh/.m2/repository/javax/annotation/jsr250-api/1.0/jsr250-api-1.0.jar:/Users/farhanahmedsheikh/.m2/repository/org/eclipse/sisu/org.eclipse.sisu.inject/0.3.2/org.eclipse.sisu.inject-0.3.2.jar:/Users/farhanahmedsheikh/.m2/repository/com/google/inject/guice/4.0/guice-4.0-no_aop.jar:/Users/farhanahmedsheikh/.m2/repository/javax/inject/javax.inject/1/javax.inject-1.jar:/Users/farhanahmedsheikh/.m2/repository/aopalliance/aopalliance/1.0/aopalliance-1.0.jar:/Users/farhanahmedsheikh/.m2/repository/org/codehaus/plexus/plexus-interpolation/1.21/plexus-interpolation-1.21.jar:/Users/farhanahmedsheikh/.m2/repository/org/codehaus/plexus/plexus-utils/3.0.22/plexus-utils-3.0.22.jar:/Users/farhanahmedsheikh/.m2/repository/org/codehaus/plexus/plexus-classworlds/2.5.2/plexus-classworlds-2.5.2.jar:/Users/farhanahmedsheikh/.m2/repository/org/codehaus/plexus/plexus-component-annotations/1.6/plexus-component-annotations-1.6.jar:/Users/farhanahmedsheikh/.m2/repository/org/sonatype/plexus/plexus-sec-dispatcher/1.3/plexus-sec-dispatcher-1.3.jar:/Users/farhanahmedsheikh/.m2/repository/org/sonatype/plexus/plexus-cipher/1.4/plexus-cipher-1.4.jar:/Users/farhanahmedsheikh/.m2/repository/org/apache/maven/reporting/maven-reporting-impl/2.4/maven-reporting-impl-2.4.jar:/Users/farhanahmedsheikh/.m2/repository/org/apache/maven/reporting/maven-reporting-api/3.0/maven-reporting-api-3.0.jar:/Users/farhanahmedsheikh/.m2/repository/org/apache/maven/maven-project/2.2.1/maven-project-2.2.1.jar:/Users/farhanahmedsheikh/.m2/repository/org/apache/maven/maven-profile/2.2.1/maven-profile-2.2.1.jar:/Users/farhanahmedsheikh/.m2/repository/org/apache/maven/maven-artifact-manager/2.2.1/maven-artifact-manager-2.2.1.jar:/Users/farhanahmedsheikh/.m2/repository/backport-util-concurrent/backport-util-concurrent/3.1/backport-util-concurrent-3.1.jar:/Users/farhanahmedsheikh/.m2/repository/org/apache/maven/maven-plugin-registry/2.2.1/maven-plugin-registry-2.2.1.jar:/Users/farhanahmedsheikh/.m2/repository/org/codehaus/plexus/plexus-container-default/1.0-alpha-9-stable-1/plexus-container-default-1.0-alpha-9-stable-1.jar:/Users/farhanahmedsheikh/.m2/repository/junit/junit/3.8.1/junit-3.8.1.jar:/Users/farhanahmedsheikh/.m2/repository/classworlds/classworlds/1.1-alpha-2/classworlds-1.1-alpha-2.jar:/Users/farhanahmedsheikh/.m2/repository/org/apache/maven/shared/maven-shared-utils/0.6/maven-shared-utils-0.6.jar:/Users/farhanahmedsheikh/.m2/repository/org/apache/maven/doxia/doxia-sink-api/1.6/doxia-sink-api-1.6.jar:/Users/farhanahmedsheikh/.m2/repository/org/apache/maven/doxia/doxia-logging-api/1.6/doxia-logging-api-1.6.jar:/Users/farhanahmedsheikh/.m2/repository/org/apache/maven/doxia/doxia-core/1.6/doxia-core-1.6.jar:/Users/farhanahmedsheikh/.m2/repository/xerces/xercesImpl/2.9.1/xercesImpl-2.9.1.jar:/Users/farhanahmedsheikh/.m2/repository/commons-lang/commons-lang/2.4/commons-lang-2.4.jar:/Users/farhanahmedsheikh/.m2/repository/xmlunit/xmlunit/1.5/xmlunit-1.5.jar:/Users/farhanahmedsheikh/.m2/repository/org/apache/maven/doxia/doxia-site-renderer/1.6/doxia-site-renderer-1.6.jar:/Users/farhanahmedsheikh/.m2/repository/org/apache/maven/doxia/doxia-decoration-model/1.6/doxia-decoration-model-1.6.jar:/Users/farhanahmedsheikh/.m2/repository/org/apache/maven/doxia/doxia-module-xhtml/1.6/doxia-module-xhtml-1.6.jar:/Users/farhanahmedsheikh/.m2/repository/org/apache/maven/doxia/doxia-module-fml/1.6/doxia-module-fml-1.6.jar:/Users/farhanahmedsheikh/.m2/repository/org/codehaus/plexus/plexus-i18n/1.0-beta-7/plexus-i18n-1.0-beta-7.jar:/Users/farhanahmedsheikh/.m2/repository/org/codehaus/plexus/plexus-velocity/1.1.7/plexus-velocity-1.1.7.jar:/Users/farhanahmedsheikh/.m2/repository/org/apache/velocity/velocity-tools/2.0/velocity-tools-2.0.jar:/Users/farhanahmedsheikh/.m2/repository/commons-chain/commons-chain/1.1/commons-chain-1.1.jar:/Users/farhanahmedsheikh/.m2/repository/dom4j/dom4j/1.1/dom4j-1.1.jar:/Users/farhanahmedsheikh/.m2/repository/sslext/sslext/1.2-0/sslext-1.2-0.jar:/Users/farhanahmedsheikh/.m2/repository/org/apache/struts/struts-core/1.3.8/struts-core-1.3.8.jar:/Users/farhanahmedsheikh/.m2/repository/antlr/antlr/2.7.2/antlr-2.7.2.jar:/Users/farhanahmedsheikh/.m2/repository/org/apache/struts/struts-taglib/1.3.8/struts-taglib-1.3.8.jar:/Users/farhanahmedsheikh/.m2/repository/org/apache/struts/struts-tiles/1.3.8/struts-tiles-1.3.8.jar:/Users/farhanahmedsheikh/.m2/repository/commons-validator/commons-validator/1.4.1/commons-validator-1.4.1.jar:/Users/farhanahmedsheikh/.m2/repository/commons-digester/commons-digester/1.8.1/commons-digester-1.8.1.jar:/Users/farhanahmedsheikh/.m2/repository/commons-beanutils/commons-beanutils/1.9.3/commons-beanutils-1.9.3.jar:/Users/farhanahmedsheikh/.m2/repository/commons-collections/commons-collections/3.2.2/commons-collections-3.2.2.jar:/Users/farhanahmedsheikh/.m2/repository/net/lingala/zip4j/zip4j/1.3.2/zip4j-1.3.2.jar:/Users/farhanahmedsheikh/.m2/repository/org/apache/commons/commons-exec/1.3/commons-exec-1.3.jar:/Users/farhanahmedsheikh/.m2/repository/org/apache/maven/plugin-tools/maven-plugin-annotations/3.2/maven-plugin-annotations-3.2.jar:/Users/farhanahmedsheikh/.m2/repository/org/apache/maven/plugins/maven-jxr-plugin/2.5/maven-jxr-plugin-2.5.jar:/Users/farhanahmedsheikh/.m2/repository/org/apache/velocity/velocity/1.5/velocity-1.5.jar:/Users/farhanahmedsheikh/.m2/repository/oro/oro/2.0.8/oro-2.0.8.jar:/Users/farhanahmedsheikh/.m2/repository/org/apache/maven/maven-jxr/2.5/maven-jxr-2.5.jar:/Users/farhanahmedsheikh/.m2/repository/org/apache/maven/wagon/wagon-provider-api/1.0/wagon-provider-api-1.0.jar:/Users/farhanahmedsheikh/.m2/repository/xml-apis/xml-apis/1.0.b2/xml-apis-1.0.b2.jar:/Users/farhanahmedsheikh/.m2/repository/xalan/xalan/2.7.0/xalan-2.7.0.jar:/Users/farhanahmedsheikh/.m2/repository/org/aspectj/aspectjweaver/1.9.19/aspectjweaver-1.9.19.jar:/Users/farhanahmedsheikh/.m2/repository/org/testng/testng/6.14.3/testng-6.14.3.jar:/Users/farhanahmedsheikh/.m2/repository/com/beust/jcommander/1.72/jcommander-1.72.jar:/Users/farhanahmedsheikh/.m2/repository/org/apache-extras/beanshell/bsh/2.0b6/bsh-2.0b6.jar:/Users/farhanahmedsheikh/.m2/repository/org/apache/maven/surefire/surefire-testng-utils/2.21.0/surefire-testng-utils-2.21.0.jar:/Users/farhanahmedsheikh/.m2/repository/org/apache/maven/surefire/surefire-grouper/2.21.0/surefire-grouper-2.21.0.jar:"/>
    <property name="sun.cpu.endian" value="little"/>
    <property name="user.home" value="/Users/farhanahmedsheikh"/>
    <property name="user.language" value="en"/>
    <property name="java.specification.vendor" value="Oracle Corporation"/>
    <property name="java.version.date" value="2022-10-18"/>
    <property name="java.home" value="/Library/Java/JavaVirtualMachines/jdk-19.jdk/Contents/Home"/>
    <property name="venture" value="BD"/>
    <property name="file.separator" value="/"/>
    <property name="basedir" value="/Users/farhanahmedsheikh/Documents/Projects/project/Webautomation"/>
    <property name="java.vm.compressedOopsMode" value="Zero based"/>
    <property name="line.separator" value="&#10;"/>
    <property name="java.vm.specification.vendor" value="Oracle Corporation"/>
    <property name="java.specification.name" value="Java Platform API Specification"/>
    <property name="apple.awt.application.name" value="ForkedBooter"/>
    <property name="surefire.real.class.path" value="/Users/farhanahmedsheikh/Documents/Projects/project/Webautomation/target/surefire/surefirebooter2411377662919775722.jar"/>
    <property name="sun.management.compiler" value="HotSpot 64-Bit Tiered Compilers"/>
    <property name="java.runtime.version" value="19.0.1+10-21"/>
    <property name="user.name" value="farhanahmedsheikh"/>
    <property name="stdout.encoding" value="US-ASCII"/>
    <property name="path.separator" value=":"/>
    <property name="os.version" value="13.5.1"/>
    <property name="java.runtime.name" value="Java(TM) SE Runtime Environment"/>
    <property name="file.encoding" value="UTF-8"/>
    <property name="java.vm.name" value="Java HotSpot(TM) 64-Bit Server VM"/>
    <property name="localRepository" value="/Users/farhanahmedsheikh/.m2/repository"/>
    <property name="java.vendor.url.bug" value="https://bugreport.java.com/bugreport/"/>
    <property name="java.io.tmpdir" value="/var/folders/cn/t8j6szvx4_nggkc90whr_ccr0000gp/T/"/>
    <property name="java.version" value="19.0.1"/>
    <property name="user.dir" value="/Users/farhanahmedsheikh/Documents/Projects/project/Webautomation"/>
    <property name="os.arch" value="aarch64"/>
    <property name="java.vm.specification.name" value="Java Virtual Machine Specification"/>
    <property name="native.encoding" value="US-ASCII"/>
    <property name="java.library.path" value="/Users/farhanahmedsheikh/Library/Java/Extensions:/Library/Java/Extensions:/Network/Library/Java/Extensions:/System/Library/Java/Extensions:/usr/lib/java:."/>
    <property name="java.vm.info" value="mixed mode, sharing"/>
    <property name="stderr.encoding" value="US-ASCII"/>
    <property name="java.vendor" value="Oracle Corporation"/>
    <property name="java.vm.version" value="19.0.1+10-21"/>
    <property name="sun.io.unicode.encoding" value="UnicodeBig"/>
    <property name="java.class.version" value="63.0"/>
  </properties>
  <testcase name="CheckLogin_Text" classname="Tests.Regression_Suit" time="0.13"/>
  <testcase name="Checklogo" classname="Tests.Regression_Suit" time="0.043"/>
  <testcase name="verifyfooter_text" classname="Tests.Regression_Suit" time="0.028"/>
  <testcase name="verify_case6" classname="Tests.Regression_Suit" time="1.466"/>
  <testcase name="verify_Case5" classname="Tests.Regression_Suit" time="2.583"/>
  <testcase name="verify_Case4" classname="Tests.Regression_Suit" time="1.505"/>
  <testcase name="verify_Case3" classname="Tests.Regression_Suit" time="0.862"/>
  <testcase name="Empty_Login_and_Verify_username_validation" classname="Tests.Regression_Suit" time="0.288"/>
  <testcase name="verify_sucessful_login" classname="Tests.Regression_Suit" time="7.459"/>
  <testcase name="change_venture" classname="Tests.Regression_Suit" time="2.404"/>
  <testcase name="left_menu_scraper_selection" classname="Tests.Regression_Suit" time="2.02"/>
  <testcase name="verify_pagetitle" classname="Tests.Regression_Suit" time="0.063"/>
  <testcase name="get_table_data_before_job_start" classname="Tests.Regression_Suit" time="90.948"/>
  <testcase name="check_cancel_button" classname="Tests.Regression_Suit" time="4.495"/>
  <testcase name="Start_Scraping_Jobs" classname="Tests.Regression_Suit" time="3.021"/>
  <testcase name="Success_msg" classname="Tests.Regression_Suit" time="0.571"/>
  <testcase name="getandcomparedata" classname="Tests.Regression_Suit" time="59.314">
    <failure message="expected [387] but found [386]" type="java.lang.AssertionError">java.lang.AssertionError: expected [387] but found [386]
	at Tests.Regression_Suit.getandcomparedata(Regression_Suit.java:191)
</failure>
    <system-out><![CDATA[

****************
Success_msg     
1

****************

386
]]></system-out>
  </testcase>
  <testcase name="verify_select20records" classname="Tests.Regression_Suit" time="25.515"/>
  <testcase name="click_daraz_pricing_database_module" classname="Tests.Regression_Suit" time="9.409"/>
  <testcase name="get_sku_id" classname="Tests.Regression_Suit" time="1.543"/>
  <testcase name="verify_search_sku_name_lower_case" classname="Tests.Regression_Suit" time="99.431"/>
  <testcase name="verify_search_sku_name_upper_case" classname="Tests.Regression_Suit" time="99.346"/>
  <testcase name="verify_search_sku_id_and_name" classname="Tests.Regression_Suit" time="23.063"/>
  <testcase name="verify_search_sku_id" classname="Tests.Regression_Suit" time="18.503"/>
  <testcase name="filter_verify_option" classname="Tests.Regression_Suit" time="0.039"/>
  <testcase name="filter_by_defualt_option_all" classname="Tests.Regression_Suit" time="9.443"/>
  <testcase name="filter_by_higher_than" classname="Tests.Regression_Suit" time="16.843"/>
  <testcase name="filter_by_lower_than" classname="Tests.Regression_Suit" time="16.865"/>
  <testcase name="dpd_verify_view_matched_item_data" classname="Tests.Regression_Suit" time="3.869"/>
  <testcase name="dpd_verify_view_matched_item_data_7th_row" classname="Tests.Regression_Suit" time="2.683"/>
  <testcase name="dpdp_mark_inaccurate" classname="Tests.Regression_Suit" time="9.355"/>
  <testcase name="dpdp_mark_verified" classname="Tests.Regression_Suit" time="13.646"/>
  <testcase name="dpdp_verify_mark_inaccurate_dropdown" classname="Tests.Regression_Suit" time="5.783"/>
  <testcase name="dpdp_click_add_competitor_sku_verify_popup" classname="Tests.Regression_Suit" time="1.892"/>
  <testcase name="dpdp_click_cancel_popup" classname="Tests.Regression_Suit" time="3.967"/>
  <testcase name="dpdp_verify_online_selection" classname="Tests.Regression_Suit" time="1.912"/>
  <testcase name="dpdp_add_online_competitor_sku_match_valid_url" classname="Tests.Regression_Suit" time="7.316">
    <failure message="The following asserts failed:&#10;	expected [Scraping Process Started] but found [Error! Scraping Process Failed]" type="java.lang.AssertionError">java.lang.AssertionError: 
The following asserts failed:
	expected [Scraping Process Started] but found [Error! Scraping Process Failed]
	at Tests.Regression_Suit.dpdp_add_online_competitor_sku_match_valid_url(Regression_Suit.java:1106)
</failure>
    <system-out><![CDATA[

****************
dpdp_verify_online_selection     
1

****************

]]></system-out>
  </testcase>
  <testcase name="dpdp_verify_online_match_added" classname="Tests.Regression_Suit" time="9.174"/>
  <testcase name="dpdp_add_online_competitor_sku_invalid_url" classname="Tests.Regression_Suit" time="11.802"/>
  <testcase name="dpdp_verify_add_sku_btn_disable_on_popup_display" classname="Tests.Regression_Suit" time="9.006"/>
  <testcase name="dpdp_verify_add_sku_btn_disable_on_competitor_select" classname="Tests.Regression_Suit" time="9.074"/>
  <testcase name="dpdp_verify_add_sku_btn_disable_on_add_url" classname="Tests.Regression_Suit" time="9.213"/>
  <testcase name="dpdp_verify_offline_selection" classname="Tests.Regression_Suit" time="9.841"/>
  <testcase name="dpdp_add_offline_competitor_sku_match_valid_data_verify_button_disabled_on_sku_name" classname="Tests.Regression_Suit" time="9.139"/>
  <testcase name="dpdp_add_offline_competitor_sku_match_valid_data_verify_button_disabled_on_sku_name_and_competitor_name" classname="Tests.Regression_Suit" time="9.218"/>
  <testcase name="dpdp_add_offline_competitor_sku_match_valid_data_verify_button_disabled_on_sku_name_and_competitor_name_and_price" classname="Tests.Regression_Suit" time="9.225"/>
  <testcase name="dpdp_add_offline_competitor_sku_match_valid_data_verify_button_disabled_on_sku_name_and_competitor_name_and_l1_category" classname="Tests.Regression_Suit" time="9.289"/>
  <testcase name="dpdp_add_offline_competitor_sku_match_valid_data_verify_button_enabled" classname="Tests.Regression_Suit" time="9.348"/>
  <testcase name="dpdp_add_offline_competitor_sku_match_valid_data_click_add_sku_button" classname="Tests.Regression_Suit" time="9.889"/>
  <testcase name="dpdp_verify_offline_competitor_sku_match_added_verify_competitor_sku" classname="Tests.Regression_Suit" time="9.131"/>
  <testcase name="dpdp_verify_offline_competitor_sku_match_added_verify_competitor_name" classname="Tests.Regression_Suit" time="9.069"/>
  <testcase name="dpdp_verify_offline_competitor_sku_match_added_verify_competitor_price" classname="Tests.Regression_Suit" time="9.04"/>
  <testcase name="dpdp_verify_offline_competitor_sku_match_added_verify_competitor_category" classname="Tests.Regression_Suit" time="9.06"/>
  <testcase name="dpdp_verify_database_tab_selection" classname="Tests.Regression_Suit" time="9.086"/>
  <testcase name="dpdp_verify_database_tab_add_btn_disabled" classname="Tests.Regression_Suit" time="9.579"/>
  <testcase name="dpdp_verify_search_btn_disabled" classname="Tests.Regression_Suit" time="9.022"/>
  <testcase name="dpdp_verify_cancel_icon_database_tab" classname="Tests.Regression_Suit" time="11.4"/>
  <testcase name="dpdp_verify_cancel_button_database_tab" classname="Tests.Regression_Suit" time="11.892"/>
  <testcase name="dpdp_verify_search_btn_enabled_on_filter_selection" classname="Tests.Regression_Suit" time="9.614"/>
  <testcase name="dpdp_verify_filter_competitor_name" classname="Tests.Regression_Suit" time="9.081"/>
  <testcase name="dpdp_verify_data_on_filter_by_chaldal_database_tab" classname="Tests.Regression_Suit" time="13.473"/>
  <testcase name="dpdp_verify_data_on_filter_by_pandamart_database_tab" classname="Tests.Regression_Suit" time="13.533"/>
  <testcase name="dpdp_verify_data_on_filter_by_pickaboo_database_tab" classname="Tests.Regression_Suit" time="13.429"/>
  <testcase name="dpdp_verify_data_on_filter_by_shajgoj_database_tab" classname="Tests.Regression_Suit" time="13.308"/>
  <testcase name="dpdp_search_sku_name_against_competitor_database_tab" classname="Tests.Regression_Suit" time="10.232"/>
  <testcase name="dpdp_add_match_database_tab" classname="Tests.Regression_Suit" time="10.924"/>
  <testcase name="dpdp_dpdp_verify_database_match_added" classname="Tests.Regression_Suit" time="8.413"/>
  <testcase name="click_verfication_queue_module" classname="Tests.Regression_Suit" time="0.282"/>
  <testcase name="verify_sortby_filter" classname="Tests.Regression_Suit" time="0.026"/>
  <testcase name="Select_SortBy_filters" classname="Tests.Regression_Suit" time="6.06"/>
  <testcase name="verify_Competitors_filters" classname="Tests.Regression_Suit" time="2.783"/>
  <testcase name="select_competitors" classname="Tests.Regression_Suit" time="0.116"/>
  <testcase name="verify_l1_cateogry_filter" classname="Tests.Regression_Suit" time="0.34"/>
  <testcase name="select_l1_cateogry" classname="Tests.Regression_Suit" time="2.164"/>
  <testcase name="verify_business_type_filter" classname="Tests.Regression_Suit" time="0.034"/>
  <testcase name="select_business_type_filter" classname="Tests.Regression_Suit" time="0.126"/>
  <testcase name="verify_match_age_filter" classname="Tests.Regression_Suit" time="0.034"/>
  <testcase name="select_match_age_filter" classname="Tests.Regression_Suit" time="0.071"/>
  <testcase name="verify_industry_filter" classname="Tests.Regression_Suit" time="0.093">
    <failure message="expected [All&#10;GM&#10;EL&#10;FMCG&#10;Fashion&#10;Others&#10;Digital Goods&#10;Mobiles &amp; Tablets&#10;Kitchen &amp; Dining] but found [All&#10;Fashion&#10;18&#10;Digital Goods&#10;Mobiles &amp; Tablets&#10;0.0&#10;GM&#10;FMCG&#10;Kitchen &amp; Dining&#10;EL&#10;Others]" type="java.lang.AssertionError"><![CDATA[java.lang.AssertionError: 
expected [All
GM
EL
FMCG
Fashion
Others
Digital Goods
Mobiles & Tablets
Kitchen & Dining] but found [All
Fashion
18
Digital Goods
Mobiles & Tablets
0.0
GM
FMCG
Kitchen & Dining
EL
Others]
	at Tests.Regression_Suit.verify_industry_filter(Regression_Suit.java:1290)
]]></failure>
    <system-out><![CDATA[

****************
select_match_age_filter     
1

****************

]]></system-out>
  </testcase>
  <testcase name="verify_stock_filter" classname="Tests.Regression_Suit" time="0.034"/>
  <testcase name="click_filter_button" classname="Tests.Regression_Suit" time="0.123"/>
</testsuite>