<?xml version="1.0" encoding="UTF-8"?>
<testsuite xmlns:xsi="http://www.w3.org/2001/XMLSchema-instance" xsi:noNamespaceSchemaLocation="https://maven.apache.org/surefire/maven-surefire-plugin/xsd/surefire-test-report.xsd" name="Tests.Regression_Suit" time="1,417.119" tests="198" errors="0" skipped="0" failures="13">
  <properties>
    <property name="http.proxyHost" value="127.0.0.1"/>
    <property name="java.specification.version" value="19"/>
    <property name="sun.jnu.encoding" value="UTF-8"/>
    <property name="java.class.path" value="/Users/farhanahmedsheikh/Documents/Projects/project/Webautomation/target/test-classes:/Users/farhanahmedsheikh/Documents/Projects/project/Webautomation/target/classes:/Users/farhanahmedsheikh/.m2/repository/org/seleniumhq/selenium/selenium-java/3.141.59/selenium-java-3.141.59.jar:/Users/farhanahmedsheikh/.m2/repository/org/seleniumhq/selenium/selenium-api/3.141.59/selenium-api-3.141.59.jar:/Users/farhanahmedsheikh/.m2/repository/org/seleniumhq/selenium/selenium-chrome-driver/3.141.59/selenium-chrome-driver-3.141.59.jar:/Users/farhanahmedsheikh/.m2/repository/org/seleniumhq/selenium/selenium-edge-driver/3.141.59/selenium-edge-driver-3.141.59.jar:/Users/farhanahmedsheikh/.m2/repository/org/seleniumhq/selenium/selenium-firefox-driver/3.141.59/selenium-firefox-driver-3.141.59.jar:/Users/farhanahmedsheikh/.m2/repository/org/seleniumhq/selenium/selenium-ie-driver/3.141.59/selenium-ie-driver-3.141.59.jar:/Users/farhanahmedsheikh/.m2/repository/org/seleniumhq/selenium/selenium-opera-driver/3.141.59/selenium-opera-driver-3.141.59.jar:/Users/farhanahmedsheikh/.m2/repository/org/seleniumhq/selenium/selenium-remote-driver/3.141.59/selenium-remote-driver-3.141.59.jar:/Users/farhanahmedsheikh/.m2/repository/org/seleniumhq/selenium/selenium-safari-driver/3.141.59/selenium-safari-driver-3.141.59.jar:/Users/farhanahmedsheikh/.m2/repository/org/seleniumhq/selenium/selenium-support/3.141.59/selenium-support-3.141.59.jar:/Users/farhanahmedsheikh/.m2/repository/net/bytebuddy/byte-buddy/1.8.15/byte-buddy-1.8.15.jar:/Users/farhanahmedsheikh/.m2/repository/org/apache/commons/commons-exec/1.3/commons-exec-1.3.jar:/Users/farhanahmedsheikh/.m2/repository/com/google/guava/guava/25.0-jre/guava-25.0-jre.jar:/Users/farhanahmedsheikh/.m2/repository/com/google/code/findbugs/jsr305/1.3.9/jsr305-1.3.9.jar:/Users/farhanahmedsheikh/.m2/repository/org/checkerframework/checker-compat-qual/2.0.0/checker-compat-qual-2.0.0.jar:/Users/farhanahmedsheikh/.m2/repository/com/google/errorprone/error_prone_annotations/2.1.3/error_prone_annotations-2.1.3.jar:/Users/farhanahmedsheikh/.m2/repository/com/google/j2objc/j2objc-annotations/1.1/j2objc-annotations-1.1.jar:/Users/farhanahmedsheikh/.m2/repository/org/codehaus/mojo/animal-sniffer-annotations/1.14/animal-sniffer-annotations-1.14.jar:/Users/farhanahmedsheikh/.m2/repository/com/squareup/okhttp3/okhttp/3.11.0/okhttp-3.11.0.jar:/Users/farhanahmedsheikh/.m2/repository/com/squareup/okio/okio/1.14.0/okio-1.14.0.jar:/Users/farhanahmedsheikh/.m2/repository/io/github/bonigarcia/webdrivermanager/5.3.2/webdrivermanager-5.3.2.jar:/Users/farhanahmedsheikh/.m2/repository/org/slf4j/slf4j-api/2.0.6/slf4j-api-2.0.6.jar:/Users/farhanahmedsheikh/.m2/repository/com/google/code/gson/gson/2.10.1/gson-2.10.1.jar:/Users/farhanahmedsheikh/.m2/repository/com/github/docker-java/docker-java/3.2.14/docker-java-3.2.14.jar:/Users/farhanahmedsheikh/.m2/repository/com/github/docker-java/docker-java-core/3.2.14/docker-java-core-3.2.14.jar:/Users/farhanahmedsheikh/.m2/repository/com/github/docker-java/docker-java-api/3.2.14/docker-java-api-3.2.14.jar:/Users/farhanahmedsheikh/.m2/repository/com/fasterxml/jackson/core/jackson-annotations/2.10.3/jackson-annotations-2.10.3.jar:/Users/farhanahmedsheikh/.m2/repository/commons-io/commons-io/2.6/commons-io-2.6.jar:/Users/farhanahmedsheikh/.m2/repository/org/apache/commons/commons-compress/1.21/commons-compress-1.21.jar:/Users/farhanahmedsheikh/.m2/repository/com/fasterxml/jackson/core/jackson-databind/2.10.3/jackson-databind-2.10.3.jar:/Users/farhanahmedsheikh/.m2/repository/com/fasterxml/jackson/core/jackson-core/2.10.3/jackson-core-2.10.3.jar:/Users/farhanahmedsheikh/.m2/repository/org/bouncycastle/bcpkix-jdk15on/1.64/bcpkix-jdk15on-1.64.jar:/Users/farhanahmedsheikh/.m2/repository/org/bouncycastle/bcprov-jdk15on/1.64/bcprov-jdk15on-1.64.jar:/Users/farhanahmedsheikh/.m2/repository/org/slf4j/jcl-over-slf4j/1.7.30/jcl-over-slf4j-1.7.30.jar:/Users/farhanahmedsheikh/.m2/repository/com/github/docker-java/docker-java-transport-httpclient5/3.2.14/docker-java-transport-httpclient5-3.2.14.jar:/Users/farhanahmedsheikh/.m2/repository/com/github/docker-java/docker-java-transport/3.2.14/docker-java-transport-3.2.14.jar:/Users/farhanahmedsheikh/.m2/repository/net/java/dev/jna/jna/5.12.1/jna-5.12.1.jar:/Users/farhanahmedsheikh/.m2/repository/org/brotli/dec/0.1.2/dec-0.1.2.jar:/Users/farhanahmedsheikh/.m2/repository/org/apache/commons/commons-lang3/3.12.0/commons-lang3-3.12.0.jar:/Users/farhanahmedsheikh/.m2/repository/org/apache/httpcomponents/client5/httpclient5/5.2.1/httpclient5-5.2.1.jar:/Users/farhanahmedsheikh/.m2/repository/org/apache/httpcomponents/core5/httpcore5/5.2/httpcore5-5.2.jar:/Users/farhanahmedsheikh/.m2/repository/org/apache/httpcomponents/core5/httpcore5-h2/5.2/httpcore5-h2-5.2.jar:/Users/farhanahmedsheikh/.m2/repository/org/slf4j/slf4j-log4j12/1.7.26/slf4j-log4j12-1.7.26.jar:/Users/farhanahmedsheikh/.m2/repository/log4j/log4j/1.2.17/log4j-1.2.17.jar:/Users/farhanahmedsheikh/.m2/repository/io/qameta/allure/allure-testng/2.21.0/allure-testng-2.21.0.jar:/Users/farhanahmedsheikh/.m2/repository/io/qameta/allure/allure-java-commons/2.21.0/allure-java-commons-2.21.0.jar:/Users/farhanahmedsheikh/.m2/repository/io/qameta/allure/allure-model/2.21.0/allure-model-2.21.0.jar:/Users/farhanahmedsheikh/.m2/repository/io/qameta/allure/allure-test-filter/2.21.0/allure-test-filter-2.21.0.jar:/Users/farhanahmedsheikh/.m2/repository/com/github/stephenc/monte/monte-screen-recorder/0.7.7.0/monte-screen-recorder-0.7.7.0.jar:/Users/farhanahmedsheikh/.m2/repository/io/qameta/allure/allure-maven/2.8/allure-maven-2.8.jar:/Users/farhanahmedsheikh/.m2/repository/org/apache/httpcomponents/httpclient/4.5.3/httpclient-4.5.3.jar:/Users/farhanahmedsheikh/.m2/repository/org/apache/httpcomponents/httpcore/4.4.6/httpcore-4.4.6.jar:/Users/farhanahmedsheikh/.m2/repository/commons-logging/commons-logging/1.2/commons-logging-1.2.jar:/Users/farhanahmedsheikh/.m2/repository/commons-codec/commons-codec/1.9/commons-codec-1.9.jar:/Users/farhanahmedsheikh/.m2/repository/org/apache/maven/maven-core/3.3.9/maven-core-3.3.9.jar:/Users/farhanahmedsheikh/.m2/repository/org/apache/maven/maven-model/3.3.9/maven-model-3.3.9.jar:/Users/farhanahmedsheikh/.m2/repository/org/apache/maven/maven-settings/3.3.9/maven-settings-3.3.9.jar:/Users/farhanahmedsheikh/.m2/repository/org/apache/maven/maven-settings-builder/3.3.9/maven-settings-builder-3.3.9.jar:/Users/farhanahmedsheikh/.m2/repository/org/apache/maven/maven-builder-support/3.3.9/maven-builder-support-3.3.9.jar:/Users/farhanahmedsheikh/.m2/repository/org/apache/maven/maven-repository-metadata/3.3.9/maven-repository-metadata-3.3.9.jar:/Users/farhanahmedsheikh/.m2/repository/org/apache/maven/maven-artifact/3.3.9/maven-artifact-3.3.9.jar:/Users/farhanahmedsheikh/.m2/repository/org/apache/maven/maven-plugin-api/3.3.9/maven-plugin-api-3.3.9.jar:/Users/farhanahmedsheikh/.m2/repository/org/apache/maven/maven-model-builder/3.3.9/maven-model-builder-3.3.9.jar:/Users/farhanahmedsheikh/.m2/repository/org/apache/maven/maven-aether-provider/3.3.9/maven-aether-provider-3.3.9.jar:/Users/farhanahmedsheikh/.m2/repository/org/eclipse/aether/aether-spi/1.0.2.v20150114/aether-spi-1.0.2.v20150114.jar:/Users/farhanahmedsheikh/.m2/repository/org/eclipse/aether/aether-impl/1.0.2.v20150114/aether-impl-1.0.2.v20150114.jar:/Users/farhanahmedsheikh/.m2/repository/org/eclipse/aether/aether-api/1.0.2.v20150114/aether-api-1.0.2.v20150114.jar:/Users/farhanahmedsheikh/.m2/repository/org/eclipse/aether/aether-util/1.0.2.v20150114/aether-util-1.0.2.v20150114.jar:/Users/farhanahmedsheikh/.m2/repository/org/eclipse/sisu/org.eclipse.sisu.plexus/0.3.2/org.eclipse.sisu.plexus-0.3.2.jar:/Users/farhanahmedsheikh/.m2/repository/javax/enterprise/cdi-api/1.0/cdi-api-1.0.jar:/Users/farhanahmedsheikh/.m2/repository/javax/annotation/jsr250-api/1.0/jsr250-api-1.0.jar:/Users/farhanahmedsheikh/.m2/repository/org/eclipse/sisu/org.eclipse.sisu.inject/0.3.2/org.eclipse.sisu.inject-0.3.2.jar:/Users/farhanahmedsheikh/.m2/repository/com/google/inject/guice/4.0/guice-4.0-no_aop.jar:/Users/farhanahmedsheikh/.m2/repository/javax/inject/javax.inject/1/javax.inject-1.jar:/Users/farhanahmedsheikh/.m2/repository/aopalliance/aopalliance/1.0/aopalliance-1.0.jar:/Users/farhanahmedsheikh/.m2/repository/org/codehaus/plexus/plexus-interpolation/1.21/plexus-interpolation-1.21.jar:/Users/farhanahmedsheikh/.m2/repository/org/codehaus/plexus/plexus-utils/3.0.22/plexus-utils-3.0.22.jar:/Users/farhanahmedsheikh/.m2/repository/org/codehaus/plexus/plexus-classworlds/2.5.2/plexus-classworlds-2.5.2.jar:/Users/farhanahmedsheikh/.m2/repository/org/codehaus/plexus/plexus-component-annotations/1.6/plexus-component-annotations-1.6.jar:/Users/farhanahmedsheikh/.m2/repository/org/sonatype/plexus/plexus-sec-dispatcher/1.3/plexus-sec-dispatcher-1.3.jar:/Users/farhanahmedsheikh/.m2/repository/org/sonatype/plexus/plexus-cipher/1.4/plexus-cipher-1.4.jar:/Users/farhanahmedsheikh/.m2/repository/org/apache/maven/reporting/maven-reporting-impl/2.4/maven-reporting-impl-2.4.jar:/Users/farhanahmedsheikh/.m2/repository/org/apache/maven/reporting/maven-reporting-api/3.0/maven-reporting-api-3.0.jar:/Users/farhanahmedsheikh/.m2/repository/org/apache/maven/maven-project/2.2.1/maven-project-2.2.1.jar:/Users/farhanahmedsheikh/.m2/repository/org/apache/maven/maven-profile/2.2.1/maven-profile-2.2.1.jar:/Users/farhanahmedsheikh/.m2/repository/org/apache/maven/maven-artifact-manager/2.2.1/maven-artifact-manager-2.2.1.jar:/Users/farhanahmedsheikh/.m2/repository/backport-util-concurrent/backport-util-concurrent/3.1/backport-util-concurrent-3.1.jar:/Users/farhanahmedsheikh/.m2/repository/org/apache/maven/maven-plugin-registry/2.2.1/maven-plugin-registry-2.2.1.jar:/Users/farhanahmedsheikh/.m2/repository/org/codehaus/plexus/plexus-container-default/1.0-alpha-9-stable-1/plexus-container-default-1.0-alpha-9-stable-1.jar:/Users/farhanahmedsheikh/.m2/repository/junit/junit/3.8.1/junit-3.8.1.jar:/Users/farhanahmedsheikh/.m2/repository/classworlds/classworlds/1.1-alpha-2/classworlds-1.1-alpha-2.jar:/Users/farhanahmedsheikh/.m2/repository/org/apache/maven/shared/maven-shared-utils/0.6/maven-shared-utils-0.6.jar:/Users/farhanahmedsheikh/.m2/repository/org/apache/maven/doxia/doxia-sink-api/1.6/doxia-sink-api-1.6.jar:/Users/farhanahmedsheikh/.m2/repository/org/apache/maven/doxia/doxia-logging-api/1.6/doxia-logging-api-1.6.jar:/Users/farhanahmedsheikh/.m2/repository/org/apache/maven/doxia/doxia-core/1.6/doxia-core-1.6.jar:/Users/farhanahmedsheikh/.m2/repository/xerces/xercesImpl/2.9.1/xercesImpl-2.9.1.jar:/Users/farhanahmedsheikh/.m2/repository/commons-lang/commons-lang/2.4/commons-lang-2.4.jar:/Users/farhanahmedsheikh/.m2/repository/xmlunit/xmlunit/1.5/xmlunit-1.5.jar:/Users/farhanahmedsheikh/.m2/repository/org/apache/maven/doxia/doxia-site-renderer/1.6/doxia-site-renderer-1.6.jar:/Users/farhanahmedsheikh/.m2/repository/org/apache/maven/doxia/doxia-decoration-model/1.6/doxia-decoration-model-1.6.jar:/Users/farhanahmedsheikh/.m2/repository/org/apache/maven/doxia/doxia-module-xhtml/1.6/doxia-module-xhtml-1.6.jar:/Users/farhanahmedsheikh/.m2/repository/org/apache/maven/doxia/doxia-module-fml/1.6/doxia-module-fml-1.6.jar:/Users/farhanahmedsheikh/.m2/repository/org/codehaus/plexus/plexus-i18n/1.0-beta-7/plexus-i18n-1.0-beta-7.jar:/Users/farhanahmedsheikh/.m2/repository/org/codehaus/plexus/plexus-velocity/1.1.7/plexus-velocity-1.1.7.jar:/Users/farhanahmedsheikh/.m2/repository/org/apache/velocity/velocity-tools/2.0/velocity-tools-2.0.jar:/Users/farhanahmedsheikh/.m2/repository/commons-chain/commons-chain/1.1/commons-chain-1.1.jar:/Users/farhanahmedsheikh/.m2/repository/dom4j/dom4j/1.1/dom4j-1.1.jar:/Users/farhanahmedsheikh/.m2/repository/sslext/sslext/1.2-0/sslext-1.2-0.jar:/Users/farhanahmedsheikh/.m2/repository/org/apache/struts/struts-core/1.3.8/struts-core-1.3.8.jar:/Users/farhanahmedsheikh/.m2/repository/antlr/antlr/2.7.2/antlr-2.7.2.jar:/Users/farhanahmedsheikh/.m2/repository/org/apache/struts/struts-taglib/1.3.8/struts-taglib-1.3.8.jar:/Users/farhanahmedsheikh/.m2/repository/org/apache/struts/struts-tiles/1.3.8/struts-tiles-1.3.8.jar:/Users/farhanahmedsheikh/.m2/repository/commons-validator/commons-validator/1.4.1/commons-validator-1.4.1.jar:/Users/farhanahmedsheikh/.m2/repository/commons-digester/commons-digester/1.8.1/commons-digester-1.8.1.jar:/Users/farhanahmedsheikh/.m2/repository/commons-beanutils/commons-beanutils/1.9.3/commons-beanutils-1.9.3.jar:/Users/farhanahmedsheikh/.m2/repository/commons-collections/commons-collections/3.2.2/commons-collections-3.2.2.jar:/Users/farhanahmedsheikh/.m2/repository/net/lingala/zip4j/zip4j/1.3.2/zip4j-1.3.2.jar:/Users/farhanahmedsheikh/.m2/repository/org/apache/maven/plugin-tools/maven-plugin-annotations/3.2/maven-plugin-annotations-3.2.jar:/Users/farhanahmedsheikh/.m2/repository/org/apache/maven/plugins/maven-jxr-plugin/2.5/maven-jxr-plugin-2.5.jar:/Users/farhanahmedsheikh/.m2/repository/org/apache/velocity/velocity/1.5/velocity-1.5.jar:/Users/farhanahmedsheikh/.m2/repository/oro/oro/2.0.8/oro-2.0.8.jar:/Users/farhanahmedsheikh/.m2/repository/org/apache/maven/maven-jxr/2.5/maven-jxr-2.5.jar:/Users/farhanahmedsheikh/.m2/repository/org/apache/maven/wagon/wagon-provider-api/1.0/wagon-provider-api-1.0.jar:/Users/farhanahmedsheikh/.m2/repository/xml-apis/xml-apis/1.0.b2/xml-apis-1.0.b2.jar:/Users/farhanahmedsheikh/.m2/repository/xalan/xalan/2.7.0/xalan-2.7.0.jar:/Users/farhanahmedsheikh/.m2/repository/org/aspectj/aspectjweaver/1.9.19/aspectjweaver-1.9.19.jar:/Users/farhanahmedsheikh/.m2/repository/org/testng/testng/6.14.3/testng-6.14.3.jar:/Users/farhanahmedsheikh/.m2/repository/com/beust/jcommander/1.72/jcommander-1.72.jar:/Users/farhanahmedsheikh/.m2/repository/org/apache-extras/beanshell/bsh/2.0b6/bsh-2.0b6.jar:/Users/farhanahmedsheikh/.m2/repository/org/apache/maven/surefire/surefire-testng-utils/2.21.0/surefire-testng-utils-2.21.0.jar:/Users/farhanahmedsheikh/.m2/repository/org/apache/maven/surefire/surefire-grouper/2.21.0/surefire-grouper-2.21.0.jar:"/>
    <property name="https.proxyPort" value="8888"/>
    <property name="java.vm.vendor" value="Oracle Corporation"/>
    <property name="sun.arch.data.model" value="64"/>
    <property name="java.vendor.url" value="https://java.oracle.com/"/>
    <property name="os.name" value="Mac OS X"/>
    <property name="java.vm.specification.version" value="19"/>
    <property name="sun.java.launcher" value="SUN_STANDARD"/>
    <property name="user.country" value="PK"/>
    <property name="sun.boot.library.path" value="/Library/Java/JavaVirtualMachines/jdk-19.jdk/Contents/Home/lib"/>
    <property name="sun.java.command" value="/Users/farhanahmedsheikh/Documents/Projects/project/Webautomation/target/surefire/surefirebooter17850525288244632929.jar /Users/farhanahmedsheikh/Documents/Projects/project/Webautomation/target/surefire 2023-09-20T10-13-16_330-jvmRun1 surefire16889554779773192718tmp surefire_010405337244703279905tmp"/>
    <property name="jdk.debug" value="release"/>
    <property name="test" value="Regression_Suit"/>
    <property name="surefire.test.class.path" value="/Users/farhanahmedsheikh/Documents/Projects/project/Webautomation/target/test-classes:/Users/farhanahmedsheikh/Documents/Projects/project/Webautomation/target/classes:/Users/farhanahmedsheikh/.m2/repository/org/seleniumhq/selenium/selenium-java/3.141.59/selenium-java-3.141.59.jar:/Users/farhanahmedsheikh/.m2/repository/org/seleniumhq/selenium/selenium-api/3.141.59/selenium-api-3.141.59.jar:/Users/farhanahmedsheikh/.m2/repository/org/seleniumhq/selenium/selenium-chrome-driver/3.141.59/selenium-chrome-driver-3.141.59.jar:/Users/farhanahmedsheikh/.m2/repository/org/seleniumhq/selenium/selenium-edge-driver/3.141.59/selenium-edge-driver-3.141.59.jar:/Users/farhanahmedsheikh/.m2/repository/org/seleniumhq/selenium/selenium-firefox-driver/3.141.59/selenium-firefox-driver-3.141.59.jar:/Users/farhanahmedsheikh/.m2/repository/org/seleniumhq/selenium/selenium-ie-driver/3.141.59/selenium-ie-driver-3.141.59.jar:/Users/farhanahmedsheikh/.m2/repository/org/seleniumhq/selenium/selenium-opera-driver/3.141.59/selenium-opera-driver-3.141.59.jar:/Users/farhanahmedsheikh/.m2/repository/org/seleniumhq/selenium/selenium-remote-driver/3.141.59/selenium-remote-driver-3.141.59.jar:/Users/farhanahmedsheikh/.m2/repository/org/seleniumhq/selenium/selenium-safari-driver/3.141.59/selenium-safari-driver-3.141.59.jar:/Users/farhanahmedsheikh/.m2/repository/org/seleniumhq/selenium/selenium-support/3.141.59/selenium-support-3.141.59.jar:/Users/farhanahmedsheikh/.m2/repository/net/bytebuddy/byte-buddy/1.8.15/byte-buddy-1.8.15.jar:/Users/farhanahmedsheikh/.m2/repository/org/apache/commons/commons-exec/1.3/commons-exec-1.3.jar:/Users/farhanahmedsheikh/.m2/repository/com/google/guava/guava/25.0-jre/guava-25.0-jre.jar:/Users/farhanahmedsheikh/.m2/repository/com/google/code/findbugs/jsr305/1.3.9/jsr305-1.3.9.jar:/Users/farhanahmedsheikh/.m2/repository/org/checkerframework/checker-compat-qual/2.0.0/checker-compat-qual-2.0.0.jar:/Users/farhanahmedsheikh/.m2/repository/com/google/errorprone/error_prone_annotations/2.1.3/error_prone_annotations-2.1.3.jar:/Users/farhanahmedsheikh/.m2/repository/com/google/j2objc/j2objc-annotations/1.1/j2objc-annotations-1.1.jar:/Users/farhanahmedsheikh/.m2/repository/org/codehaus/mojo/animal-sniffer-annotations/1.14/animal-sniffer-annotations-1.14.jar:/Users/farhanahmedsheikh/.m2/repository/com/squareup/okhttp3/okhttp/3.11.0/okhttp-3.11.0.jar:/Users/farhanahmedsheikh/.m2/repository/com/squareup/okio/okio/1.14.0/okio-1.14.0.jar:/Users/farhanahmedsheikh/.m2/repository/io/github/bonigarcia/webdrivermanager/5.3.2/webdrivermanager-5.3.2.jar:/Users/farhanahmedsheikh/.m2/repository/org/slf4j/slf4j-api/2.0.6/slf4j-api-2.0.6.jar:/Users/farhanahmedsheikh/.m2/repository/com/google/code/gson/gson/2.10.1/gson-2.10.1.jar:/Users/farhanahmedsheikh/.m2/repository/com/github/docker-java/docker-java/3.2.14/docker-java-3.2.14.jar:/Users/farhanahmedsheikh/.m2/repository/com/github/docker-java/docker-java-core/3.2.14/docker-java-core-3.2.14.jar:/Users/farhanahmedsheikh/.m2/repository/com/github/docker-java/docker-java-api/3.2.14/docker-java-api-3.2.14.jar:/Users/farhanahmedsheikh/.m2/repository/com/fasterxml/jackson/core/jackson-annotations/2.10.3/jackson-annotations-2.10.3.jar:/Users/farhanahmedsheikh/.m2/repository/commons-io/commons-io/2.6/commons-io-2.6.jar:/Users/farhanahmedsheikh/.m2/repository/org/apache/commons/commons-compress/1.21/commons-compress-1.21.jar:/Users/farhanahmedsheikh/.m2/repository/com/fasterxml/jackson/core/jackson-databind/2.10.3/jackson-databind-2.10.3.jar:/Users/farhanahmedsheikh/.m2/repository/com/fasterxml/jackson/core/jackson-core/2.10.3/jackson-core-2.10.3.jar:/Users/farhanahmedsheikh/.m2/repository/org/bouncycastle/bcpkix-jdk15on/1.64/bcpkix-jdk15on-1.64.jar:/Users/farhanahmedsheikh/.m2/repository/org/bouncycastle/bcprov-jdk15on/1.64/bcprov-jdk15on-1.64.jar:/Users/farhanahmedsheikh/.m2/repository/org/slf4j/jcl-over-slf4j/1.7.30/jcl-over-slf4j-1.7.30.jar:/Users/farhanahmedsheikh/.m2/repository/com/github/docker-java/docker-java-transport-httpclient5/3.2.14/docker-java-transport-httpclient5-3.2.14.jar:/Users/farhanahmedsheikh/.m2/repository/com/github/docker-java/docker-java-transport/3.2.14/docker-java-transport-3.2.14.jar:/Users/farhanahmedsheikh/.m2/repository/net/java/dev/jna/jna/5.12.1/jna-5.12.1.jar:/Users/farhanahmedsheikh/.m2/repository/org/brotli/dec/0.1.2/dec-0.1.2.jar:/Users/farhanahmedsheikh/.m2/repository/org/apache/commons/commons-lang3/3.12.0/commons-lang3-3.12.0.jar:/Users/farhanahmedsheikh/.m2/repository/org/apache/httpcomponents/client5/httpclient5/5.2.1/httpclient5-5.2.1.jar:/Users/farhanahmedsheikh/.m2/repository/org/apache/httpcomponents/core5/httpcore5/5.2/httpcore5-5.2.jar:/Users/farhanahmedsheikh/.m2/repository/org/apache/httpcomponents/core5/httpcore5-h2/5.2/httpcore5-h2-5.2.jar:/Users/farhanahmedsheikh/.m2/repository/org/slf4j/slf4j-log4j12/1.7.26/slf4j-log4j12-1.7.26.jar:/Users/farhanahmedsheikh/.m2/repository/log4j/log4j/1.2.17/log4j-1.2.17.jar:/Users/farhanahmedsheikh/.m2/repository/io/qameta/allure/allure-testng/2.21.0/allure-testng-2.21.0.jar:/Users/farhanahmedsheikh/.m2/repository/io/qameta/allure/allure-java-commons/2.21.0/allure-java-commons-2.21.0.jar:/Users/farhanahmedsheikh/.m2/repository/io/qameta/allure/allure-model/2.21.0/allure-model-2.21.0.jar:/Users/farhanahmedsheikh/.m2/repository/io/qameta/allure/allure-test-filter/2.21.0/allure-test-filter-2.21.0.jar:/Users/farhanahmedsheikh/.m2/repository/com/github/stephenc/monte/monte-screen-recorder/0.7.7.0/monte-screen-recorder-0.7.7.0.jar:/Users/farhanahmedsheikh/.m2/repository/io/qameta/allure/allure-maven/2.8/allure-maven-2.8.jar:/Users/farhanahmedsheikh/.m2/repository/org/apache/httpcomponents/httpclient/4.5.3/httpclient-4.5.3.jar:/Users/farhanahmedsheikh/.m2/repository/org/apache/httpcomponents/httpcore/4.4.6/httpcore-4.4.6.jar:/Users/farhanahmedsheikh/.m2/repository/commons-logging/commons-logging/1.2/commons-logging-1.2.jar:/Users/farhanahmedsheikh/.m2/repository/commons-codec/commons-codec/1.9/commons-codec-1.9.jar:/Users/farhanahmedsheikh/.m2/repository/org/apache/maven/maven-core/3.3.9/maven-core-3.3.9.jar:/Users/farhanahmedsheikh/.m2/repository/org/apache/maven/maven-model/3.3.9/maven-model-3.3.9.jar:/Users/farhanahmedsheikh/.m2/repository/org/apache/maven/maven-settings/3.3.9/maven-settings-3.3.9.jar:/Users/farhanahmedsheikh/.m2/repository/org/apache/maven/maven-settings-builder/3.3.9/maven-settings-builder-3.3.9.jar:/Users/farhanahmedsheikh/.m2/repository/org/apache/maven/maven-builder-support/3.3.9/maven-builder-support-3.3.9.jar:/Users/farhanahmedsheikh/.m2/repository/org/apache/maven/maven-repository-metadata/3.3.9/maven-repository-metadata-3.3.9.jar:/Users/farhanahmedsheikh/.m2/repository/org/apache/maven/maven-artifact/3.3.9/maven-artifact-3.3.9.jar:/Users/farhanahmedsheikh/.m2/repository/org/apache/maven/maven-plugin-api/3.3.9/maven-plugin-api-3.3.9.jar:/Users/farhanahmedsheikh/.m2/repository/org/apache/maven/maven-model-builder/3.3.9/maven-model-builder-3.3.9.jar:/Users/farhanahmedsheikh/.m2/repository/org/apache/maven/maven-aether-provider/3.3.9/maven-aether-provider-3.3.9.jar:/Users/farhanahmedsheikh/.m2/repository/org/eclipse/aether/aether-spi/1.0.2.v20150114/aether-spi-1.0.2.v20150114.jar:/Users/farhanahmedsheikh/.m2/repository/org/eclipse/aether/aether-impl/1.0.2.v20150114/aether-impl-1.0.2.v20150114.jar:/Users/farhanahmedsheikh/.m2/repository/org/eclipse/aether/aether-api/1.0.2.v20150114/aether-api-1.0.2.v20150114.jar:/Users/farhanahmedsheikh/.m2/repository/org/eclipse/aether/aether-util/1.0.2.v20150114/aether-util-1.0.2.v20150114.jar:/Users/farhanahmedsheikh/.m2/repository/org/eclipse/sisu/org.eclipse.sisu.plexus/0.3.2/org.eclipse.sisu.plexus-0.3.2.jar:/Users/farhanahmedsheikh/.m2/repository/javax/enterprise/cdi-api/1.0/cdi-api-1.0.jar:/Users/farhanahmedsheikh/.m2/repository/javax/annotation/jsr250-api/1.0/jsr250-api-1.0.jar:/Users/farhanahmedsheikh/.m2/repository/org/eclipse/sisu/org.eclipse.sisu.inject/0.3.2/org.eclipse.sisu.inject-0.3.2.jar:/Users/farhanahmedsheikh/.m2/repository/com/google/inject/guice/4.0/guice-4.0-no_aop.jar:/Users/farhanahmedsheikh/.m2/repository/javax/inject/javax.inject/1/javax.inject-1.jar:/Users/farhanahmedsheikh/.m2/repository/aopalliance/aopalliance/1.0/aopalliance-1.0.jar:/Users/farhanahmedsheikh/.m2/repository/org/codehaus/plexus/plexus-interpolation/1.21/plexus-interpolation-1.21.jar:/Users/farhanahmedsheikh/.m2/repository/org/codehaus/plexus/plexus-utils/3.0.22/plexus-utils-3.0.22.jar:/Users/farhanahmedsheikh/.m2/repository/org/codehaus/plexus/plexus-classworlds/2.5.2/plexus-classworlds-2.5.2.jar:/Users/farhanahmedsheikh/.m2/repository/org/codehaus/plexus/plexus-component-annotations/1.6/plexus-component-annotations-1.6.jar:/Users/farhanahmedsheikh/.m2/repository/org/sonatype/plexus/plexus-sec-dispatcher/1.3/plexus-sec-dispatcher-1.3.jar:/Users/farhanahmedsheikh/.m2/repository/org/sonatype/plexus/plexus-cipher/1.4/plexus-cipher-1.4.jar:/Users/farhanahmedsheikh/.m2/repository/org/apache/maven/reporting/maven-reporting-impl/2.4/maven-reporting-impl-2.4.jar:/Users/farhanahmedsheikh/.m2/repository/org/apache/maven/reporting/maven-reporting-api/3.0/maven-reporting-api-3.0.jar:/Users/farhanahmedsheikh/.m2/repository/org/apache/maven/maven-project/2.2.1/maven-project-2.2.1.jar:/Users/farhanahmedsheikh/.m2/repository/org/apache/maven/maven-profile/2.2.1/maven-profile-2.2.1.jar:/Users/farhanahmedsheikh/.m2/repository/org/apache/maven/maven-artifact-manager/2.2.1/maven-artifact-manager-2.2.1.jar:/Users/farhanahmedsheikh/.m2/repository/backport-util-concurrent/backport-util-concurrent/3.1/backport-util-concurrent-3.1.jar:/Users/farhanahmedsheikh/.m2/repository/org/apache/maven/maven-plugin-registry/2.2.1/maven-plugin-registry-2.2.1.jar:/Users/farhanahmedsheikh/.m2/repository/org/codehaus/plexus/plexus-container-default/1.0-alpha-9-stable-1/plexus-container-default-1.0-alpha-9-stable-1.jar:/Users/farhanahmedsheikh/.m2/repository/junit/junit/3.8.1/junit-3.8.1.jar:/Users/farhanahmedsheikh/.m2/repository/classworlds/classworlds/1.1-alpha-2/classworlds-1.1-alpha-2.jar:/Users/farhanahmedsheikh/.m2/repository/org/apache/maven/shared/maven-shared-utils/0.6/maven-shared-utils-0.6.jar:/Users/farhanahmedsheikh/.m2/repository/org/apache/maven/doxia/doxia-sink-api/1.6/doxia-sink-api-1.6.jar:/Users/farhanahmedsheikh/.m2/repository/org/apache/maven/doxia/doxia-logging-api/1.6/doxia-logging-api-1.6.jar:/Users/farhanahmedsheikh/.m2/repository/org/apache/maven/doxia/doxia-core/1.6/doxia-core-1.6.jar:/Users/farhanahmedsheikh/.m2/repository/xerces/xercesImpl/2.9.1/xercesImpl-2.9.1.jar:/Users/farhanahmedsheikh/.m2/repository/commons-lang/commons-lang/2.4/commons-lang-2.4.jar:/Users/farhanahmedsheikh/.m2/repository/xmlunit/xmlunit/1.5/xmlunit-1.5.jar:/Users/farhanahmedsheikh/.m2/repository/org/apache/maven/doxia/doxia-site-renderer/1.6/doxia-site-renderer-1.6.jar:/Users/farhanahmedsheikh/.m2/repository/org/apache/maven/doxia/doxia-decoration-model/1.6/doxia-decoration-model-1.6.jar:/Users/farhanahmedsheikh/.m2/repository/org/apache/maven/doxia/doxia-module-xhtml/1.6/doxia-module-xhtml-1.6.jar:/Users/farhanahmedsheikh/.m2/repository/org/apache/maven/doxia/doxia-module-fml/1.6/doxia-module-fml-1.6.jar:/Users/farhanahmedsheikh/.m2/repository/org/codehaus/plexus/plexus-i18n/1.0-beta-7/plexus-i18n-1.0-beta-7.jar:/Users/farhanahmedsheikh/.m2/repository/org/codehaus/plexus/plexus-velocity/1.1.7/plexus-velocity-1.1.7.jar:/Users/farhanahmedsheikh/.m2/repository/org/apache/velocity/velocity-tools/2.0/velocity-tools-2.0.jar:/Users/farhanahmedsheikh/.m2/repository/commons-chain/commons-chain/1.1/commons-chain-1.1.jar:/Users/farhanahmedsheikh/.m2/repository/dom4j/dom4j/1.1/dom4j-1.1.jar:/Users/farhanahmedsheikh/.m2/repository/sslext/sslext/1.2-0/sslext-1.2-0.jar:/Users/farhanahmedsheikh/.m2/repository/org/apache/struts/struts-core/1.3.8/struts-core-1.3.8.jar:/Users/farhanahmedsheikh/.m2/repository/antlr/antlr/2.7.2/antlr-2.7.2.jar:/Users/farhanahmedsheikh/.m2/repository/org/apache/struts/struts-taglib/1.3.8/struts-taglib-1.3.8.jar:/Users/farhanahmedsheikh/.m2/repository/org/apache/struts/struts-tiles/1.3.8/struts-tiles-1.3.8.jar:/Users/farhanahmedsheikh/.m2/repository/commons-validator/commons-validator/1.4.1/commons-validator-1.4.1.jar:/Users/farhanahmedsheikh/.m2/repository/commons-digester/commons-digester/1.8.1/commons-digester-1.8.1.jar:/Users/farhanahmedsheikh/.m2/repository/commons-beanutils/commons-beanutils/1.9.3/commons-beanutils-1.9.3.jar:/Users/farhanahmedsheikh/.m2/repository/commons-collections/commons-collections/3.2.2/commons-collections-3.2.2.jar:/Users/farhanahmedsheikh/.m2/repository/net/lingala/zip4j/zip4j/1.3.2/zip4j-1.3.2.jar:/Users/farhanahmedsheikh/.m2/repository/org/apache/maven/plugin-tools/maven-plugin-annotations/3.2/maven-plugin-annotations-3.2.jar:/Users/farhanahmedsheikh/.m2/repository/org/apache/maven/plugins/maven-jxr-plugin/2.5/maven-jxr-plugin-2.5.jar:/Users/farhanahmedsheikh/.m2/repository/org/apache/velocity/velocity/1.5/velocity-1.5.jar:/Users/farhanahmedsheikh/.m2/repository/oro/oro/2.0.8/oro-2.0.8.jar:/Users/farhanahmedsheikh/.m2/repository/org/apache/maven/maven-jxr/2.5/maven-jxr-2.5.jar:/Users/farhanahmedsheikh/.m2/repository/org/apache/maven/wagon/wagon-provider-api/1.0/wagon-provider-api-1.0.jar:/Users/farhanahmedsheikh/.m2/repository/xml-apis/xml-apis/1.0.b2/xml-apis-1.0.b2.jar:/Users/farhanahmedsheikh/.m2/repository/xalan/xalan/2.7.0/xalan-2.7.0.jar:/Users/farhanahmedsheikh/.m2/repository/org/aspectj/aspectjweaver/1.9.19/aspectjweaver-1.9.19.jar:/Users/farhanahmedsheikh/.m2/repository/org/testng/testng/6.14.3/testng-6.14.3.jar:/Users/farhanahmedsheikh/.m2/repository/com/beust/jcommander/1.72/jcommander-1.72.jar:/Users/farhanahmedsheikh/.m2/repository/org/apache-extras/beanshell/bsh/2.0b6/bsh-2.0b6.jar:/Users/farhanahmedsheikh/.m2/repository/org/apache/maven/surefire/surefire-testng-utils/2.21.0/surefire-testng-utils-2.21.0.jar:/Users/farhanahmedsheikh/.m2/repository/org/apache/maven/surefire/surefire-grouper/2.21.0/surefire-grouper-2.21.0.jar:"/>
    <property name="sun.cpu.endian" value="little"/>
    <property name="user.home" value="/Users/farhanahmedsheikh"/>
    <property name="user.language" value="en"/>
    <property name="java.specification.vendor" value="Oracle Corporation"/>
    <property name="java.version.date" value="2022-10-18"/>
    <property name="java.home" value="/Library/Java/JavaVirtualMachines/jdk-19.jdk/Contents/Home"/>
    <property name="file.separator" value="/"/>
    <property name="https.proxyHost" value="127.0.0.1"/>
    <property name="basedir" value="/Users/farhanahmedsheikh/Documents/Projects/project/Webautomation"/>
    <property name="java.vm.compressedOopsMode" value="Zero based"/>
    <property name="line.separator" value="&#10;"/>
    <property name="java.vm.specification.vendor" value="Oracle Corporation"/>
    <property name="java.specification.name" value="Java Platform API Specification"/>
    <property name="apple.awt.application.name" value="ForkedBooter"/>
    <property name="surefire.real.class.path" value="/Users/farhanahmedsheikh/Documents/Projects/project/Webautomation/target/surefire/surefirebooter17850525288244632929.jar"/>
    <property name="sun.management.compiler" value="HotSpot 64-Bit Tiered Compilers"/>
    <property name="java.runtime.version" value="19.0.1+10-21"/>
    <property name="user.name" value="farhanahmedsheikh"/>
    <property name="stdout.encoding" value="US-ASCII"/>
    <property name="path.separator" value=":"/>
    <property name="os.version" value="13.5.1"/>
    <property name="java.runtime.name" value="Java(TM) SE Runtime Environment"/>
    <property name="file.encoding" value="UTF-8"/>
    <property name="java.vm.name" value="Java HotSpot(TM) 64-Bit Server VM"/>
    <property name="localRepository" value="/Users/farhanahmedsheikh/.m2/repository"/>
    <property name="java.vendor.url.bug" value="https://bugreport.java.com/bugreport/"/>
    <property name="java.io.tmpdir" value="/var/folders/cn/t8j6szvx4_nggkc90whr_ccr0000gp/T/"/>
    <property name="java.version" value="19.0.1"/>
    <property name="user.dir" value="/Users/farhanahmedsheikh/Documents/Projects/project/Webautomation"/>
    <property name="os.arch" value="aarch64"/>
    <property name="java.vm.specification.name" value="Java Virtual Machine Specification"/>
    <property name="native.encoding" value="US-ASCII"/>
    <property name="java.library.path" value="/Users/farhanahmedsheikh/Library/Java/Extensions:/Library/Java/Extensions:/Network/Library/Java/Extensions:/System/Library/Java/Extensions:/usr/lib/java:."/>
    <property name="java.vm.info" value="mixed mode, sharing"/>
    <property name="stderr.encoding" value="US-ASCII"/>
    <property name="java.vendor" value="Oracle Corporation"/>
    <property name="java.vm.version" value="19.0.1+10-21"/>
    <property name="sun.io.unicode.encoding" value="UnicodeBig"/>
    <property name="java.class.version" value="63.0"/>
    <property name="http.proxyPort" value="8888"/>
  </properties>
  <testcase name="CheckLogin_Text" classname="Tests.Regression_Suit" time="0.207"/>
  <testcase name="Checklogo" classname="Tests.Regression_Suit" time="0.048"/>
  <testcase name="verifyfooter_text" classname="Tests.Regression_Suit" time="0.027"/>
  <testcase name="verify_case6" classname="Tests.Regression_Suit" time="1.335"/>
  <testcase name="verify_Case5" classname="Tests.Regression_Suit" time="2.934"/>
  <testcase name="verify_Case4" classname="Tests.Regression_Suit" time="1.513"/>
  <testcase name="verify_Case3" classname="Tests.Regression_Suit" time="0.857"/>
  <testcase name="Empty_Login_and_Verify_username_validation" classname="Tests.Regression_Suit" time="0.571"/>
  <testcase name="verify_sucessful_login" classname="Tests.Regression_Suit" time="7.526"/>
  <testcase name="change_venture_BD" classname="Tests.Regression_Suit" time="10.299"/>
  <testcase name="left_menu_scraper_selection" classname="Tests.Regression_Suit" time="0.397"/>
  <testcase name="verify_pagetitle" classname="Tests.Regression_Suit" time="0.3"/>
  <testcase name="get_table_data_before_job_start" classname="Tests.Regression_Suit" time="91.955"/>
  <testcase name="check_cancel_button" classname="Tests.Regression_Suit" time="3.416"/>
  <testcase name="Start_Scraping_Jobs" classname="Tests.Regression_Suit" time="7.226"/>
  <testcase name="Success_msg" classname="Tests.Regression_Suit" time="1.088"/>
  <testcase name="getandcomparedata" classname="Tests.Regression_Suit" time="59.527">
    <failure message="expected [147] but found [145]" type="java.lang.AssertionError">java.lang.AssertionError: expected [147] but found [145]
	at Tests.Regression_Suit.getandcomparedata(Regression_Suit.java:180)
</failure>
    <system-out><![CDATA[

****************
Success_msg     
1

****************

145
]]></system-out>
  </testcase>
  <testcase name="verify_select20records" classname="Tests.Regression_Suit" time="25.415"/>
  <testcase name="verify_click_SKUMatching_module" classname="Tests.Regression_Suit" time="0.482"/>
  <testcase name="verify_Create_task_popup" classname="Tests.Regression_Suit" time="0.674"/>
  <testcase name="verify_create_task_popup_cancel_btn" classname="Tests.Regression_Suit" time="2.095"/>
  <testcase name="create_task_popup_cancel_icon" classname="Tests.Regression_Suit" time="2.631"/>
  <testcase name="verify_double_click_chaldal_remove_selection" classname="Tests.Regression_Suit" time="4.887"/>
  <testcase name="verify_check_single_competitor_selection" classname="Tests.Regression_Suit" time="7.17"/>
  <testcase name="verify_check_multiple_competitor_selection" classname="Tests.Regression_Suit" time="7.741"/>
  <testcase name="verify_Create_task_replace_file" classname="Tests.Regression_Suit" time="3.433"/>
  <testcase name="download_create_task_templete" classname="Tests.Regression_Suit" time="2.877">
    <failure message="/home/qaautomation/Downloads" type="java.nio.file.NoSuchFileException">java.nio.file.NoSuchFileException: /home/qaautomation/Downloads
	at Tests.Regression_Suit.download_create_task_templete(Regression_Suit.java:221)
</failure>
    <system-out><![CDATA[

****************
verify_Create_task_replace_file     
1

****************

]]></system-out>
  </testcase>
  <testcase name="get_table_data_before_create_task" classname="Tests.Regression_Suit" time="19.693"/>
  <testcase name="verify_create_task" classname="Tests.Regression_Suit" time="21.909"/>
  <testcase name="verify_get_task_data" classname="Tests.Regression_Suit" time="14.221">
    <failure message="Unparseable date: &quot;Wed, 20 Sep 2023 05:18:18 GMT&quot;" type="java.text.ParseException">java.text.ParseException: Unparseable date: "Wed, 20 Sep 2023 05:18:18 GMT"
	at Tests.Regression_Suit.verify_get_task_data(Regression_Suit.java:240)
</failure>
    <system-out><![CDATA[

****************
verify_create_task     
1

****************

Chaldal_bd,PandaMart,Pickaboo_bd,Shajgoj,Startech_BD
]]></system-out>
  </testcase>
  <testcase name="verify_task_created" classname="Tests.Regression_Suit" time="39.474"/>
  <testcase name="verify_click_task_details" classname="Tests.Regression_Suit" time="2.86"/>
  <testcase name="verify_matching_status_filter" classname="Tests.Regression_Suit" time="0.053"/>
  <testcase name="verify_all_active_skus_from_file" classname="Tests.Regression_Suit" time="4.796"/>
  <testcase name="click_add_competitor_sku_verify_popup" classname="Tests.Regression_Suit" time="1.643"/>
  <testcase name="click_cancel_popup" classname="Tests.Regression_Suit" time="3.518"/>
  <testcase name="verify_online_selection" classname="Tests.Regression_Suit" time="1.474"/>
  <testcase name="add_online_competitor_sku_match_valid_url" classname="Tests.Regression_Suit" time="3.231"/>
  <testcase name="verify_online_match_added" classname="Tests.Regression_Suit" time="5.585"/>
  <testcase name="add_online_competitor_sku_invalid_url" classname="Tests.Regression_Suit" time="2.286"/>
  <testcase name="verify_add_sku_btn_disable_on_popup_display" classname="Tests.Regression_Suit" time="1.374"/>
  <testcase name="verify_add_sku_btn_disable_on_competitor_select" classname="Tests.Regression_Suit" time="1.49"/>
  <testcase name="verify_add_sku_btn_disable_on_add_url" classname="Tests.Regression_Suit" time="1.572"/>
  <testcase name="verify_offline_selection" classname="Tests.Regression_Suit" time="1.445"/>
  <testcase name="add_offline_competitor_sku_match_valid_data_verify_button_disabled_on_sku_name" classname="Tests.Regression_Suit" time="1.746"/>
  <testcase name="add_offline_competitor_sku_match_valid_data_verify_button_disabled_on_sku_name_and_competitor_name" classname="Tests.Regression_Suit" time="1.947"/>
  <testcase name="add_offline_competitor_sku_match_valid_data_verify_button_disabled_on_sku_name_and_competitor_name_and_price" classname="Tests.Regression_Suit" time="2.453"/>
  <testcase name="add_offline_competitor_sku_match_valid_data_verify_button_disabled_on_sku_name_and_competitor_name_and_l1_category" classname="Tests.Regression_Suit" time="1.732"/>
  <testcase name="add_offline_competitor_sku_match_valid_data_verify_button_enabled" classname="Tests.Regression_Suit" time="1.642"/>
  <testcase name="add_offline_competitor_sku_match_valid_data_click_add_sku_button" classname="Tests.Regression_Suit" time="2.271"/>
  <testcase name="verify_offline_competitor_sku_match_added_verify_competitor_sku" classname="Tests.Regression_Suit" time="3.91"/>
  <testcase name="verify_offline_competitor_sku_match_added_verify_competitor_name" classname="Tests.Regression_Suit" time="1.464"/>
  <testcase name="verify_offline_competitor_sku_match_added_verify_competitor_price" classname="Tests.Regression_Suit" time="2.922"/>
  <testcase name="verify_offline_competitor_sku_match_added_verify_competitor_category" classname="Tests.Regression_Suit" time="1.406"/>
  <testcase name="verify_database_tab_selection" classname="Tests.Regression_Suit" time="1.6"/>
  <testcase name="verify_database_tab_add_btn_disabled" classname="Tests.Regression_Suit" time="2.054"/>
  <testcase name="verify_search_btn_disabled" classname="Tests.Regression_Suit" time="1.487"/>
  <testcase name="verify_cancel_icon_database_tab" classname="Tests.Regression_Suit" time="3.768"/>
  <testcase name="verify_cancel_button_database_tab" classname="Tests.Regression_Suit" time="4.057"/>
  <testcase name="verify_search_btn_enabled_on_filter_selection" classname="Tests.Regression_Suit" time="1.763"/>
  <testcase name="verify_filter_competitor_name" classname="Tests.Regression_Suit" time="1.432"/>
  <testcase name="verify_data_on_filter_by_chaldal_database_tab" classname="Tests.Regression_Suit" time="5.668"/>
  <testcase name="verify_data_on_filter_by_pandamart_database_tab" classname="Tests.Regression_Suit" time="6.565"/>
  <testcase name="verify_data_on_filter_by_pickaboo_database_tab" classname="Tests.Regression_Suit" time="5.72"/>
  <testcase name="verify_data_on_filter_by_shajgoj_database_tab" classname="Tests.Regression_Suit" time="6.485"/>
  <testcase name="search_sku_name_against_competitor_database_tab" classname="Tests.Regression_Suit" time="12.254"/>
  <testcase name="add_match_database_tab" classname="Tests.Regression_Suit" time="3.184"/>
  <testcase name="verify_database_match_added" classname="Tests.Regression_Suit" time="1.566"/>
  <testcase name="download_file_task_details" classname="Tests.Regression_Suit" time="2.812">
    <failure message="/home/qaautomation/Downloads" type="java.nio.file.NoSuchFileException">java.nio.file.NoSuchFileException: /home/qaautomation/Downloads
	at Tests.Regression_Suit.download_file_task_details(Regression_Suit.java:453)
</failure>
    <system-out><![CDATA[

****************
verify_database_match_added     
1

****************

]]></system-out>
  </testcase>
  <testcase name="verify_view_matched_item_data" classname="Tests.Regression_Suit" time="1.339"/>
  <testcase name="mark_inaccurate" classname="Tests.Regression_Suit" time="4.647"/>
  <testcase name="mark_verified" classname="Tests.Regression_Suit" time="6.993"/>
  <testcase name="verify_mark_inaccurate_dropdown" classname="Tests.Regression_Suit" time="3.791"/>
  <testcase name="click_SKUMatching_module" classname="Tests.Regression_Suit" time="0.284"/>
  <testcase name="upload_online_match_valid_file_click_upload" classname="Tests.Regression_Suit" time="11.869"/>
  <testcase name="upload_online_match_valid_file_click_cancel_button" classname="Tests.Regression_Suit" time="10.414"/>
  <testcase name="upload_online_match_valid_file_click_cancel_icon" classname="Tests.Regression_Suit" time="0.178"/>
  <testcase name="upload_online_match_without_file" classname="Tests.Regression_Suit" time="0.756"/>
  <testcase name="upload_online_match_invalid_excel_file" classname="Tests.Regression_Suit" time="18.465"/>
  <testcase name="upload_online_match_invalid_image_file" classname="Tests.Regression_Suit" time="13.495"/>
  <testcase name="download_templete_online_matches" classname="Tests.Regression_Suit" time="2.209">
    <failure message="/home/qaautomation/Downloads" type="java.nio.file.NoSuchFileException">java.nio.file.NoSuchFileException: /home/qaautomation/Downloads
	at Tests.Regression_Suit.download_templete_online_matches(Regression_Suit.java:518)
</failure>
    <system-out><![CDATA[

****************
upload_online_match_invalid_image_file     
1

****************

]]></system-out>
  </testcase>
  <testcase name="online_get_task_data" classname="Tests.Regression_Suit" time="14.181">
    <failure message="Unparseable date: &quot;Wed, 20 Sep 2023 05:21:35 GMT&quot;" type="java.text.ParseException">java.text.ParseException: Unparseable date: "Wed, 20 Sep 2023 05:21:35 GMT"
	at Tests.Regression_Suit.online_get_task_data(Regression_Suit.java:522)
</failure>
    <system-out><![CDATA[

****************
download_templete_online_matches     
2

****************

MANUAL
]]></system-out>
  </testcase>
  <testcase name="click_task_details" classname="Tests.Regression_Suit" time="2.893"/>
  <testcase name="online_verify_all_active_skus_from_file" classname="Tests.Regression_Suit" time="5.037"/>
  <testcase name="online_verify_all_inactive_skus_from_file" classname="Tests.Regression_Suit" time="10.674"/>
  <testcase name="online_verify_search_by_sku_name_and_id" classname="Tests.Regression_Suit" time="24.627"/>
  <testcase name="online_verify_search_by_sku_id" classname="Tests.Regression_Suit" time="23.87"/>
  <testcase name="online_verify_search_by_sku_name" classname="Tests.Regression_Suit" time="31.907"/>
  <testcase name="online_click_add_competitor_sku_verify_popup" classname="Tests.Regression_Suit" time="1.394"/>
  <testcase name="online_click_cancel_popup" classname="Tests.Regression_Suit" time="3.431"/>
  <testcase name="online_verify_online_selection" classname="Tests.Regression_Suit" time="1.46"/>
  <testcase name="online_add_online_competitor_sku_match_valid_url" classname="Tests.Regression_Suit" time="2.199"/>
  <testcase name="online_verify_online_match_added" classname="Tests.Regression_Suit" time="4.917"/>
  <testcase name="online_add_online_competitor_sku_invalid_url" classname="Tests.Regression_Suit" time="0.738"/>
  <testcase name="online_verify_add_sku_btn_disable_on_popup_display" classname="Tests.Regression_Suit" time="1.049"/>
  <testcase name="online_verify_add_sku_btn_disable_on_competitor_select" classname="Tests.Regression_Suit" time="1.536"/>
  <testcase name="online_verify_add_sku_btn_disable_on_add_url" classname="Tests.Regression_Suit" time="1.506"/>
  <testcase name="online_verify_offline_selection" classname="Tests.Regression_Suit" time="1.394"/>
  <testcase name="online_add_offline_competitor_sku_match_valid_data_verify_button_disabled_on_sku_name" classname="Tests.Regression_Suit" time="1.408"/>
  <testcase name="online_add_offline_competitor_sku_match_valid_data_verify_button_disabled_on_sku_name_and_competitor_name" classname="Tests.Regression_Suit" time="1.484"/>
  <testcase name="online_add_offline_competitor_sku_match_valid_data_verify_button_disabled_on_sku_name_and_competitor_name_and_price" classname="Tests.Regression_Suit" time="1.649"/>
  <testcase name="online_add_offline_competitor_sku_match_valid_data_verify_button_disabled_on_sku_name_and_competitor_name_and_l1_category" classname="Tests.Regression_Suit" time="1.593"/>
  <testcase name="online_add_offline_competitor_sku_match_valid_data_verify_button_enabled" classname="Tests.Regression_Suit" time="1.625"/>
  <testcase name="online_add_offline_competitor_sku_match_valid_data_click_add_sku_button" classname="Tests.Regression_Suit" time="2.17"/>
  <testcase name="online_verify_offline_competitor_sku_match_added_verify_competitor_sku" classname="Tests.Regression_Suit" time="3.94"/>
  <testcase name="online_verify_offline_competitor_sku_match_added_verify_competitor_name" classname="Tests.Regression_Suit" time="1.402"/>
  <testcase name="online_verify_offline_competitor_sku_match_added_verify_competitor_price" classname="Tests.Regression_Suit" time="2.889"/>
  <testcase name="online_verify_offline_competitor_sku_match_added_verify_competitor_category" classname="Tests.Regression_Suit" time="1.404"/>
  <testcase name="online_verify_database_tab_selection" classname="Tests.Regression_Suit" time="1.446"/>
  <testcase name="online_verify_database_tab_add_btn_disabled" classname="Tests.Regression_Suit" time="1.928"/>
  <testcase name="online_verify_search_btn_disabled" classname="Tests.Regression_Suit" time="1.444"/>
  <testcase name="online_verify_cancel_icon_database_tab" classname="Tests.Regression_Suit" time="3.633"/>
  <testcase name="online_verify_cancel_button_database_tab" classname="Tests.Regression_Suit" time="4.025"/>
  <testcase name="online_verify_search_btn_enabled_on_filter_selection" classname="Tests.Regression_Suit" time="1.675"/>
  <testcase name="online_verify_filter_competitor_name" classname="Tests.Regression_Suit" time="1.394"/>
  <testcase name="online_verify_data_on_filter_by_chaldal_database_tab" classname="Tests.Regression_Suit" time="5.647"/>
  <testcase name="online_verify_data_on_filter_by_pandamart_database_tab" classname="Tests.Regression_Suit" time="6.584"/>
  <testcase name="online_verify_data_on_filter_by_pickaboo_database_tab" classname="Tests.Regression_Suit" time="6.279"/>
  <testcase name="online_verify_data_on_filter_by_shajgoj_database_tab" classname="Tests.Regression_Suit" time="6.509"/>
  <testcase name="online_search_sku_name_against_competitor_database_tab" classname="Tests.Regression_Suit" time="12.184"/>
  <testcase name="online_add_match_database_tab" classname="Tests.Regression_Suit" time="2.893"/>
  <testcase name="online_verify_database_match_added" classname="Tests.Regression_Suit" time="1.427"/>
  <testcase name="online_download_file_task_details" classname="Tests.Regression_Suit" time="2.81">
    <failure message="/home/qaautomation/Downloads" type="java.nio.file.NoSuchFileException">java.nio.file.NoSuchFileException: /home/qaautomation/Downloads
	at Tests.Regression_Suit.online_download_file_task_details(Regression_Suit.java:728)
</failure>
    <system-out><![CDATA[

****************
online_verify_database_match_added     
1

****************

]]></system-out>
  </testcase>
  <testcase name="online_verify_view_matched_item_data" classname="Tests.Regression_Suit" time="1.176"/>
  <testcase name="online_mark_inaccurate" classname="Tests.Regression_Suit" time="4.432"/>
  <testcase name="online_mark_verified" classname="Tests.Regression_Suit" time="6.949"/>
  <testcase name="online_verify_mark_inaccurate_dropdown" classname="Tests.Regression_Suit" time="3.719"/>
  <testcase name="click_SKUMatching_module3" classname="Tests.Regression_Suit" time="0.35"/>
  <testcase name="upload_offline_match_valid_file_click_cancel_button" classname="Tests.Regression_Suit" time="10.423"/>
  <testcase name="upload_offline_match_valid_file_click_upload" classname="Tests.Regression_Suit" time="61.933">
    <failure message="Expected condition failed: waiting for visibility of Proxy element for: DefaultElementLocator &apos;By.cssSelector: div.alert.fade.show&apos; (tried for 60 second(s) with 500 milliseconds interval)" type="org.openqa.selenium.TimeoutException">org.openqa.selenium.TimeoutException: Expected condition failed: waiting for visibility of Proxy element for: DefaultElementLocator 'By.cssSelector: div.alert.fade.show' (tried for 60 second(s) with 500 milliseconds interval)
	at Tests.Regression_Suit.upload_offline_match_valid_file_click_upload(Regression_Suit.java:773)
Caused by: org.openqa.selenium.NoSuchElementException: 
no such element: Unable to locate element: {"method":"css selector","selector":"div.alert.fade.show"}
  (Session info: headless chrome=110.0.5481.177)
For documentation on this error, please visit: https://www.seleniumhq.org/exceptions/no_such_element.html
Build info: version: '3.141.59', revision: 'e82be7d358', time: '2018-11-14T08:17:03'
System info: host: 'ITOPSs-MacBook-Pro-3.local', ip: 'fe80:0:0:0:823:cb32:2264:e298%en0', os.name: 'Mac OS X', os.arch: 'aarch64', os.version: '13.5.1', java.version: '19.0.1'
Driver info: org.openqa.selenium.chrome.ChromeDriver
Capabilities {acceptInsecureCerts: false, browserName: chrome, browserVersion: 110.0.5481.177, chrome: {chromedriverVersion: 110.0.5481.77 (65ed616c6e8e..., userDataDir: /var/folders/cn/t8j6szvx4_n...}, goog:chromeOptions: {debuggerAddress: localhost:54421}, javascriptEnabled: true, networkConnectionEnabled: false, pageLoadStrategy: normal, platform: MAC, platformName: MAC, proxy: Proxy(), setWindowRect: true, strictFileInteractability: false, timeouts: {implicit: 0, pageLoad: 300000, script: 30000}, unhandledPromptBehavior: dismiss and notify, webauthn:extension:credBlob: true, webauthn:extension:largeBlob: true, webauthn:virtualAuthenticators: true}
Session ID: 62004591d3d10c1bfc87c2c3940ba585
*** Element info: {Using=css selector, value=div.alert.fade.show}
	at Tests.Regression_Suit.upload_offline_match_valid_file_click_upload(Regression_Suit.java:773)
</failure>
    <system-out><![CDATA[

****************
upload_offline_match_valid_file_click_cancel_button     
1

****************

]]></system-out>
  </testcase>
  <testcase name="upload_offline_match_valid_file_click_cancel_icon" classname="Tests.Regression_Suit" time="5.466"/>
  <testcase name="upload_offline_match_without_file" classname="Tests.Regression_Suit" time="0.729"/>
  <testcase name="upload_offline_match_invalid_excel_file" classname="Tests.Regression_Suit" time="0.739"/>
  <testcase name="upload_offline_match_invalid_image_file" classname="Tests.Regression_Suit" time="8.474"/>
  <testcase name="download_templete_offline_matches" classname="Tests.Regression_Suit" time="2.379">
    <failure message="/home/qaautomation/Downloads" type="java.nio.file.NoSuchFileException">java.nio.file.NoSuchFileException: /home/qaautomation/Downloads
	at Tests.Regression_Suit.download_templete_offline_matches(Regression_Suit.java:793)
</failure>
    <system-out><![CDATA[

****************
upload_offline_match_invalid_image_file     
1

****************

]]></system-out>
  </testcase>
  <testcase name="offline_get_task_data" classname="Tests.Regression_Suit" time="14.203">
    <failure message="Unparseable date: &quot;Wed, 20 Sep 2023 05:21:35 GMT&quot;" type="java.text.ParseException">java.text.ParseException: Unparseable date: "Wed, 20 Sep 2023 05:21:35 GMT"
	at Tests.Regression_Suit.offline_get_task_data(Regression_Suit.java:797)
</failure>
    <system-out><![CDATA[

****************
download_templete_offline_matches     
2

****************

MANUAL
]]></system-out>
  </testcase>
  <testcase name="offline_click_task_details" classname="Tests.Regression_Suit" time="2.892"/>
  <testcase name="offline_verify_all_active_skus_from_file" classname="Tests.Regression_Suit" time="5.062"/>
  <testcase name="offline_verify_all_inactive_skus_from_file" classname="Tests.Regression_Suit" time="10.714"/>
  <testcase name="offline_verify_search_by_sku_name_and_id" classname="Tests.Regression_Suit" time="24.212"/>
  <testcase name="offline_verify_search_by_sku_id" classname="Tests.Regression_Suit" time="23.933"/>
  <testcase name="offline_verify_search_by_sku_name" classname="Tests.Regression_Suit" time="31.831"/>
  <testcase name="offline_click_add_competitor_sku_verify_popup" classname="Tests.Regression_Suit" time="1.4"/>
  <testcase name="offline_click_cancel_popup" classname="Tests.Regression_Suit" time="3.419"/>
  <testcase name="offline_verify_online_selection" classname="Tests.Regression_Suit" time="1.402"/>
  <testcase name="offline_add_online_competitor_sku_match_valid_url" classname="Tests.Regression_Suit" time="2.736"/>
  <testcase name="offline_verify_online_match_added" classname="Tests.Regression_Suit" time="5.025"/>
  <testcase name="offline_add_online_competitor_sku_invalid_url" classname="Tests.Regression_Suit" time="2.12"/>
  <testcase name="offline_verify_add_sku_btn_disable_on_popup_display" classname="Tests.Regression_Suit" time="1.357"/>
  <testcase name="offline_verify_add_sku_btn_disable_on_competitor_select" classname="Tests.Regression_Suit" time="1.42"/>
  <testcase name="offline_verify_add_sku_btn_disable_on_add_url" classname="Tests.Regression_Suit" time="1.514"/>
  <testcase name="offline_verify_offline_selection" classname="Tests.Regression_Suit" time="1.4"/>
  <testcase name="offline_add_offline_competitor_sku_match_valid_data_verify_button_disabled_on_sku_name" classname="Tests.Regression_Suit" time="1.417"/>
  <testcase name="offline_add_offline_competitor_sku_match_valid_data_verify_button_disabled_on_sku_name_and_competitor_name" classname="Tests.Regression_Suit" time="1.51"/>
  <testcase name="offline_add_offline_competitor_sku_match_valid_data_verify_button_disabled_on_sku_name_and_competitor_name_and_price" classname="Tests.Regression_Suit" time="1.558"/>
  <testcase name="offline_add_offline_competitor_sku_match_valid_data_verify_button_disabled_on_sku_name_and_competitor_name_and_l1_category" classname="Tests.Regression_Suit" time="1.56"/>
  <testcase name="offline_add_offline_competitor_sku_match_valid_data_verify_button_enabled" classname="Tests.Regression_Suit" time="1.635"/>
  <testcase name="offline_add_offline_competitor_sku_match_valid_data_click_add_sku_button" classname="Tests.Regression_Suit" time="2.258"/>
  <testcase name="offline_verify_offline_competitor_sku_match_added_verify_competitor_sku" classname="Tests.Regression_Suit" time="3.952"/>
  <testcase name="offline_verify_offline_competitor_sku_match_added_verify_competitor_name" classname="Tests.Regression_Suit" time="1.409"/>
  <testcase name="offline_verify_offline_competitor_sku_match_added_verify_competitor_price" classname="Tests.Regression_Suit" time="2.857"/>
  <testcase name="offline_verify_offline_competitor_sku_match_added_verify_competitor_category" classname="Tests.Regression_Suit" time="1.381"/>
  <testcase name="offline_verify_database_tab_selection" classname="Tests.Regression_Suit" time="1.421"/>
  <testcase name="offline_verify_database_tab_add_btn_disabled" classname="Tests.Regression_Suit" time="1.922"/>
  <testcase name="offline_verify_search_btn_disabled" classname="Tests.Regression_Suit" time="1.457"/>
  <testcase name="offline_verify_cancel_icon_database_tab" classname="Tests.Regression_Suit" time="3.618"/>
  <testcase name="offline_verify_cancel_button_database_tab" classname="Tests.Regression_Suit" time="4.021"/>
  <testcase name="offline_verify_search_btn_enabled_on_filter_selection" classname="Tests.Regression_Suit" time="1.688"/>
  <testcase name="offline_verify_filter_competitor_name" classname="Tests.Regression_Suit" time="1.407"/>
  <testcase name="offline_verify_data_on_filter_by_chaldal_database_tab" classname="Tests.Regression_Suit" time="5.711"/>
  <testcase name="offline_verify_data_on_filter_by_pandamart_database_tab" classname="Tests.Regression_Suit" time="6.502"/>
  <testcase name="offline_verify_data_on_filter_by_pickaboo_database_tab" classname="Tests.Regression_Suit" time="5.716"/>
  <testcase name="offline_verify_data_on_filter_by_shajgoj_database_tab" classname="Tests.Regression_Suit" time="6.494"/>
  <testcase name="offline_search_sku_name_against_competitor_database_tab" classname="Tests.Regression_Suit" time="12.188"/>
  <testcase name="offline_add_match_database_tab" classname="Tests.Regression_Suit" time="2.931"/>
  <testcase name="offline_verify_database_match_added" classname="Tests.Regression_Suit" time="1.413"/>
  <testcase name="offline_label_user" classname="Tests.Regression_Suit" time="2.067">
    <failure message="expected [Chaldal_bdPandaMartPickaboo_bdShajgojStartech_BDtest competitor] but found [Tech Team]" type="java.lang.AssertionError">java.lang.AssertionError: expected [Chaldal_bdPandaMartPickaboo_bdShajgojStartech_BDtest competitor] but found [Tech Team]
	at Tests.Regression_Suit.offline_label_user(Regression_Suit.java:995)
</failure>
    <system-out><![CDATA[

****************
offline_verify_database_match_added     
1

****************

]]></system-out>
  </testcase>
  <testcase name="offline_label_created_time" classname="Tests.Regression_Suit" time="0.032">
    <failure message="Unparseable date: &quot;Tech Team&quot;" type="java.text.ParseException">java.text.ParseException: Unparseable date: "Tech Team"
	at Tests.Regression_Suit.offline_label_created_time(Regression_Suit.java:998)
</failure>
    <system-out><![CDATA[

****************
offline_label_user     
2

****************

]]></system-out>
  </testcase>
  <testcase name="offline_download_file_task_details" classname="Tests.Regression_Suit" time="2.806">
    <failure message="/home/qaautomation/Downloads" type="java.nio.file.NoSuchFileException">java.nio.file.NoSuchFileException: /home/qaautomation/Downloads
	at Tests.Regression_Suit.offline_download_file_task_details(Regression_Suit.java:1001)
</failure>
    <system-out><![CDATA[

****************
offline_label_created_time     
2

****************

]]></system-out>
  </testcase>
  <testcase name="offline_verify_view_matched_item_data" classname="Tests.Regression_Suit" time="1.185"/>
  <testcase name="offline_mark_inaccurate" classname="Tests.Regression_Suit" time="4.422"/>
  <testcase name="offline_mark_verified" classname="Tests.Regression_Suit" time="6.958"/>
  <testcase name="offline_verify_mark_inaccurate_dropdown" classname="Tests.Regression_Suit" time="3.687"/>
  <testcase name="click_daraz_pricing_database_module" classname="Tests.Regression_Suit" time="9.178"/>
  <testcase name="get_sku_id" classname="Tests.Regression_Suit" time="1.058"/>
  <testcase name="verify_search_sku_name_lower_case" classname="Tests.Regression_Suit" time="99.291"/>
  <testcase name="verify_search_sku_name_upper_case" classname="Tests.Regression_Suit" time="99.423"/>
  <testcase name="verify_search_sku_id_and_name" classname="Tests.Regression_Suit" time="22.834"/>
  <testcase name="verify_search_sku_id" classname="Tests.Regression_Suit" time="18.557"/>
  <testcase name="filter_verify_option" classname="Tests.Regression_Suit" time="0.038"/>
  <testcase name="filter_by_defualt_option_all" classname="Tests.Regression_Suit" time="9.49"/>
  <testcase name="filter_by_higher_than" classname="Tests.Regression_Suit" time="17.028"/>
  <testcase name="filter_by_lower_than" classname="Tests.Regression_Suit" time="16.959"/>
  <testcase name="dpd_verify_view_matched_item_data" classname="Tests.Regression_Suit" time="2.561"/>
  <testcase name="dpd_verify_view_matched_item_data_7th_row" classname="Tests.Regression_Suit" time="2.491"/>
  <testcase name="dpdp_mark_inaccurate" classname="Tests.Regression_Suit" time="4.92"/>
  <testcase name="dpdp_mark_verified" classname="Tests.Regression_Suit" time="8.9"/>
  <testcase name="dpdp_verify_mark_inaccurate_dropdown" classname="Tests.Regression_Suit" time="3.82"/>
</testsuite>