<?xml version="1.0" encoding="UTF-8"?>
<!-- Generated by org.testng.reporters.JUnitReportReporter -->
<testsuite hostname="ITOPSs-MacBook-Pro-3.local" failures="3" tests="81" name="Tests.Regression_Suit" time="865.371" errors="0" timestamp="27 Oct 2023 07:20:31 GMT" skipped="0">
  <testcase classname="Tests.Regression_Suit" name="CheckLogin_Text" time="0.130"/>
  <testcase classname="Tests.Regression_Suit" name="Checklogo" time="0.043"/>
  <testcase classname="Tests.Regression_Suit" name="verifyfooter_text" time="0.030"/>
  <testcase classname="Tests.Regression_Suit" name="verify_case6" time="1.465"/>
  <testcase classname="Tests.Regression_Suit" name="verify_Case5" time="2.583"/>
  <testcase classname="Tests.Regression_Suit" name="verify_Case4" time="1.505"/>
  <testcase classname="Tests.Regression_Suit" name="verify_Case3" time="0.862"/>
  <testcase classname="Tests.Regression_Suit" name="Empty_Login_and_Verify_username_validation" time="0.289"/>
  <testcase classname="Tests.Regression_Suit" name="verify_sucessful_login" time="7.458"/>
  <testcase classname="Tests.Regression_Suit" name="change_venture" time="2.404"/>
  <testcase classname="Tests.Regression_Suit" name="left_menu_scraper_selection" time="2.020"/>
  <testcase classname="Tests.Regression_Suit" name="verify_pagetitle" time="0.063"/>
  <testcase classname="Tests.Regression_Suit" name="get_table_data_before_job_start" time="91.616"/>
  <testcase classname="Tests.Regression_Suit" name="check_cancel_button" time="4.495"/>
  <testcase classname="Tests.Regression_Suit" name="Start_Scraping_Jobs" time="3.021"/>
  <testcase classname="Tests.Regression_Suit" name="Success_msg" time="0.571"/>
  <testcase classname="Tests.Regression_Suit" name="getandcomparedata" time="59.308">
    <failure message="expected [387] but found [386]" type="java.lang.AssertionError">
      <![CDATA[java.lang.AssertionError: expected [387] but found [386]
at org.testng.Assert.fail(Assert.java:96)
at org.testng.Assert.failNotEquals(Assert.java:776)
at org.testng.Assert.assertEqualsImpl(Assert.java:137)
at org.testng.Assert.assertEquals(Assert.java:118)
at org.testng.Assert.assertEquals(Assert.java:652)
at org.testng.Assert.assertEquals(Assert.java:662)
at Pages.ScraperPage.getandcomparedata(ScraperPage.java:169)
at Tests.Regression_Suit.getandcomparedata(Regression_Suit.java:191)
at java.base/jdk.internal.reflect.DirectMethodHandleAccessor.invoke(DirectMethodHandleAccessor.java:104)
at java.base/java.lang.reflect.Method.invoke(Method.java:578)
at org.testng.internal.MethodInvocationHelper.invokeMethod(MethodInvocationHelper.java:124)
at org.testng.internal.Invoker.invokeMethod(Invoker.java:583)
at org.testng.internal.Invoker.invokeTestMethod(Invoker.java:719)
at org.testng.internal.Invoker.invokeTestMethods(Invoker.java:989)
at org.testng.internal.TestMethodWorker.invokeTestMethods(TestMethodWorker.java:125)
at org.testng.internal.TestMethodWorker.run(TestMethodWorker.java:109)
at org.testng.TestRunner.privateRun(TestRunner.java:648)
at org.testng.TestRunner.run(TestRunner.java:505)
at org.testng.SuiteRunner.runTest(SuiteRunner.java:455)
at org.testng.SuiteRunner.runSequentially(SuiteRunner.java:450)
at org.testng.SuiteRunner.privateRun(SuiteRunner.java:415)
at org.testng.SuiteRunner.run(SuiteRunner.java:364)
at org.testng.SuiteRunnerWorker.runSuite(SuiteRunnerWorker.java:52)
at org.testng.SuiteRunnerWorker.run(SuiteRunnerWorker.java:84)
at org.testng.TestNG.runSuitesSequentially(TestNG.java:1208)
at org.testng.TestNG.runSuitesLocally(TestNG.java:1137)
at org.testng.TestNG.runSuites(TestNG.java:1049)
at org.testng.TestNG.run(TestNG.java:1017)
at org.apache.maven.surefire.testng.TestNGExecutor.run(TestNGExecutor.java:135)
at org.apache.maven.surefire.testng.TestNGDirectoryTestSuite.executeSingleClass(TestNGDirectoryTestSuite.java:112)
at org.apache.maven.surefire.testng.TestNGDirectoryTestSuite.execute(TestNGDirectoryTestSuite.java:99)
at org.apache.maven.surefire.testng.TestNGProvider.invoke(TestNGProvider.java:146)
at org.apache.maven.surefire.booter.ForkedBooter.invokeProviderInSameClassLoader(ForkedBooter.java:379)
at org.apache.maven.surefire.booter.ForkedBooter.runSuitesInProcess(ForkedBooter.java:340)
at org.apache.maven.surefire.booter.ForkedBooter.execute(ForkedBooter.java:125)
at org.apache.maven.surefire.booter.ForkedBooter.main(ForkedBooter.java:413)
]]>
    </failure>
  </testcase> <!-- getandcomparedata -->
  <testcase classname="Tests.Regression_Suit" name="verify_select20records" time="25.515"/>
  <testcase classname="Tests.Regression_Suit" name="click_daraz_pricing_database_module" time="9.410"/>
  <testcase classname="Tests.Regression_Suit" name="get_sku_id" time="2.182"/>
  <testcase classname="Tests.Regression_Suit" name="verify_search_sku_name_lower_case" time="99.431"/>
  <testcase classname="Tests.Regression_Suit" name="verify_search_sku_name_upper_case" time="99.346"/>
  <testcase classname="Tests.Regression_Suit" name="verify_search_sku_id_and_name" time="23.063"/>
  <testcase classname="Tests.Regression_Suit" name="verify_search_sku_id" time="18.503"/>
  <testcase classname="Tests.Regression_Suit" name="filter_verify_option" time="0.039"/>
  <testcase classname="Tests.Regression_Suit" name="filter_by_defualt_option_all" time="9.442"/>
  <testcase classname="Tests.Regression_Suit" name="filter_by_higher_than" time="16.842"/>
  <testcase classname="Tests.Regression_Suit" name="filter_by_lower_than" time="16.865"/>
  <testcase classname="Tests.Regression_Suit" name="dpd_verify_view_matched_item_data" time="3.869"/>
  <testcase classname="Tests.Regression_Suit" name="dpd_verify_view_matched_item_data_7th_row" time="2.683"/>
  <testcase classname="Tests.Regression_Suit" name="dpdp_mark_inaccurate" time="9.357"/>
  <testcase classname="Tests.Regression_Suit" name="dpdp_mark_verified" time="13.646"/>
  <testcase classname="Tests.Regression_Suit" name="dpdp_verify_mark_inaccurate_dropdown" time="5.783"/>
  <testcase classname="Tests.Regression_Suit" name="dpdp_click_add_competitor_sku_verify_popup" time="1.892"/>
  <testcase classname="Tests.Regression_Suit" name="dpdp_click_cancel_popup" time="3.966"/>
  <testcase classname="Tests.Regression_Suit" name="dpdp_verify_online_selection" time="1.912"/>
  <testcase classname="Tests.Regression_Suit" name="dpdp_add_online_competitor_sku_match_valid_url" time="7.315">
    <failure message="The following asserts failed:
	expected [Scraping Process Started] but found [Error! Scraping Process Failed]" type="java.lang.AssertionError">
      <![CDATA[java.lang.AssertionError: The following asserts failed:
expected [Scraping Process Started] but found [Error! Scraping Process Failed]
at org.testng.asserts.SoftAssert.assertAll(SoftAssert.java:43)
at Pages.DarazPricingDatabasePage.add_online_competitor_sku_match_valid_url(DarazPricingDatabasePage.java:566)
at Tests.Regression_Suit.dpdp_add_online_competitor_sku_match_valid_url(Regression_Suit.java:1106)
at java.base/jdk.internal.reflect.DirectMethodHandleAccessor.invoke(DirectMethodHandleAccessor.java:104)
at java.base/java.lang.reflect.Method.invoke(Method.java:578)
at org.testng.internal.MethodInvocationHelper.invokeMethod(MethodInvocationHelper.java:124)
at org.testng.internal.Invoker.invokeMethod(Invoker.java:583)
at org.testng.internal.Invoker.invokeTestMethod(Invoker.java:719)
at org.testng.internal.Invoker.invokeTestMethods(Invoker.java:989)
at org.testng.internal.TestMethodWorker.invokeTestMethods(TestMethodWorker.java:125)
at org.testng.internal.TestMethodWorker.run(TestMethodWorker.java:109)
at org.testng.TestRunner.privateRun(TestRunner.java:648)
at org.testng.TestRunner.run(TestRunner.java:505)
at org.testng.SuiteRunner.runTest(SuiteRunner.java:455)
at org.testng.SuiteRunner.runSequentially(SuiteRunner.java:450)
at org.testng.SuiteRunner.privateRun(SuiteRunner.java:415)
at org.testng.SuiteRunner.run(SuiteRunner.java:364)
at org.testng.SuiteRunnerWorker.runSuite(SuiteRunnerWorker.java:52)
at org.testng.SuiteRunnerWorker.run(SuiteRunnerWorker.java:84)
at org.testng.TestNG.runSuitesSequentially(TestNG.java:1208)
at org.testng.TestNG.runSuitesLocally(TestNG.java:1137)
at org.testng.TestNG.runSuites(TestNG.java:1049)
at org.testng.TestNG.run(TestNG.java:1017)
at org.apache.maven.surefire.testng.TestNGExecutor.run(TestNGExecutor.java:135)
at org.apache.maven.surefire.testng.TestNGDirectoryTestSuite.executeSingleClass(TestNGDirectoryTestSuite.java:112)
at org.apache.maven.surefire.testng.TestNGDirectoryTestSuite.execute(TestNGDirectoryTestSuite.java:99)
at org.apache.maven.surefire.testng.TestNGProvider.invoke(TestNGProvider.java:146)
at org.apache.maven.surefire.booter.ForkedBooter.invokeProviderInSameClassLoader(ForkedBooter.java:379)
at org.apache.maven.surefire.booter.ForkedBooter.runSuitesInProcess(ForkedBooter.java:340)
at org.apache.maven.surefire.booter.ForkedBooter.execute(ForkedBooter.java:125)
at org.apache.maven.surefire.booter.ForkedBooter.main(ForkedBooter.java:413)
]]>
    </failure>
  </testcase> <!-- dpdp_add_online_competitor_sku_match_valid_url -->
  <testcase classname="Tests.Regression_Suit" name="dpdp_verify_online_match_added" time="9.175"/>
  <testcase classname="Tests.Regression_Suit" name="dpdp_add_online_competitor_sku_invalid_url" time="11.802"/>
  <testcase classname="Tests.Regression_Suit" name="dpdp_verify_add_sku_btn_disable_on_popup_display" time="9.006"/>
  <testcase classname="Tests.Regression_Suit" name="dpdp_verify_add_sku_btn_disable_on_competitor_select" time="9.074"/>
  <testcase classname="Tests.Regression_Suit" name="dpdp_verify_add_sku_btn_disable_on_add_url" time="9.213"/>
  <testcase classname="Tests.Regression_Suit" name="dpdp_verify_offline_selection" time="9.841"/>
  <testcase classname="Tests.Regression_Suit" name="dpdp_add_offline_competitor_sku_match_valid_data_verify_button_disabled_on_sku_name" time="9.140"/>
  <testcase classname="Tests.Regression_Suit" name="dpdp_add_offline_competitor_sku_match_valid_data_verify_button_disabled_on_sku_name_and_competitor_name" time="9.218"/>
  <testcase classname="Tests.Regression_Suit" name="dpdp_add_offline_competitor_sku_match_valid_data_verify_button_disabled_on_sku_name_and_competitor_name_and_price" time="9.224"/>
  <testcase classname="Tests.Regression_Suit" name="dpdp_add_offline_competitor_sku_match_valid_data_verify_button_disabled_on_sku_name_and_competitor_name_and_l1_category" time="9.289"/>
  <testcase classname="Tests.Regression_Suit" name="dpdp_add_offline_competitor_sku_match_valid_data_verify_button_enabled" time="9.347"/>
  <testcase classname="Tests.Regression_Suit" name="dpdp_add_offline_competitor_sku_match_valid_data_click_add_sku_button" time="9.888"/>
  <testcase classname="Tests.Regression_Suit" name="dpdp_verify_offline_competitor_sku_match_added_verify_competitor_sku" time="9.131"/>
  <testcase classname="Tests.Regression_Suit" name="dpdp_verify_offline_competitor_sku_match_added_verify_competitor_name" time="9.069"/>
  <testcase classname="Tests.Regression_Suit" name="dpdp_verify_offline_competitor_sku_match_added_verify_competitor_price" time="9.040"/>
  <testcase classname="Tests.Regression_Suit" name="dpdp_verify_offline_competitor_sku_match_added_verify_competitor_category" time="9.061"/>
  <testcase classname="Tests.Regression_Suit" name="dpdp_verify_database_tab_selection" time="9.086"/>
  <testcase classname="Tests.Regression_Suit" name="dpdp_verify_database_tab_add_btn_disabled" time="9.579"/>
  <testcase classname="Tests.Regression_Suit" name="dpdp_verify_search_btn_disabled" time="9.022"/>
  <testcase classname="Tests.Regression_Suit" name="dpdp_verify_cancel_icon_database_tab" time="11.399"/>
  <testcase classname="Tests.Regression_Suit" name="dpdp_verify_cancel_button_database_tab" time="11.888"/>
  <testcase classname="Tests.Regression_Suit" name="dpdp_verify_search_btn_enabled_on_filter_selection" time="10.265"/>
  <testcase classname="Tests.Regression_Suit" name="dpdp_verify_filter_competitor_name" time="9.081"/>
  <testcase classname="Tests.Regression_Suit" name="dpdp_verify_data_on_filter_by_chaldal_database_tab" time="13.473"/>
  <testcase classname="Tests.Regression_Suit" name="dpdp_verify_data_on_filter_by_pandamart_database_tab" time="13.534"/>
  <testcase classname="Tests.Regression_Suit" name="dpdp_verify_data_on_filter_by_pickaboo_database_tab" time="13.429"/>
  <testcase classname="Tests.Regression_Suit" name="dpdp_verify_data_on_filter_by_shajgoj_database_tab" time="13.311"/>
  <testcase classname="Tests.Regression_Suit" name="dpdp_search_sku_name_against_competitor_database_tab" time="10.234"/>
  <testcase classname="Tests.Regression_Suit" name="dpdp_add_match_database_tab" time="10.923"/>
  <testcase classname="Tests.Regression_Suit" name="dpdp_dpdp_verify_database_match_added" time="8.413"/>
  <testcase classname="Tests.Regression_Suit" name="click_verfication_queue_module" time="0.282"/>
  <testcase classname="Tests.Regression_Suit" name="verify_sortby_filter" time="0.026"/>
  <testcase classname="Tests.Regression_Suit" name="Select_SortBy_filters" time="6.061"/>
  <testcase classname="Tests.Regression_Suit" name="verify_Competitors_filters" time="2.783"/>
  <testcase classname="Tests.Regression_Suit" name="select_competitors" time="0.117"/>
  <testcase classname="Tests.Regression_Suit" name="verify_l1_cateogry_filter" time="0.341"/>
  <testcase classname="Tests.Regression_Suit" name="select_l1_cateogry" time="2.164"/>
  <testcase classname="Tests.Regression_Suit" name="verify_business_type_filter" time="0.035"/>
  <testcase classname="Tests.Regression_Suit" name="select_business_type_filter" time="0.126"/>
  <testcase classname="Tests.Regression_Suit" name="verify_match_age_filter" time="0.034"/>
  <testcase classname="Tests.Regression_Suit" name="select_match_age_filter" time="0.072"/>
  <testcase classname="Tests.Regression_Suit" name="verify_industry_filter" time="0.093">
    <failure message="expected [All
GM
EL
FMCG
Fashion
Others
Digital Goods
Mobiles &amp; Tablets
Kitchen &amp; Dining] but found [All
Fashion
18
Digital Goods
Mobiles &amp; Tablets
0.0
GM
FMCG
Kitchen &amp; Dining
EL
Others]" type="java.lang.AssertionError">
      <![CDATA[java.lang.AssertionError: expected [All
GM
EL
FMCG
Fashion
Others
Digital Goods
Mobiles & Tablets
Kitchen & Dining] but found [All
Fashion
18
Digital Goods
Mobiles & Tablets
0.0
GM
FMCG
Kitchen & Dining
EL
Others]
at org.testng.Assert.fail(Assert.java:96)
at org.testng.Assert.failNotEquals(Assert.java:776)
at org.testng.Assert.assertEqualsImpl(Assert.java:137)
at org.testng.Assert.assertEquals(Assert.java:118)
at org.testng.Assert.assertEquals(Assert.java:453)
at org.testng.Assert.assertEquals(Assert.java:463)
at Pages.VerificationQueuePage.verify_industry_filter(VerificationQueuePage.java:153)
at Tests.Regression_Suit.verify_industry_filter(Regression_Suit.java:1290)
at java.base/jdk.internal.reflect.DirectMethodHandleAccessor.invoke(DirectMethodHandleAccessor.java:104)
at java.base/java.lang.reflect.Method.invoke(Method.java:578)
at org.testng.internal.MethodInvocationHelper.invokeMethod(MethodInvocationHelper.java:124)
at org.testng.internal.Invoker.invokeMethod(Invoker.java:583)
at org.testng.internal.Invoker.invokeTestMethod(Invoker.java:719)
at org.testng.internal.Invoker.invokeTestMethods(Invoker.java:989)
at org.testng.internal.TestMethodWorker.invokeTestMethods(TestMethodWorker.java:125)
at org.testng.internal.TestMethodWorker.run(TestMethodWorker.java:109)
at org.testng.TestRunner.privateRun(TestRunner.java:648)
at org.testng.TestRunner.run(TestRunner.java:505)
at org.testng.SuiteRunner.runTest(SuiteRunner.java:455)
at org.testng.SuiteRunner.runSequentially(SuiteRunner.java:450)
at org.testng.SuiteRunner.privateRun(SuiteRunner.java:415)
at org.testng.SuiteRunner.run(SuiteRunner.java:364)
at org.testng.SuiteRunnerWorker.runSuite(SuiteRunnerWorker.java:52)
at org.testng.SuiteRunnerWorker.run(SuiteRunnerWorker.java:84)
at org.testng.TestNG.runSuitesSequentially(TestNG.java:1208)
at org.testng.TestNG.runSuitesLocally(TestNG.java:1137)
at org.testng.TestNG.runSuites(TestNG.java:1049)
at org.testng.TestNG.run(TestNG.java:1017)
at org.apache.maven.surefire.testng.TestNGExecutor.run(TestNGExecutor.java:135)
at org.apache.maven.surefire.testng.TestNGDirectoryTestSuite.executeSingleClass(TestNGDirectoryTestSuite.java:112)
at org.apache.maven.surefire.testng.TestNGDirectoryTestSuite.execute(TestNGDirectoryTestSuite.java:99)
at org.apache.maven.surefire.testng.TestNGProvider.invoke(TestNGProvider.java:146)
at org.apache.maven.surefire.booter.ForkedBooter.invokeProviderInSameClassLoader(ForkedBooter.java:379)
at org.apache.maven.surefire.booter.ForkedBooter.runSuitesInProcess(ForkedBooter.java:340)
at org.apache.maven.surefire.booter.ForkedBooter.execute(ForkedBooter.java:125)
at org.apache.maven.surefire.booter.ForkedBooter.main(ForkedBooter.java:413)
]]>
    </failure>
  </testcase> <!-- verify_industry_filter -->
  <testcase classname="Tests.Regression_Suit" name="verify_stock_filter" time="0.035"/>
  <testcase classname="Tests.Regression_Suit" name="click_filter_button" time="0.123"/>
</testsuite> <!-- Tests.Regression_Suit -->
