<?xml version="1.0" encoding="UTF-8"?>
<!-- Generated by org.testng.reporters.JUnitReportReporter -->
<testsuite hostname="ITOPSs-MacBook-Pro-3.local" failures="2" tests="198" name="Tests.Regression_Suit" time="1406.478" errors="11" timestamp="20 Sept 2023 05:36:56 GMT" skipped="0">
  <testcase classname="Tests.Regression_Suit" name="CheckLogin_Text" time="0.186"/>
  <testcase classname="Tests.Regression_Suit" name="Checklogo" time="0.049"/>
  <testcase classname="Tests.Regression_Suit" name="verifyfooter_text" time="0.028"/>
  <testcase classname="Tests.Regression_Suit" name="verify_case6" time="1.335"/>
  <testcase classname="Tests.Regression_Suit" name="verify_Case5" time="2.933"/>
  <testcase classname="Tests.Regression_Suit" name="verify_Case4" time="1.514"/>
  <testcase classname="Tests.Regression_Suit" name="verify_Case3" time="0.868"/>
  <testcase classname="Tests.Regression_Suit" name="Empty_Login_and_Verify_username_validation" time="0.571"/>
  <testcase classname="Tests.Regression_Suit" name="verify_sucessful_login" time="7.525"/>
  <testcase classname="Tests.Regression_Suit" name="change_venture_BD" time="10.300"/>
  <testcase classname="Tests.Regression_Suit" name="left_menu_scraper_selection" time="0.400"/>
  <testcase classname="Tests.Regression_Suit" name="verify_pagetitle" time="0.300"/>
  <testcase classname="Tests.Regression_Suit" name="get_table_data_before_job_start" time="91.944"/>
  <testcase classname="Tests.Regression_Suit" name="check_cancel_button" time="3.420"/>
  <testcase classname="Tests.Regression_Suit" name="Start_Scraping_Jobs" time="7.210"/>
  <testcase classname="Tests.Regression_Suit" name="Success_msg" time="1.099"/>
  <testcase classname="Tests.Regression_Suit" name="getandcomparedata" time="59.497">
    <failure message="expected [147] but found [145]" type="java.lang.AssertionError">
      <![CDATA[java.lang.AssertionError: expected [147] but found [145]
at org.testng.Assert.fail(Assert.java:96)
at org.testng.Assert.failNotEquals(Assert.java:776)
at org.testng.Assert.assertEqualsImpl(Assert.java:137)
at org.testng.Assert.assertEquals(Assert.java:118)
at org.testng.Assert.assertEquals(Assert.java:652)
at org.testng.Assert.assertEquals(Assert.java:662)
at Pages.ScraperPage.getandcomparedata(ScraperPage.java:138)
at Tests.Regression_Suit.getandcomparedata(Regression_Suit.java:180)
at java.base/jdk.internal.reflect.DirectMethodHandleAccessor.invoke(DirectMethodHandleAccessor.java:104)
at java.base/java.lang.reflect.Method.invoke(Method.java:578)
at org.testng.internal.MethodInvocationHelper.invokeMethod(MethodInvocationHelper.java:124)
at org.testng.internal.Invoker.invokeMethod(Invoker.java:583)
at org.testng.internal.Invoker.invokeTestMethod(Invoker.java:719)
at org.testng.internal.Invoker.invokeTestMethods(Invoker.java:989)
at org.testng.internal.TestMethodWorker.invokeTestMethods(TestMethodWorker.java:125)
at org.testng.internal.TestMethodWorker.run(TestMethodWorker.java:109)
at org.testng.TestRunner.privateRun(TestRunner.java:648)
at org.testng.TestRunner.run(TestRunner.java:505)
at org.testng.SuiteRunner.runTest(SuiteRunner.java:455)
at org.testng.SuiteRunner.runSequentially(SuiteRunner.java:450)
at org.testng.SuiteRunner.privateRun(SuiteRunner.java:415)
at org.testng.SuiteRunner.run(SuiteRunner.java:364)
at org.testng.SuiteRunnerWorker.runSuite(SuiteRunnerWorker.java:52)
at org.testng.SuiteRunnerWorker.run(SuiteRunnerWorker.java:84)
at org.testng.TestNG.runSuitesSequentially(TestNG.java:1208)
at org.testng.TestNG.runSuitesLocally(TestNG.java:1137)
at org.testng.TestNG.runSuites(TestNG.java:1049)
at org.testng.TestNG.run(TestNG.java:1017)
at org.apache.maven.surefire.testng.TestNGExecutor.run(TestNGExecutor.java:135)
at org.apache.maven.surefire.testng.TestNGDirectoryTestSuite.executeSingleClass(TestNGDirectoryTestSuite.java:112)
at org.apache.maven.surefire.testng.TestNGDirectoryTestSuite.execute(TestNGDirectoryTestSuite.java:99)
at org.apache.maven.surefire.testng.TestNGProvider.invoke(TestNGProvider.java:146)
at org.apache.maven.surefire.booter.ForkedBooter.invokeProviderInSameClassLoader(ForkedBooter.java:379)
at org.apache.maven.surefire.booter.ForkedBooter.runSuitesInProcess(ForkedBooter.java:340)
at org.apache.maven.surefire.booter.ForkedBooter.execute(ForkedBooter.java:125)
at org.apache.maven.surefire.booter.ForkedBooter.main(ForkedBooter.java:413)
]]>
    </failure>
  </testcase> <!-- getandcomparedata -->
  <testcase classname="Tests.Regression_Suit" name="verify_select20records" time="25.417"/>
  <testcase classname="Tests.Regression_Suit" name="verify_click_SKUMatching_module" time="0.484"/>
  <testcase classname="Tests.Regression_Suit" name="verify_Create_task_popup" time="0.674"/>
  <testcase classname="Tests.Regression_Suit" name="verify_create_task_popup_cancel_btn" time="2.091"/>
  <testcase classname="Tests.Regression_Suit" name="create_task_popup_cancel_icon" time="2.632"/>
  <testcase classname="Tests.Regression_Suit" name="verify_double_click_chaldal_remove_selection" time="4.889"/>
  <testcase classname="Tests.Regression_Suit" name="verify_check_single_competitor_selection" time="7.166"/>
  <testcase classname="Tests.Regression_Suit" name="verify_check_multiple_competitor_selection" time="7.740"/>
  <testcase classname="Tests.Regression_Suit" name="verify_Create_task_replace_file" time="3.443"/>
  <testcase classname="Tests.Regression_Suit" name="download_create_task_templete" time="2.876">
    <error message="/home/qaautomation/Downloads" type="java.nio.file.NoSuchFileException">
      <![CDATA[java.nio.file.NoSuchFileException: /home/qaautomation/Downloads
at java.base/sun.nio.fs.UnixException.translateToIOException(UnixException.java:92)
at java.base/sun.nio.fs.UnixException.rethrowAsIOException(UnixException.java:106)
at java.base/sun.nio.fs.UnixException.rethrowAsIOException(UnixException.java:111)
at java.base/sun.nio.fs.UnixFileSystemProvider.newDirectoryStream(UnixFileSystemProvider.java:420)
at java.base/java.nio.file.Files.newDirectoryStream(Files.java:482)
at java.base/java.nio.file.Files.list(Files.java:3791)
at Pages.SKUMatchingPage.download_create_task_templete(SKUMatchingPage.java:210)
at Tests.Regression_Suit.download_create_task_templete(Regression_Suit.java:221)
at java.base/jdk.internal.reflect.DirectMethodHandleAccessor.invoke(DirectMethodHandleAccessor.java:104)
at java.base/java.lang.reflect.Method.invoke(Method.java:578)
at org.testng.internal.MethodInvocationHelper.invokeMethod(MethodInvocationHelper.java:124)
at org.testng.internal.Invoker.invokeMethod(Invoker.java:583)
at org.testng.internal.Invoker.invokeTestMethod(Invoker.java:719)
at org.testng.internal.Invoker.invokeTestMethods(Invoker.java:989)
at org.testng.internal.TestMethodWorker.invokeTestMethods(TestMethodWorker.java:125)
at org.testng.internal.TestMethodWorker.run(TestMethodWorker.java:109)
at org.testng.TestRunner.privateRun(TestRunner.java:648)
at org.testng.TestRunner.run(TestRunner.java:505)
at org.testng.SuiteRunner.runTest(SuiteRunner.java:455)
at org.testng.SuiteRunner.runSequentially(SuiteRunner.java:450)
at org.testng.SuiteRunner.privateRun(SuiteRunner.java:415)
at org.testng.SuiteRunner.run(SuiteRunner.java:364)
at org.testng.SuiteRunnerWorker.runSuite(SuiteRunnerWorker.java:52)
at org.testng.SuiteRunnerWorker.run(SuiteRunnerWorker.java:84)
at org.testng.TestNG.runSuitesSequentially(TestNG.java:1208)
at org.testng.TestNG.runSuitesLocally(TestNG.java:1137)
at org.testng.TestNG.runSuites(TestNG.java:1049)
at org.testng.TestNG.run(TestNG.java:1017)
at org.apache.maven.surefire.testng.TestNGExecutor.run(TestNGExecutor.java:135)
at org.apache.maven.surefire.testng.TestNGDirectoryTestSuite.executeSingleClass(TestNGDirectoryTestSuite.java:112)
at org.apache.maven.surefire.testng.TestNGDirectoryTestSuite.execute(TestNGDirectoryTestSuite.java:99)
at org.apache.maven.surefire.testng.TestNGProvider.invoke(TestNGProvider.java:146)
at org.apache.maven.surefire.booter.ForkedBooter.invokeProviderInSameClassLoader(ForkedBooter.java:379)
at org.apache.maven.surefire.booter.ForkedBooter.runSuitesInProcess(ForkedBooter.java:340)
at org.apache.maven.surefire.booter.ForkedBooter.execute(ForkedBooter.java:125)
at org.apache.maven.surefire.booter.ForkedBooter.main(ForkedBooter.java:413)
]]>
    </error>
  </testcase> <!-- download_create_task_templete -->
  <testcase classname="Tests.Regression_Suit" name="get_table_data_before_create_task" time="19.695"/>
  <testcase classname="Tests.Regression_Suit" name="verify_create_task" time="21.910"/>
  <testcase classname="Tests.Regression_Suit" name="verify_get_task_data" time="14.221">
    <error message="Unparseable date: &quot;Wed, 20 Sep 2023 05:18:18 GMT&quot;" type="java.text.ParseException">
      <![CDATA[java.text.ParseException: Unparseable date: "Wed, 20 Sep 2023 05:18:18 GMT"
at java.base/java.text.DateFormat.parse(DateFormat.java:399)
at Pages.SKUMatchingPage.get_task_data(SKUMatchingPage.java:235)
at Tests.Regression_Suit.verify_get_task_data(Regression_Suit.java:240)
at java.base/jdk.internal.reflect.DirectMethodHandleAccessor.invoke(DirectMethodHandleAccessor.java:104)
at java.base/java.lang.reflect.Method.invoke(Method.java:578)
at org.testng.internal.MethodInvocationHelper.invokeMethod(MethodInvocationHelper.java:124)
at org.testng.internal.Invoker.invokeMethod(Invoker.java:583)
at org.testng.internal.Invoker.invokeTestMethod(Invoker.java:719)
at org.testng.internal.Invoker.invokeTestMethods(Invoker.java:989)
at org.testng.internal.TestMethodWorker.invokeTestMethods(TestMethodWorker.java:125)
at org.testng.internal.TestMethodWorker.run(TestMethodWorker.java:109)
at org.testng.TestRunner.privateRun(TestRunner.java:648)
at org.testng.TestRunner.run(TestRunner.java:505)
at org.testng.SuiteRunner.runTest(SuiteRunner.java:455)
at org.testng.SuiteRunner.runSequentially(SuiteRunner.java:450)
at org.testng.SuiteRunner.privateRun(SuiteRunner.java:415)
at org.testng.SuiteRunner.run(SuiteRunner.java:364)
at org.testng.SuiteRunnerWorker.runSuite(SuiteRunnerWorker.java:52)
at org.testng.SuiteRunnerWorker.run(SuiteRunnerWorker.java:84)
at org.testng.TestNG.runSuitesSequentially(TestNG.java:1208)
at org.testng.TestNG.runSuitesLocally(TestNG.java:1137)
at org.testng.TestNG.runSuites(TestNG.java:1049)
at org.testng.TestNG.run(TestNG.java:1017)
at org.apache.maven.surefire.testng.TestNGExecutor.run(TestNGExecutor.java:135)
at org.apache.maven.surefire.testng.TestNGDirectoryTestSuite.executeSingleClass(TestNGDirectoryTestSuite.java:112)
at org.apache.maven.surefire.testng.TestNGDirectoryTestSuite.execute(TestNGDirectoryTestSuite.java:99)
at org.apache.maven.surefire.testng.TestNGProvider.invoke(TestNGProvider.java:146)
at org.apache.maven.surefire.booter.ForkedBooter.invokeProviderInSameClassLoader(ForkedBooter.java:379)
at org.apache.maven.surefire.booter.ForkedBooter.runSuitesInProcess(ForkedBooter.java:340)
at org.apache.maven.surefire.booter.ForkedBooter.execute(ForkedBooter.java:125)
at org.apache.maven.surefire.booter.ForkedBooter.main(ForkedBooter.java:413)
]]>
    </error>
  </testcase> <!-- verify_get_task_data -->
  <testcase classname="Tests.Regression_Suit" name="verify_task_created" time="39.469"/>
  <testcase classname="Tests.Regression_Suit" name="verify_click_task_details" time="2.867"/>
  <testcase classname="Tests.Regression_Suit" name="verify_matching_status_filter" time="0.062"/>
  <testcase classname="Tests.Regression_Suit" name="verify_all_active_skus_from_file" time="4.796"/>
  <testcase classname="Tests.Regression_Suit" name="click_add_competitor_sku_verify_popup" time="1.647"/>
  <testcase classname="Tests.Regression_Suit" name="click_cancel_popup" time="3.516"/>
  <testcase classname="Tests.Regression_Suit" name="verify_online_selection" time="1.478"/>
  <testcase classname="Tests.Regression_Suit" name="add_online_competitor_sku_match_valid_url" time="3.915"/>
  <testcase classname="Tests.Regression_Suit" name="verify_online_match_added" time="5.585"/>
  <testcase classname="Tests.Regression_Suit" name="add_online_competitor_sku_invalid_url" time="2.288"/>
  <testcase classname="Tests.Regression_Suit" name="verify_add_sku_btn_disable_on_popup_display" time="1.374"/>
  <testcase classname="Tests.Regression_Suit" name="verify_add_sku_btn_disable_on_competitor_select" time="1.492"/>
  <testcase classname="Tests.Regression_Suit" name="verify_add_sku_btn_disable_on_add_url" time="1.576"/>
  <testcase classname="Tests.Regression_Suit" name="verify_offline_selection" time="1.445"/>
  <testcase classname="Tests.Regression_Suit" name="add_offline_competitor_sku_match_valid_data_verify_button_disabled_on_sku_name" time="1.745"/>
  <testcase classname="Tests.Regression_Suit" name="add_offline_competitor_sku_match_valid_data_verify_button_disabled_on_sku_name_and_competitor_name" time="1.948"/>
  <testcase classname="Tests.Regression_Suit" name="add_offline_competitor_sku_match_valid_data_verify_button_disabled_on_sku_name_and_competitor_name_and_price" time="2.453"/>
  <testcase classname="Tests.Regression_Suit" name="add_offline_competitor_sku_match_valid_data_verify_button_disabled_on_sku_name_and_competitor_name_and_l1_category" time="2.383"/>
  <testcase classname="Tests.Regression_Suit" name="add_offline_competitor_sku_match_valid_data_verify_button_enabled" time="1.644"/>
  <testcase classname="Tests.Regression_Suit" name="add_offline_competitor_sku_match_valid_data_click_add_sku_button" time="2.452"/>
  <testcase classname="Tests.Regression_Suit" name="verify_offline_competitor_sku_match_added_verify_competitor_sku" time="3.911"/>
  <testcase classname="Tests.Regression_Suit" name="verify_offline_competitor_sku_match_added_verify_competitor_name" time="2.154"/>
  <testcase classname="Tests.Regression_Suit" name="verify_offline_competitor_sku_match_added_verify_competitor_price" time="2.920"/>
  <testcase classname="Tests.Regression_Suit" name="verify_offline_competitor_sku_match_added_verify_competitor_category" time="2.099"/>
  <testcase classname="Tests.Regression_Suit" name="verify_database_tab_selection" time="1.600"/>
  <testcase classname="Tests.Regression_Suit" name="verify_database_tab_add_btn_disabled" time="2.049"/>
  <testcase classname="Tests.Regression_Suit" name="verify_search_btn_disabled" time="1.489"/>
  <testcase classname="Tests.Regression_Suit" name="verify_cancel_icon_database_tab" time="3.763"/>
  <testcase classname="Tests.Regression_Suit" name="verify_cancel_button_database_tab" time="4.060"/>
  <testcase classname="Tests.Regression_Suit" name="verify_search_btn_enabled_on_filter_selection" time="1.765"/>
  <testcase classname="Tests.Regression_Suit" name="verify_filter_competitor_name" time="1.432"/>
  <testcase classname="Tests.Regression_Suit" name="verify_data_on_filter_by_chaldal_database_tab" time="5.668"/>
  <testcase classname="Tests.Regression_Suit" name="verify_data_on_filter_by_pandamart_database_tab" time="6.567"/>
  <testcase classname="Tests.Regression_Suit" name="verify_data_on_filter_by_pickaboo_database_tab" time="5.722"/>
  <testcase classname="Tests.Regression_Suit" name="verify_data_on_filter_by_shajgoj_database_tab" time="6.487"/>
  <testcase classname="Tests.Regression_Suit" name="search_sku_name_against_competitor_database_tab" time="12.259"/>
  <testcase classname="Tests.Regression_Suit" name="add_match_database_tab" time="3.186"/>
  <testcase classname="Tests.Regression_Suit" name="verify_database_match_added" time="1.566"/>
  <testcase classname="Tests.Regression_Suit" name="download_file_task_details" time="2.802">
    <error message="/home/qaautomation/Downloads" type="java.nio.file.NoSuchFileException">
      <![CDATA[java.nio.file.NoSuchFileException: /home/qaautomation/Downloads
at java.base/sun.nio.fs.UnixException.translateToIOException(UnixException.java:92)
at java.base/sun.nio.fs.UnixException.rethrowAsIOException(UnixException.java:106)
at java.base/sun.nio.fs.UnixException.rethrowAsIOException(UnixException.java:111)
at java.base/sun.nio.fs.UnixFileSystemProvider.newDirectoryStream(UnixFileSystemProvider.java:420)
at java.base/java.nio.file.Files.newDirectoryStream(Files.java:482)
at java.base/java.nio.file.Files.list(Files.java:3791)
at Pages.SKUMatchingPage.download_file_task_details(SKUMatchingPage.java:1192)
at Tests.Regression_Suit.download_file_task_details(Regression_Suit.java:453)
at java.base/jdk.internal.reflect.DirectMethodHandleAccessor.invoke(DirectMethodHandleAccessor.java:104)
at java.base/java.lang.reflect.Method.invoke(Method.java:578)
at org.testng.internal.MethodInvocationHelper.invokeMethod(MethodInvocationHelper.java:124)
at org.testng.internal.Invoker.invokeMethod(Invoker.java:583)
at org.testng.internal.Invoker.invokeTestMethod(Invoker.java:719)
at org.testng.internal.Invoker.invokeTestMethods(Invoker.java:989)
at org.testng.internal.TestMethodWorker.invokeTestMethods(TestMethodWorker.java:125)
at org.testng.internal.TestMethodWorker.run(TestMethodWorker.java:109)
at org.testng.TestRunner.privateRun(TestRunner.java:648)
at org.testng.TestRunner.run(TestRunner.java:505)
at org.testng.SuiteRunner.runTest(SuiteRunner.java:455)
at org.testng.SuiteRunner.runSequentially(SuiteRunner.java:450)
at org.testng.SuiteRunner.privateRun(SuiteRunner.java:415)
at org.testng.SuiteRunner.run(SuiteRunner.java:364)
at org.testng.SuiteRunnerWorker.runSuite(SuiteRunnerWorker.java:52)
at org.testng.SuiteRunnerWorker.run(SuiteRunnerWorker.java:84)
at org.testng.TestNG.runSuitesSequentially(TestNG.java:1208)
at org.testng.TestNG.runSuitesLocally(TestNG.java:1137)
at org.testng.TestNG.runSuites(TestNG.java:1049)
at org.testng.TestNG.run(TestNG.java:1017)
at org.apache.maven.surefire.testng.TestNGExecutor.run(TestNGExecutor.java:135)
at org.apache.maven.surefire.testng.TestNGDirectoryTestSuite.executeSingleClass(TestNGDirectoryTestSuite.java:112)
at org.apache.maven.surefire.testng.TestNGDirectoryTestSuite.execute(TestNGDirectoryTestSuite.java:99)
at org.apache.maven.surefire.testng.TestNGProvider.invoke(TestNGProvider.java:146)
at org.apache.maven.surefire.booter.ForkedBooter.invokeProviderInSameClassLoader(ForkedBooter.java:379)
at org.apache.maven.surefire.booter.ForkedBooter.runSuitesInProcess(ForkedBooter.java:340)
at org.apache.maven.surefire.booter.ForkedBooter.execute(ForkedBooter.java:125)
at org.apache.maven.surefire.booter.ForkedBooter.main(ForkedBooter.java:413)
]]>
    </error>
  </testcase> <!-- download_file_task_details -->
  <testcase classname="Tests.Regression_Suit" name="verify_view_matched_item_data" time="1.342"/>
  <testcase classname="Tests.Regression_Suit" name="mark_inaccurate" time="4.646"/>
  <testcase classname="Tests.Regression_Suit" name="mark_verified" time="6.995"/>
  <testcase classname="Tests.Regression_Suit" name="verify_mark_inaccurate_dropdown" time="3.792"/>
  <testcase classname="Tests.Regression_Suit" name="click_SKUMatching_module" time="0.285"/>
  <testcase classname="Tests.Regression_Suit" name="upload_online_match_valid_file_click_upload" time="11.869"/>
  <testcase classname="Tests.Regression_Suit" name="upload_online_match_valid_file_click_cancel_button" time="11.114"/>
  <testcase classname="Tests.Regression_Suit" name="upload_online_match_valid_file_click_cancel_icon" time="0.180"/>
  <testcase classname="Tests.Regression_Suit" name="upload_online_match_without_file" time="0.757"/>
  <testcase classname="Tests.Regression_Suit" name="upload_online_match_invalid_excel_file" time="18.464"/>
  <testcase classname="Tests.Regression_Suit" name="upload_online_match_invalid_image_file" time="13.649"/>
  <testcase classname="Tests.Regression_Suit" name="download_templete_online_matches" time="2.205">
    <error message="/home/qaautomation/Downloads" type="java.nio.file.NoSuchFileException">
      <![CDATA[java.nio.file.NoSuchFileException: /home/qaautomation/Downloads
at java.base/sun.nio.fs.UnixException.translateToIOException(UnixException.java:92)
at java.base/sun.nio.fs.UnixException.rethrowAsIOException(UnixException.java:106)
at java.base/sun.nio.fs.UnixException.rethrowAsIOException(UnixException.java:111)
at java.base/sun.nio.fs.UnixFileSystemProvider.newDirectoryStream(UnixFileSystemProvider.java:420)
at java.base/java.nio.file.Files.newDirectoryStream(Files.java:482)
at java.base/java.nio.file.Files.list(Files.java:3791)
at Pages.SKUMatchingPage.download_templete_online_matches(SKUMatchingPage.java:1634)
at Tests.Regression_Suit.download_templete_online_matches(Regression_Suit.java:518)
at java.base/jdk.internal.reflect.DirectMethodHandleAccessor.invoke(DirectMethodHandleAccessor.java:104)
at java.base/java.lang.reflect.Method.invoke(Method.java:578)
at org.testng.internal.MethodInvocationHelper.invokeMethod(MethodInvocationHelper.java:124)
at org.testng.internal.Invoker.invokeMethod(Invoker.java:583)
at org.testng.internal.Invoker.invokeTestMethod(Invoker.java:719)
at org.testng.internal.Invoker.invokeTestMethods(Invoker.java:989)
at org.testng.internal.TestMethodWorker.invokeTestMethods(TestMethodWorker.java:125)
at org.testng.internal.TestMethodWorker.run(TestMethodWorker.java:109)
at org.testng.TestRunner.privateRun(TestRunner.java:648)
at org.testng.TestRunner.run(TestRunner.java:505)
at org.testng.SuiteRunner.runTest(SuiteRunner.java:455)
at org.testng.SuiteRunner.runSequentially(SuiteRunner.java:450)
at org.testng.SuiteRunner.privateRun(SuiteRunner.java:415)
at org.testng.SuiteRunner.run(SuiteRunner.java:364)
at org.testng.SuiteRunnerWorker.runSuite(SuiteRunnerWorker.java:52)
at org.testng.SuiteRunnerWorker.run(SuiteRunnerWorker.java:84)
at org.testng.TestNG.runSuitesSequentially(TestNG.java:1208)
at org.testng.TestNG.runSuitesLocally(TestNG.java:1137)
at org.testng.TestNG.runSuites(TestNG.java:1049)
at org.testng.TestNG.run(TestNG.java:1017)
at org.apache.maven.surefire.testng.TestNGExecutor.run(TestNGExecutor.java:135)
at org.apache.maven.surefire.testng.TestNGDirectoryTestSuite.executeSingleClass(TestNGDirectoryTestSuite.java:112)
at org.apache.maven.surefire.testng.TestNGDirectoryTestSuite.execute(TestNGDirectoryTestSuite.java:99)
at org.apache.maven.surefire.testng.TestNGProvider.invoke(TestNGProvider.java:146)
at org.apache.maven.surefire.booter.ForkedBooter.invokeProviderInSameClassLoader(ForkedBooter.java:379)
at org.apache.maven.surefire.booter.ForkedBooter.runSuitesInProcess(ForkedBooter.java:340)
at org.apache.maven.surefire.booter.ForkedBooter.execute(ForkedBooter.java:125)
at org.apache.maven.surefire.booter.ForkedBooter.main(ForkedBooter.java:413)
]]>
    </error>
  </testcase> <!-- download_templete_online_matches -->
  <testcase classname="Tests.Regression_Suit" name="online_get_task_data" time="14.181">
    <error message="Unparseable date: &quot;Wed, 20 Sep 2023 05:21:35 GMT&quot;" type="java.text.ParseException">
      <![CDATA[java.text.ParseException: Unparseable date: "Wed, 20 Sep 2023 05:21:35 GMT"
at java.base/java.text.DateFormat.parse(DateFormat.java:399)
at Pages.SKUMatchingPage.get_task_data(SKUMatchingPage.java:235)
at Tests.Regression_Suit.online_get_task_data(Regression_Suit.java:522)
at java.base/jdk.internal.reflect.DirectMethodHandleAccessor.invoke(DirectMethodHandleAccessor.java:104)
at java.base/java.lang.reflect.Method.invoke(Method.java:578)
at org.testng.internal.MethodInvocationHelper.invokeMethod(MethodInvocationHelper.java:124)
at org.testng.internal.Invoker.invokeMethod(Invoker.java:583)
at org.testng.internal.Invoker.invokeTestMethod(Invoker.java:719)
at org.testng.internal.Invoker.invokeTestMethods(Invoker.java:989)
at org.testng.internal.TestMethodWorker.invokeTestMethods(TestMethodWorker.java:125)
at org.testng.internal.TestMethodWorker.run(TestMethodWorker.java:109)
at org.testng.TestRunner.privateRun(TestRunner.java:648)
at org.testng.TestRunner.run(TestRunner.java:505)
at org.testng.SuiteRunner.runTest(SuiteRunner.java:455)
at org.testng.SuiteRunner.runSequentially(SuiteRunner.java:450)
at org.testng.SuiteRunner.privateRun(SuiteRunner.java:415)
at org.testng.SuiteRunner.run(SuiteRunner.java:364)
at org.testng.SuiteRunnerWorker.runSuite(SuiteRunnerWorker.java:52)
at org.testng.SuiteRunnerWorker.run(SuiteRunnerWorker.java:84)
at org.testng.TestNG.runSuitesSequentially(TestNG.java:1208)
at org.testng.TestNG.runSuitesLocally(TestNG.java:1137)
at org.testng.TestNG.runSuites(TestNG.java:1049)
at org.testng.TestNG.run(TestNG.java:1017)
at org.apache.maven.surefire.testng.TestNGExecutor.run(TestNGExecutor.java:135)
at org.apache.maven.surefire.testng.TestNGDirectoryTestSuite.executeSingleClass(TestNGDirectoryTestSuite.java:112)
at org.apache.maven.surefire.testng.TestNGDirectoryTestSuite.execute(TestNGDirectoryTestSuite.java:99)
at org.apache.maven.surefire.testng.TestNGProvider.invoke(TestNGProvider.java:146)
at org.apache.maven.surefire.booter.ForkedBooter.invokeProviderInSameClassLoader(ForkedBooter.java:379)
at org.apache.maven.surefire.booter.ForkedBooter.runSuitesInProcess(ForkedBooter.java:340)
at org.apache.maven.surefire.booter.ForkedBooter.execute(ForkedBooter.java:125)
at org.apache.maven.surefire.booter.ForkedBooter.main(ForkedBooter.java:413)
]]>
    </error>
  </testcase> <!-- online_get_task_data -->
  <testcase classname="Tests.Regression_Suit" name="click_task_details" time="2.893"/>
  <testcase classname="Tests.Regression_Suit" name="online_verify_all_active_skus_from_file" time="5.036"/>
  <testcase classname="Tests.Regression_Suit" name="online_verify_all_inactive_skus_from_file" time="10.675"/>
  <testcase classname="Tests.Regression_Suit" name="online_verify_search_by_sku_name_and_id" time="24.616"/>
  <testcase classname="Tests.Regression_Suit" name="online_verify_search_by_sku_id" time="23.879"/>
  <testcase classname="Tests.Regression_Suit" name="online_verify_search_by_sku_name" time="31.903"/>
  <testcase classname="Tests.Regression_Suit" name="online_click_add_competitor_sku_verify_popup" time="1.398"/>
  <testcase classname="Tests.Regression_Suit" name="online_click_cancel_popup" time="3.427"/>
  <testcase classname="Tests.Regression_Suit" name="online_verify_online_selection" time="1.460"/>
  <testcase classname="Tests.Regression_Suit" name="online_add_online_competitor_sku_match_valid_url" time="2.200"/>
  <testcase classname="Tests.Regression_Suit" name="online_verify_online_match_added" time="4.916"/>
  <testcase classname="Tests.Regression_Suit" name="online_add_online_competitor_sku_invalid_url" time="0.738"/>
  <testcase classname="Tests.Regression_Suit" name="online_verify_add_sku_btn_disable_on_popup_display" time="1.050"/>
  <testcase classname="Tests.Regression_Suit" name="online_verify_add_sku_btn_disable_on_competitor_select" time="1.534"/>
  <testcase classname="Tests.Regression_Suit" name="online_verify_add_sku_btn_disable_on_add_url" time="1.506"/>
  <testcase classname="Tests.Regression_Suit" name="online_verify_offline_selection" time="1.393"/>
  <testcase classname="Tests.Regression_Suit" name="online_add_offline_competitor_sku_match_valid_data_verify_button_disabled_on_sku_name" time="1.408"/>
  <testcase classname="Tests.Regression_Suit" name="online_add_offline_competitor_sku_match_valid_data_verify_button_disabled_on_sku_name_and_competitor_name" time="1.484"/>
  <testcase classname="Tests.Regression_Suit" name="online_add_offline_competitor_sku_match_valid_data_verify_button_disabled_on_sku_name_and_competitor_name_and_price" time="1.649"/>
  <testcase classname="Tests.Regression_Suit" name="online_add_offline_competitor_sku_match_valid_data_verify_button_disabled_on_sku_name_and_competitor_name_and_l1_category" time="1.593"/>
  <testcase classname="Tests.Regression_Suit" name="online_add_offline_competitor_sku_match_valid_data_verify_button_enabled" time="1.625"/>
  <testcase classname="Tests.Regression_Suit" name="online_add_offline_competitor_sku_match_valid_data_click_add_sku_button" time="2.884"/>
  <testcase classname="Tests.Regression_Suit" name="online_verify_offline_competitor_sku_match_added_verify_competitor_sku" time="3.939"/>
  <testcase classname="Tests.Regression_Suit" name="online_verify_offline_competitor_sku_match_added_verify_competitor_name" time="1.405"/>
  <testcase classname="Tests.Regression_Suit" name="online_verify_offline_competitor_sku_match_added_verify_competitor_price" time="2.889"/>
  <testcase classname="Tests.Regression_Suit" name="online_verify_offline_competitor_sku_match_added_verify_competitor_category" time="1.403"/>
  <testcase classname="Tests.Regression_Suit" name="online_verify_database_tab_selection" time="1.447"/>
  <testcase classname="Tests.Regression_Suit" name="online_verify_database_tab_add_btn_disabled" time="1.929"/>
  <testcase classname="Tests.Regression_Suit" name="online_verify_search_btn_disabled" time="1.444"/>
  <testcase classname="Tests.Regression_Suit" name="online_verify_cancel_icon_database_tab" time="3.632"/>
  <testcase classname="Tests.Regression_Suit" name="online_verify_cancel_button_database_tab" time="4.766"/>
  <testcase classname="Tests.Regression_Suit" name="online_verify_search_btn_enabled_on_filter_selection" time="1.673"/>
  <testcase classname="Tests.Regression_Suit" name="online_verify_filter_competitor_name" time="1.395"/>
  <testcase classname="Tests.Regression_Suit" name="online_verify_data_on_filter_by_chaldal_database_tab" time="5.648"/>
  <testcase classname="Tests.Regression_Suit" name="online_verify_data_on_filter_by_pandamart_database_tab" time="6.584"/>
  <testcase classname="Tests.Regression_Suit" name="online_verify_data_on_filter_by_pickaboo_database_tab" time="6.278"/>
  <testcase classname="Tests.Regression_Suit" name="online_verify_data_on_filter_by_shajgoj_database_tab" time="6.509"/>
  <testcase classname="Tests.Regression_Suit" name="online_search_sku_name_against_competitor_database_tab" time="12.873"/>
  <testcase classname="Tests.Regression_Suit" name="online_add_match_database_tab" time="2.894"/>
  <testcase classname="Tests.Regression_Suit" name="online_verify_database_match_added" time="1.426"/>
  <testcase classname="Tests.Regression_Suit" name="online_download_file_task_details" time="2.800">
    <error message="/home/qaautomation/Downloads" type="java.nio.file.NoSuchFileException">
      <![CDATA[java.nio.file.NoSuchFileException: /home/qaautomation/Downloads
at java.base/sun.nio.fs.UnixException.translateToIOException(UnixException.java:92)
at java.base/sun.nio.fs.UnixException.rethrowAsIOException(UnixException.java:106)
at java.base/sun.nio.fs.UnixException.rethrowAsIOException(UnixException.java:111)
at java.base/sun.nio.fs.UnixFileSystemProvider.newDirectoryStream(UnixFileSystemProvider.java:420)
at java.base/java.nio.file.Files.newDirectoryStream(Files.java:482)
at java.base/java.nio.file.Files.list(Files.java:3791)
at Pages.SKUMatchingPage.download_file_task_details(SKUMatchingPage.java:1192)
at Tests.Regression_Suit.online_download_file_task_details(Regression_Suit.java:728)
at java.base/jdk.internal.reflect.DirectMethodHandleAccessor.invoke(DirectMethodHandleAccessor.java:104)
at java.base/java.lang.reflect.Method.invoke(Method.java:578)
at org.testng.internal.MethodInvocationHelper.invokeMethod(MethodInvocationHelper.java:124)
at org.testng.internal.Invoker.invokeMethod(Invoker.java:583)
at org.testng.internal.Invoker.invokeTestMethod(Invoker.java:719)
at org.testng.internal.Invoker.invokeTestMethods(Invoker.java:989)
at org.testng.internal.TestMethodWorker.invokeTestMethods(TestMethodWorker.java:125)
at org.testng.internal.TestMethodWorker.run(TestMethodWorker.java:109)
at org.testng.TestRunner.privateRun(TestRunner.java:648)
at org.testng.TestRunner.run(TestRunner.java:505)
at org.testng.SuiteRunner.runTest(SuiteRunner.java:455)
at org.testng.SuiteRunner.runSequentially(SuiteRunner.java:450)
at org.testng.SuiteRunner.privateRun(SuiteRunner.java:415)
at org.testng.SuiteRunner.run(SuiteRunner.java:364)
at org.testng.SuiteRunnerWorker.runSuite(SuiteRunnerWorker.java:52)
at org.testng.SuiteRunnerWorker.run(SuiteRunnerWorker.java:84)
at org.testng.TestNG.runSuitesSequentially(TestNG.java:1208)
at org.testng.TestNG.runSuitesLocally(TestNG.java:1137)
at org.testng.TestNG.runSuites(TestNG.java:1049)
at org.testng.TestNG.run(TestNG.java:1017)
at org.apache.maven.surefire.testng.TestNGExecutor.run(TestNGExecutor.java:135)
at org.apache.maven.surefire.testng.TestNGDirectoryTestSuite.executeSingleClass(TestNGDirectoryTestSuite.java:112)
at org.apache.maven.surefire.testng.TestNGDirectoryTestSuite.execute(TestNGDirectoryTestSuite.java:99)
at org.apache.maven.surefire.testng.TestNGProvider.invoke(TestNGProvider.java:146)
at org.apache.maven.surefire.booter.ForkedBooter.invokeProviderInSameClassLoader(ForkedBooter.java:379)
at org.apache.maven.surefire.booter.ForkedBooter.runSuitesInProcess(ForkedBooter.java:340)
at org.apache.maven.surefire.booter.ForkedBooter.execute(ForkedBooter.java:125)
at org.apache.maven.surefire.booter.ForkedBooter.main(ForkedBooter.java:413)
]]>
    </error>
  </testcase> <!-- online_download_file_task_details -->
  <testcase classname="Tests.Regression_Suit" name="online_verify_view_matched_item_data" time="1.175"/>
  <testcase classname="Tests.Regression_Suit" name="online_mark_inaccurate" time="4.433"/>
  <testcase classname="Tests.Regression_Suit" name="online_mark_verified" time="6.949"/>
  <testcase classname="Tests.Regression_Suit" name="online_verify_mark_inaccurate_dropdown" time="3.720"/>
  <testcase classname="Tests.Regression_Suit" name="click_SKUMatching_module3" time="0.348"/>
  <testcase classname="Tests.Regression_Suit" name="upload_offline_match_valid_file_click_cancel_button" time="10.423"/>
  <testcase classname="Tests.Regression_Suit" name="upload_offline_match_valid_file_click_upload" time="61.928">
    <error message="Expected condition failed: waiting for visibility of Proxy element for: DefaultElementLocator &#039;By.cssSelector: div.alert.fade.show&#039; (tried for 60 second(s) with 500 milliseconds interval)" type="org.openqa.selenium.TimeoutException">
      <![CDATA[org.openqa.selenium.TimeoutException: Expected condition failed: waiting for visibility of Proxy element for: DefaultElementLocator 'By.cssSelector: div.alert.fade.show' (tried for 60 second(s) with 500 milliseconds interval)
at org.openqa.selenium.support.ui.WebDriverWait.timeoutException(WebDriverWait.java:95)
at org.openqa.selenium.support.ui.FluentWait.until(FluentWait.java:272)
at Pages.SKUMatchingPage.upload_offline_match_valid_file_click_upload(SKUMatchingPage.java:1773)
at Tests.Regression_Suit.upload_offline_match_valid_file_click_upload(Regression_Suit.java:773)
at java.base/jdk.internal.reflect.DirectMethodHandleAccessor.invoke(DirectMethodHandleAccessor.java:104)
at java.base/java.lang.reflect.Method.invoke(Method.java:578)
at org.testng.internal.MethodInvocationHelper.invokeMethod(MethodInvocationHelper.java:124)
at org.testng.internal.Invoker.invokeMethod(Invoker.java:583)
at org.testng.internal.Invoker.invokeTestMethod(Invoker.java:719)
at org.testng.internal.Invoker.invokeTestMethods(Invoker.java:989)
at org.testng.internal.TestMethodWorker.invokeTestMethods(TestMethodWorker.java:125)
at org.testng.internal.TestMethodWorker.run(TestMethodWorker.java:109)
at org.testng.TestRunner.privateRun(TestRunner.java:648)
at org.testng.TestRunner.run(TestRunner.java:505)
at org.testng.SuiteRunner.runTest(SuiteRunner.java:455)
at org.testng.SuiteRunner.runSequentially(SuiteRunner.java:450)
at org.testng.SuiteRunner.privateRun(SuiteRunner.java:415)
at org.testng.SuiteRunner.run(SuiteRunner.java:364)
at org.testng.SuiteRunnerWorker.runSuite(SuiteRunnerWorker.java:52)
at org.testng.SuiteRunnerWorker.run(SuiteRunnerWorker.java:84)
at org.testng.TestNG.runSuitesSequentially(TestNG.java:1208)
at org.testng.TestNG.runSuitesLocally(TestNG.java:1137)
at org.testng.TestNG.runSuites(TestNG.java:1049)
at org.testng.TestNG.run(TestNG.java:1017)
at org.apache.maven.surefire.testng.TestNGExecutor.run(TestNGExecutor.java:135)
at org.apache.maven.surefire.testng.TestNGDirectoryTestSuite.executeSingleClass(TestNGDirectoryTestSuite.java:112)
at org.apache.maven.surefire.testng.TestNGDirectoryTestSuite.execute(TestNGDirectoryTestSuite.java:99)
at org.apache.maven.surefire.testng.TestNGProvider.invoke(TestNGProvider.java:146)
at org.apache.maven.surefire.booter.ForkedBooter.invokeProviderInSameClassLoader(ForkedBooter.java:379)
at org.apache.maven.surefire.booter.ForkedBooter.runSuitesInProcess(ForkedBooter.java:340)
at org.apache.maven.surefire.booter.ForkedBooter.execute(ForkedBooter.java:125)
at org.apache.maven.surefire.booter.ForkedBooter.main(ForkedBooter.java:413)
Caused by: org.openqa.selenium.NoSuchElementException: no such element: Unable to locate element: {"method":"css selector","selector":"div.alert.fade.show"}
  (Session info: headless chrome=110.0.5481.177)
For documentation on this error, please visit: https://www.seleniumhq.org/exceptions/no_such_element.html
Build info: version: '3.141.59', revision: 'e82be7d358', time: '2018-11-14T08:17:03'
System info: host: 'ITOPSs-MacBook-Pro-3.local', ip: 'fe80:0:0:0:823:cb32:2264:e298%en0', os.name: 'Mac OS X', os.arch: 'aarch64', os.version: '13.5.1', java.version: '19.0.1'
Driver info: org.openqa.selenium.chrome.ChromeDriver
Capabilities {acceptInsecureCerts: false, browserName: chrome, browserVersion: 110.0.5481.177, chrome: {chromedriverVersion: 110.0.5481.77 (65ed616c6e8e..., userDataDir: /var/folders/cn/t8j6szvx4_n...}, goog:chromeOptions: {debuggerAddress: localhost:54421}, javascriptEnabled: true, networkConnectionEnabled: false, pageLoadStrategy: normal, platform: MAC, platformName: MAC, proxy: Proxy(), setWindowRect: true, strictFileInteractability: false, timeouts: {implicit: 0, pageLoad: 300000, script: 30000}, unhandledPromptBehavior: dismiss and notify, webauthn:extension:credBlob: true, webauthn:extension:largeBlob: true, webauthn:virtualAuthenticators: true}
Session ID: 62004591d3d10c1bfc87c2c3940ba585
*** Element info: {Using=css selector, value=div.alert.fade.show}
at java.base/jdk.internal.reflect.DirectConstructorHandleAccessor.newInstance(DirectConstructorHandleAccessor.java:67)
at java.base/java.lang.reflect.Constructor.newInstanceWithCaller(Constructor.java:500)
at java.base/java.lang.reflect.Constructor.newInstance(Constructor.java:484)
at org.openqa.selenium.remote.http.W3CHttpResponseCodec.createException(W3CHttpResponseCodec.java:187)
at org.openqa.selenium.remote.http.W3CHttpResponseCodec.decode(W3CHttpResponseCodec.java:122)
at org.openqa.selenium.remote.http.W3CHttpResponseCodec.decode(W3CHttpResponseCodec.java:49)
at org.openqa.selenium.remote.HttpCommandExecutor.execute(HttpCommandExecutor.java:158)
at org.openqa.selenium.remote.service.DriverCommandExecutor.execute(DriverCommandExecutor.java:83)
at org.openqa.selenium.remote.RemoteWebDriver.execute(RemoteWebDriver.java:552)
at org.openqa.selenium.remote.RemoteWebDriver.findElement(RemoteWebDriver.java:323)
at org.openqa.selenium.remote.RemoteWebDriver.findElementByCssSelector(RemoteWebDriver.java:420)
at org.openqa.selenium.By$ByCssSelector.findElement(By.java:431)
at org.openqa.selenium.remote.RemoteWebDriver.findElement(RemoteWebDriver.java:315)
at org.openqa.selenium.support.pagefactory.DefaultElementLocator.findElement(DefaultElementLocator.java:69)
at org.openqa.selenium.support.pagefactory.internal.LocatingElementHandler.invoke(LocatingElementHandler.java:38)
at jdk.proxy2/jdk.proxy2.$Proxy14.isDisplayed(Unknown Source)
at org.openqa.selenium.support.ui.ExpectedConditions.elementIfVisible(ExpectedConditions.java:314)
at org.openqa.selenium.support.ui.ExpectedConditions.access$000(ExpectedConditions.java:43)
at org.openqa.selenium.support.ui.ExpectedConditions$10.apply(ExpectedConditions.java:300)
at org.openqa.selenium.support.ui.ExpectedConditions$10.apply(ExpectedConditions.java:297)
at org.openqa.selenium.support.ui.FluentWait.until(FluentWait.java:249)
... 30 more
]]>
    </error>
  </testcase> <!-- upload_offline_match_valid_file_click_upload -->
  <testcase classname="Tests.Regression_Suit" name="upload_offline_match_valid_file_click_cancel_icon" time="5.467"/>
  <testcase classname="Tests.Regression_Suit" name="upload_offline_match_without_file" time="0.730"/>
  <testcase classname="Tests.Regression_Suit" name="upload_offline_match_invalid_excel_file" time="0.741"/>
  <testcase classname="Tests.Regression_Suit" name="upload_offline_match_invalid_image_file" time="8.474"/>
  <testcase classname="Tests.Regression_Suit" name="download_templete_offline_matches" time="2.379">
    <error message="/home/qaautomation/Downloads" type="java.nio.file.NoSuchFileException">
      <![CDATA[java.nio.file.NoSuchFileException: /home/qaautomation/Downloads
at java.base/sun.nio.fs.UnixException.translateToIOException(UnixException.java:92)
at java.base/sun.nio.fs.UnixException.rethrowAsIOException(UnixException.java:106)
at java.base/sun.nio.fs.UnixException.rethrowAsIOException(UnixException.java:111)
at java.base/sun.nio.fs.UnixFileSystemProvider.newDirectoryStream(UnixFileSystemProvider.java:420)
at java.base/java.nio.file.Files.newDirectoryStream(Files.java:482)
at java.base/java.nio.file.Files.list(Files.java:3791)
at Pages.SKUMatchingPage.download_templete_offline_matches(SKUMatchingPage.java:1860)
at Tests.Regression_Suit.download_templete_offline_matches(Regression_Suit.java:793)
at java.base/jdk.internal.reflect.DirectMethodHandleAccessor.invoke(DirectMethodHandleAccessor.java:104)
at java.base/java.lang.reflect.Method.invoke(Method.java:578)
at org.testng.internal.MethodInvocationHelper.invokeMethod(MethodInvocationHelper.java:124)
at org.testng.internal.Invoker.invokeMethod(Invoker.java:583)
at org.testng.internal.Invoker.invokeTestMethod(Invoker.java:719)
at org.testng.internal.Invoker.invokeTestMethods(Invoker.java:989)
at org.testng.internal.TestMethodWorker.invokeTestMethods(TestMethodWorker.java:125)
at org.testng.internal.TestMethodWorker.run(TestMethodWorker.java:109)
at org.testng.TestRunner.privateRun(TestRunner.java:648)
at org.testng.TestRunner.run(TestRunner.java:505)
at org.testng.SuiteRunner.runTest(SuiteRunner.java:455)
at org.testng.SuiteRunner.runSequentially(SuiteRunner.java:450)
at org.testng.SuiteRunner.privateRun(SuiteRunner.java:415)
at org.testng.SuiteRunner.run(SuiteRunner.java:364)
at org.testng.SuiteRunnerWorker.runSuite(SuiteRunnerWorker.java:52)
at org.testng.SuiteRunnerWorker.run(SuiteRunnerWorker.java:84)
at org.testng.TestNG.runSuitesSequentially(TestNG.java:1208)
at org.testng.TestNG.runSuitesLocally(TestNG.java:1137)
at org.testng.TestNG.runSuites(TestNG.java:1049)
at org.testng.TestNG.run(TestNG.java:1017)
at org.apache.maven.surefire.testng.TestNGExecutor.run(TestNGExecutor.java:135)
at org.apache.maven.surefire.testng.TestNGDirectoryTestSuite.executeSingleClass(TestNGDirectoryTestSuite.java:112)
at org.apache.maven.surefire.testng.TestNGDirectoryTestSuite.execute(TestNGDirectoryTestSuite.java:99)
at org.apache.maven.surefire.testng.TestNGProvider.invoke(TestNGProvider.java:146)
at org.apache.maven.surefire.booter.ForkedBooter.invokeProviderInSameClassLoader(ForkedBooter.java:379)
at org.apache.maven.surefire.booter.ForkedBooter.runSuitesInProcess(ForkedBooter.java:340)
at org.apache.maven.surefire.booter.ForkedBooter.execute(ForkedBooter.java:125)
at org.apache.maven.surefire.booter.ForkedBooter.main(ForkedBooter.java:413)
]]>
    </error>
  </testcase> <!-- download_templete_offline_matches -->
  <testcase classname="Tests.Regression_Suit" name="offline_get_task_data" time="14.202">
    <error message="Unparseable date: &quot;Wed, 20 Sep 2023 05:21:35 GMT&quot;" type="java.text.ParseException">
      <![CDATA[java.text.ParseException: Unparseable date: "Wed, 20 Sep 2023 05:21:35 GMT"
at java.base/java.text.DateFormat.parse(DateFormat.java:399)
at Pages.SKUMatchingPage.get_task_data(SKUMatchingPage.java:235)
at Tests.Regression_Suit.offline_get_task_data(Regression_Suit.java:797)
at java.base/jdk.internal.reflect.DirectMethodHandleAccessor.invoke(DirectMethodHandleAccessor.java:104)
at java.base/java.lang.reflect.Method.invoke(Method.java:578)
at org.testng.internal.MethodInvocationHelper.invokeMethod(MethodInvocationHelper.java:124)
at org.testng.internal.Invoker.invokeMethod(Invoker.java:583)
at org.testng.internal.Invoker.invokeTestMethod(Invoker.java:719)
at org.testng.internal.Invoker.invokeTestMethods(Invoker.java:989)
at org.testng.internal.TestMethodWorker.invokeTestMethods(TestMethodWorker.java:125)
at org.testng.internal.TestMethodWorker.run(TestMethodWorker.java:109)
at org.testng.TestRunner.privateRun(TestRunner.java:648)
at org.testng.TestRunner.run(TestRunner.java:505)
at org.testng.SuiteRunner.runTest(SuiteRunner.java:455)
at org.testng.SuiteRunner.runSequentially(SuiteRunner.java:450)
at org.testng.SuiteRunner.privateRun(SuiteRunner.java:415)
at org.testng.SuiteRunner.run(SuiteRunner.java:364)
at org.testng.SuiteRunnerWorker.runSuite(SuiteRunnerWorker.java:52)
at org.testng.SuiteRunnerWorker.run(SuiteRunnerWorker.java:84)
at org.testng.TestNG.runSuitesSequentially(TestNG.java:1208)
at org.testng.TestNG.runSuitesLocally(TestNG.java:1137)
at org.testng.TestNG.runSuites(TestNG.java:1049)
at org.testng.TestNG.run(TestNG.java:1017)
at org.apache.maven.surefire.testng.TestNGExecutor.run(TestNGExecutor.java:135)
at org.apache.maven.surefire.testng.TestNGDirectoryTestSuite.executeSingleClass(TestNGDirectoryTestSuite.java:112)
at org.apache.maven.surefire.testng.TestNGDirectoryTestSuite.execute(TestNGDirectoryTestSuite.java:99)
at org.apache.maven.surefire.testng.TestNGProvider.invoke(TestNGProvider.java:146)
at org.apache.maven.surefire.booter.ForkedBooter.invokeProviderInSameClassLoader(ForkedBooter.java:379)
at org.apache.maven.surefire.booter.ForkedBooter.runSuitesInProcess(ForkedBooter.java:340)
at org.apache.maven.surefire.booter.ForkedBooter.execute(ForkedBooter.java:125)
at org.apache.maven.surefire.booter.ForkedBooter.main(ForkedBooter.java:413)
]]>
    </error>
  </testcase> <!-- offline_get_task_data -->
  <testcase classname="Tests.Regression_Suit" name="offline_click_task_details" time="2.890"/>
  <testcase classname="Tests.Regression_Suit" name="offline_verify_all_active_skus_from_file" time="5.063"/>
  <testcase classname="Tests.Regression_Suit" name="offline_verify_all_inactive_skus_from_file" time="10.714"/>
  <testcase classname="Tests.Regression_Suit" name="offline_verify_search_by_sku_name_and_id" time="24.211"/>
  <testcase classname="Tests.Regression_Suit" name="offline_verify_search_by_sku_id" time="23.933"/>
  <testcase classname="Tests.Regression_Suit" name="offline_verify_search_by_sku_name" time="31.833"/>
  <testcase classname="Tests.Regression_Suit" name="offline_click_add_competitor_sku_verify_popup" time="1.402"/>
  <testcase classname="Tests.Regression_Suit" name="offline_click_cancel_popup" time="3.415"/>
  <testcase classname="Tests.Regression_Suit" name="offline_verify_online_selection" time="1.404"/>
  <testcase classname="Tests.Regression_Suit" name="offline_add_online_competitor_sku_match_valid_url" time="2.738"/>
  <testcase classname="Tests.Regression_Suit" name="offline_verify_online_match_added" time="5.023"/>
  <testcase classname="Tests.Regression_Suit" name="offline_add_online_competitor_sku_invalid_url" time="2.121"/>
  <testcase classname="Tests.Regression_Suit" name="offline_verify_add_sku_btn_disable_on_popup_display" time="1.356"/>
  <testcase classname="Tests.Regression_Suit" name="offline_verify_add_sku_btn_disable_on_competitor_select" time="1.420"/>
  <testcase classname="Tests.Regression_Suit" name="offline_verify_add_sku_btn_disable_on_add_url" time="1.514"/>
  <testcase classname="Tests.Regression_Suit" name="offline_verify_offline_selection" time="1.401"/>
  <testcase classname="Tests.Regression_Suit" name="offline_add_offline_competitor_sku_match_valid_data_verify_button_disabled_on_sku_name" time="1.417"/>
  <testcase classname="Tests.Regression_Suit" name="offline_add_offline_competitor_sku_match_valid_data_verify_button_disabled_on_sku_name_and_competitor_name" time="1.510"/>
  <testcase classname="Tests.Regression_Suit" name="offline_add_offline_competitor_sku_match_valid_data_verify_button_disabled_on_sku_name_and_competitor_name_and_price" time="1.559"/>
  <testcase classname="Tests.Regression_Suit" name="offline_add_offline_competitor_sku_match_valid_data_verify_button_disabled_on_sku_name_and_competitor_name_and_l1_category" time="1.559"/>
  <testcase classname="Tests.Regression_Suit" name="offline_add_offline_competitor_sku_match_valid_data_verify_button_enabled" time="1.633"/>
  <testcase classname="Tests.Regression_Suit" name="offline_add_offline_competitor_sku_match_valid_data_click_add_sku_button" time="2.260"/>
  <testcase classname="Tests.Regression_Suit" name="offline_verify_offline_competitor_sku_match_added_verify_competitor_sku" time="3.953"/>
  <testcase classname="Tests.Regression_Suit" name="offline_verify_offline_competitor_sku_match_added_verify_competitor_name" time="1.410"/>
  <testcase classname="Tests.Regression_Suit" name="offline_verify_offline_competitor_sku_match_added_verify_competitor_price" time="2.858"/>
  <testcase classname="Tests.Regression_Suit" name="offline_verify_offline_competitor_sku_match_added_verify_competitor_category" time="1.381"/>
  <testcase classname="Tests.Regression_Suit" name="offline_verify_database_tab_selection" time="2.110"/>
  <testcase classname="Tests.Regression_Suit" name="offline_verify_database_tab_add_btn_disabled" time="1.923"/>
  <testcase classname="Tests.Regression_Suit" name="offline_verify_search_btn_disabled" time="1.457"/>
  <testcase classname="Tests.Regression_Suit" name="offline_verify_cancel_icon_database_tab" time="3.617"/>
  <testcase classname="Tests.Regression_Suit" name="offline_verify_cancel_button_database_tab" time="4.020"/>
  <testcase classname="Tests.Regression_Suit" name="offline_verify_search_btn_enabled_on_filter_selection" time="1.688"/>
  <testcase classname="Tests.Regression_Suit" name="offline_verify_filter_competitor_name" time="1.409"/>
  <testcase classname="Tests.Regression_Suit" name="offline_verify_data_on_filter_by_chaldal_database_tab" time="5.708"/>
  <testcase classname="Tests.Regression_Suit" name="offline_verify_data_on_filter_by_pandamart_database_tab" time="6.503"/>
  <testcase classname="Tests.Regression_Suit" name="offline_verify_data_on_filter_by_pickaboo_database_tab" time="5.717"/>
  <testcase classname="Tests.Regression_Suit" name="offline_verify_data_on_filter_by_shajgoj_database_tab" time="6.493"/>
  <testcase classname="Tests.Regression_Suit" name="offline_search_sku_name_against_competitor_database_tab" time="12.854"/>
  <testcase classname="Tests.Regression_Suit" name="offline_add_match_database_tab" time="2.932"/>
  <testcase classname="Tests.Regression_Suit" name="offline_verify_database_match_added" time="1.412"/>
  <testcase classname="Tests.Regression_Suit" name="offline_label_user" time="2.066">
    <failure message="expected [Chaldal_bdPandaMartPickaboo_bdShajgojStartech_BDtest competitor] but found [Tech Team]" type="java.lang.AssertionError">
      <![CDATA[java.lang.AssertionError: expected [Chaldal_bdPandaMartPickaboo_bdShajgojStartech_BDtest competitor] but found [Tech Team]
at org.testng.Assert.fail(Assert.java:96)
at org.testng.Assert.failNotEquals(Assert.java:776)
at org.testng.Assert.assertEqualsImpl(Assert.java:137)
at org.testng.Assert.assertEquals(Assert.java:118)
at org.testng.Assert.assertEquals(Assert.java:453)
at org.testng.Assert.assertEquals(Assert.java:463)
at Pages.SKUMatchingPage.label_user(SKUMatchingPage.java:1164)
at Tests.Regression_Suit.offline_label_user(Regression_Suit.java:995)
at java.base/jdk.internal.reflect.DirectMethodHandleAccessor.invoke(DirectMethodHandleAccessor.java:104)
at java.base/java.lang.reflect.Method.invoke(Method.java:578)
at org.testng.internal.MethodInvocationHelper.invokeMethod(MethodInvocationHelper.java:124)
at org.testng.internal.Invoker.invokeMethod(Invoker.java:583)
at org.testng.internal.Invoker.invokeTestMethod(Invoker.java:719)
at org.testng.internal.Invoker.invokeTestMethods(Invoker.java:989)
at org.testng.internal.TestMethodWorker.invokeTestMethods(TestMethodWorker.java:125)
at org.testng.internal.TestMethodWorker.run(TestMethodWorker.java:109)
at org.testng.TestRunner.privateRun(TestRunner.java:648)
at org.testng.TestRunner.run(TestRunner.java:505)
at org.testng.SuiteRunner.runTest(SuiteRunner.java:455)
at org.testng.SuiteRunner.runSequentially(SuiteRunner.java:450)
at org.testng.SuiteRunner.privateRun(SuiteRunner.java:415)
at org.testng.SuiteRunner.run(SuiteRunner.java:364)
at org.testng.SuiteRunnerWorker.runSuite(SuiteRunnerWorker.java:52)
at org.testng.SuiteRunnerWorker.run(SuiteRunnerWorker.java:84)
at org.testng.TestNG.runSuitesSequentially(TestNG.java:1208)
at org.testng.TestNG.runSuitesLocally(TestNG.java:1137)
at org.testng.TestNG.runSuites(TestNG.java:1049)
at org.testng.TestNG.run(TestNG.java:1017)
at org.apache.maven.surefire.testng.TestNGExecutor.run(TestNGExecutor.java:135)
at org.apache.maven.surefire.testng.TestNGDirectoryTestSuite.executeSingleClass(TestNGDirectoryTestSuite.java:112)
at org.apache.maven.surefire.testng.TestNGDirectoryTestSuite.execute(TestNGDirectoryTestSuite.java:99)
at org.apache.maven.surefire.testng.TestNGProvider.invoke(TestNGProvider.java:146)
at org.apache.maven.surefire.booter.ForkedBooter.invokeProviderInSameClassLoader(ForkedBooter.java:379)
at org.apache.maven.surefire.booter.ForkedBooter.runSuitesInProcess(ForkedBooter.java:340)
at org.apache.maven.surefire.booter.ForkedBooter.execute(ForkedBooter.java:125)
at org.apache.maven.surefire.booter.ForkedBooter.main(ForkedBooter.java:413)
]]>
    </failure>
  </testcase> <!-- offline_label_user -->
  <testcase classname="Tests.Regression_Suit" name="offline_label_created_time" time="0.032">
    <error message="Unparseable date: &quot;Tech Team&quot;" type="java.text.ParseException">
      <![CDATA[java.text.ParseException: Unparseable date: "Tech Team"
at java.base/java.text.DateFormat.parse(DateFormat.java:399)
at Pages.SKUMatchingPage.label_created_time(SKUMatchingPage.java:1171)
at Tests.Regression_Suit.offline_label_created_time(Regression_Suit.java:998)
at java.base/jdk.internal.reflect.DirectMethodHandleAccessor.invoke(DirectMethodHandleAccessor.java:104)
at java.base/java.lang.reflect.Method.invoke(Method.java:578)
at org.testng.internal.MethodInvocationHelper.invokeMethod(MethodInvocationHelper.java:124)
at org.testng.internal.Invoker.invokeMethod(Invoker.java:583)
at org.testng.internal.Invoker.invokeTestMethod(Invoker.java:719)
at org.testng.internal.Invoker.invokeTestMethods(Invoker.java:989)
at org.testng.internal.TestMethodWorker.invokeTestMethods(TestMethodWorker.java:125)
at org.testng.internal.TestMethodWorker.run(TestMethodWorker.java:109)
at org.testng.TestRunner.privateRun(TestRunner.java:648)
at org.testng.TestRunner.run(TestRunner.java:505)
at org.testng.SuiteRunner.runTest(SuiteRunner.java:455)
at org.testng.SuiteRunner.runSequentially(SuiteRunner.java:450)
at org.testng.SuiteRunner.privateRun(SuiteRunner.java:415)
at org.testng.SuiteRunner.run(SuiteRunner.java:364)
at org.testng.SuiteRunnerWorker.runSuite(SuiteRunnerWorker.java:52)
at org.testng.SuiteRunnerWorker.run(SuiteRunnerWorker.java:84)
at org.testng.TestNG.runSuitesSequentially(TestNG.java:1208)
at org.testng.TestNG.runSuitesLocally(TestNG.java:1137)
at org.testng.TestNG.runSuites(TestNG.java:1049)
at org.testng.TestNG.run(TestNG.java:1017)
at org.apache.maven.surefire.testng.TestNGExecutor.run(TestNGExecutor.java:135)
at org.apache.maven.surefire.testng.TestNGDirectoryTestSuite.executeSingleClass(TestNGDirectoryTestSuite.java:112)
at org.apache.maven.surefire.testng.TestNGDirectoryTestSuite.execute(TestNGDirectoryTestSuite.java:99)
at org.apache.maven.surefire.testng.TestNGProvider.invoke(TestNGProvider.java:146)
at org.apache.maven.surefire.booter.ForkedBooter.invokeProviderInSameClassLoader(ForkedBooter.java:379)
at org.apache.maven.surefire.booter.ForkedBooter.runSuitesInProcess(ForkedBooter.java:340)
at org.apache.maven.surefire.booter.ForkedBooter.execute(ForkedBooter.java:125)
at org.apache.maven.surefire.booter.ForkedBooter.main(ForkedBooter.java:413)
]]>
    </error>
  </testcase> <!-- offline_label_created_time -->
  <testcase classname="Tests.Regression_Suit" name="offline_download_file_task_details" time="3.502">
    <error message="/home/qaautomation/Downloads" type="java.nio.file.NoSuchFileException">
      <![CDATA[java.nio.file.NoSuchFileException: /home/qaautomation/Downloads
at java.base/sun.nio.fs.UnixException.translateToIOException(UnixException.java:92)
at java.base/sun.nio.fs.UnixException.rethrowAsIOException(UnixException.java:106)
at java.base/sun.nio.fs.UnixException.rethrowAsIOException(UnixException.java:111)
at java.base/sun.nio.fs.UnixFileSystemProvider.newDirectoryStream(UnixFileSystemProvider.java:420)
at java.base/java.nio.file.Files.newDirectoryStream(Files.java:482)
at java.base/java.nio.file.Files.list(Files.java:3791)
at Pages.SKUMatchingPage.download_file_task_details(SKUMatchingPage.java:1192)
at Tests.Regression_Suit.offline_download_file_task_details(Regression_Suit.java:1001)
at java.base/jdk.internal.reflect.DirectMethodHandleAccessor.invoke(DirectMethodHandleAccessor.java:104)
at java.base/java.lang.reflect.Method.invoke(Method.java:578)
at org.testng.internal.MethodInvocationHelper.invokeMethod(MethodInvocationHelper.java:124)
at org.testng.internal.Invoker.invokeMethod(Invoker.java:583)
at org.testng.internal.Invoker.invokeTestMethod(Invoker.java:719)
at org.testng.internal.Invoker.invokeTestMethods(Invoker.java:989)
at org.testng.internal.TestMethodWorker.invokeTestMethods(TestMethodWorker.java:125)
at org.testng.internal.TestMethodWorker.run(TestMethodWorker.java:109)
at org.testng.TestRunner.privateRun(TestRunner.java:648)
at org.testng.TestRunner.run(TestRunner.java:505)
at org.testng.SuiteRunner.runTest(SuiteRunner.java:455)
at org.testng.SuiteRunner.runSequentially(SuiteRunner.java:450)
at org.testng.SuiteRunner.privateRun(SuiteRunner.java:415)
at org.testng.SuiteRunner.run(SuiteRunner.java:364)
at org.testng.SuiteRunnerWorker.runSuite(SuiteRunnerWorker.java:52)
at org.testng.SuiteRunnerWorker.run(SuiteRunnerWorker.java:84)
at org.testng.TestNG.runSuitesSequentially(TestNG.java:1208)
at org.testng.TestNG.runSuitesLocally(TestNG.java:1137)
at org.testng.TestNG.runSuites(TestNG.java:1049)
at org.testng.TestNG.run(TestNG.java:1017)
at org.apache.maven.surefire.testng.TestNGExecutor.run(TestNGExecutor.java:135)
at org.apache.maven.surefire.testng.TestNGDirectoryTestSuite.executeSingleClass(TestNGDirectoryTestSuite.java:112)
at org.apache.maven.surefire.testng.TestNGDirectoryTestSuite.execute(TestNGDirectoryTestSuite.java:99)
at org.apache.maven.surefire.testng.TestNGProvider.invoke(TestNGProvider.java:146)
at org.apache.maven.surefire.booter.ForkedBooter.invokeProviderInSameClassLoader(ForkedBooter.java:379)
at org.apache.maven.surefire.booter.ForkedBooter.runSuitesInProcess(ForkedBooter.java:340)
at org.apache.maven.surefire.booter.ForkedBooter.execute(ForkedBooter.java:125)
at org.apache.maven.surefire.booter.ForkedBooter.main(ForkedBooter.java:413)
]]>
    </error>
  </testcase> <!-- offline_download_file_task_details -->
  <testcase classname="Tests.Regression_Suit" name="offline_verify_view_matched_item_data" time="1.185"/>
  <testcase classname="Tests.Regression_Suit" name="offline_mark_inaccurate" time="4.423"/>
  <testcase classname="Tests.Regression_Suit" name="offline_mark_verified" time="6.957"/>
  <testcase classname="Tests.Regression_Suit" name="offline_verify_mark_inaccurate_dropdown" time="3.693"/>
  <testcase classname="Tests.Regression_Suit" name="click_daraz_pricing_database_module" time="9.177"/>
  <testcase classname="Tests.Regression_Suit" name="get_sku_id" time="1.071"/>
  <testcase classname="Tests.Regression_Suit" name="verify_search_sku_name_lower_case" time="99.285"/>
  <testcase classname="Tests.Regression_Suit" name="verify_search_sku_name_upper_case" time="99.425"/>
  <testcase classname="Tests.Regression_Suit" name="verify_search_sku_id_and_name" time="23.524"/>
  <testcase classname="Tests.Regression_Suit" name="verify_search_sku_id" time="18.713"/>
  <testcase classname="Tests.Regression_Suit" name="filter_verify_option" time="0.038"/>
  <testcase classname="Tests.Regression_Suit" name="filter_by_defualt_option_all" time="9.487"/>
  <testcase classname="Tests.Regression_Suit" name="filter_by_higher_than" time="17.027"/>
  <testcase classname="Tests.Regression_Suit" name="filter_by_lower_than" time="16.961"/>
  <testcase classname="Tests.Regression_Suit" name="dpd_verify_view_matched_item_data" time="2.562"/>
  <testcase classname="Tests.Regression_Suit" name="dpd_verify_view_matched_item_data_7th_row" time="3.186"/>
  <testcase classname="Tests.Regression_Suit" name="dpdp_mark_inaccurate" time="4.922"/>
  <testcase classname="Tests.Regression_Suit" name="dpdp_mark_verified" time="8.901"/>
  <testcase classname="Tests.Regression_Suit" name="dpdp_verify_mark_inaccurate_dropdown" time="3.820"/>
</testsuite> <!-- Tests.Regression_Suit -->
