<?xml version="1.0" encoding="UTF-8"?>
<!-- Generated by org.testng.reporters.JUnitReportReporter -->
<testsuite hostname="ITOPSs-MacBook-Pro-3.local" failures="2" tests="198" name="Tests.Regression_Suit" time="1473.345" errors="14" timestamp="20 Sept 2023 20:57:21 GMT" skipped="0">
  <testcase classname="Tests.Regression_Suit" name="CheckLogin_Text" time="0.141"/>
  <testcase classname="Tests.Regression_Suit" name="Checklogo" time="0.038"/>
  <testcase classname="Tests.Regression_Suit" name="verifyfooter_text" time="0.026"/>
  <testcase classname="Tests.Regression_Suit" name="verify_case6" time="1.981"/>
  <testcase classname="Tests.Regression_Suit" name="verify_Case5" time="2.463"/>
  <testcase classname="Tests.Regression_Suit" name="verify_Case4" time="1.979"/>
  <testcase classname="Tests.Regression_Suit" name="verify_Case3" time="0.855"/>
  <testcase classname="Tests.Regression_Suit" name="Empty_Login_and_Verify_username_validation" time="0.311"/>
  <testcase classname="Tests.Regression_Suit" name="verify_sucessful_login" time="7.296"/>
  <testcase classname="Tests.Regression_Suit" name="change_venture_BD" time="10.366"/>
  <testcase classname="Tests.Regression_Suit" name="left_menu_scraper_selection" time="0.678"/>
  <testcase classname="Tests.Regression_Suit" name="verify_pagetitle" time="0.114"/>
  <testcase classname="Tests.Regression_Suit" name="get_table_data_before_job_start" time="91.418"/>
  <testcase classname="Tests.Regression_Suit" name="check_cancel_button" time="3.034"/>
  <testcase classname="Tests.Regression_Suit" name="Start_Scraping_Jobs" time="2.975"/>
  <testcase classname="Tests.Regression_Suit" name="Success_msg" time="0.616"/>
  <testcase classname="Tests.Regression_Suit" name="getandcomparedata" time="59.393">
    <failure message="expected [150] but found [148]" type="java.lang.AssertionError">
      <![CDATA[java.lang.AssertionError: expected [150] but found [148]
at org.testng.Assert.fail(Assert.java:96)
at org.testng.Assert.failNotEquals(Assert.java:776)
at org.testng.Assert.assertEqualsImpl(Assert.java:137)
at org.testng.Assert.assertEquals(Assert.java:118)
at org.testng.Assert.assertEquals(Assert.java:652)
at org.testng.Assert.assertEquals(Assert.java:662)
at Pages.ScraperPage.getandcomparedata(ScraperPage.java:138)
at Tests.Regression_Suit.getandcomparedata(Regression_Suit.java:180)
at java.base/jdk.internal.reflect.DirectMethodHandleAccessor.invoke(DirectMethodHandleAccessor.java:104)
at java.base/java.lang.reflect.Method.invoke(Method.java:578)
at org.testng.internal.MethodInvocationHelper.invokeMethod(MethodInvocationHelper.java:124)
at org.testng.internal.Invoker.invokeMethod(Invoker.java:583)
at org.testng.internal.Invoker.invokeTestMethod(Invoker.java:719)
at org.testng.internal.Invoker.invokeTestMethods(Invoker.java:989)
at org.testng.internal.TestMethodWorker.invokeTestMethods(TestMethodWorker.java:125)
at org.testng.internal.TestMethodWorker.run(TestMethodWorker.java:109)
at org.testng.TestRunner.privateRun(TestRunner.java:648)
at org.testng.TestRunner.run(TestRunner.java:505)
at org.testng.SuiteRunner.runTest(SuiteRunner.java:455)
at org.testng.SuiteRunner.runSequentially(SuiteRunner.java:450)
at org.testng.SuiteRunner.privateRun(SuiteRunner.java:415)
at org.testng.SuiteRunner.run(SuiteRunner.java:364)
at org.testng.SuiteRunnerWorker.runSuite(SuiteRunnerWorker.java:52)
at org.testng.SuiteRunnerWorker.run(SuiteRunnerWorker.java:84)
at org.testng.TestNG.runSuitesSequentially(TestNG.java:1208)
at org.testng.TestNG.runSuitesLocally(TestNG.java:1137)
at org.testng.TestNG.runSuites(TestNG.java:1049)
at org.testng.TestNG.run(TestNG.java:1017)
at org.apache.maven.surefire.testng.TestNGExecutor.run(TestNGExecutor.java:135)
at org.apache.maven.surefire.testng.TestNGDirectoryTestSuite.executeSingleClass(TestNGDirectoryTestSuite.java:112)
at org.apache.maven.surefire.testng.TestNGDirectoryTestSuite.execute(TestNGDirectoryTestSuite.java:99)
at org.apache.maven.surefire.testng.TestNGProvider.invoke(TestNGProvider.java:146)
at org.apache.maven.surefire.booter.ForkedBooter.invokeProviderInSameClassLoader(ForkedBooter.java:379)
at org.apache.maven.surefire.booter.ForkedBooter.runSuitesInProcess(ForkedBooter.java:340)
at org.apache.maven.surefire.booter.ForkedBooter.execute(ForkedBooter.java:125)
at org.apache.maven.surefire.booter.ForkedBooter.main(ForkedBooter.java:413)
]]>
    </failure>
  </testcase> <!-- getandcomparedata -->
  <testcase classname="Tests.Regression_Suit" name="verify_select20records" time="25.388"/>
  <testcase classname="Tests.Regression_Suit" name="verify_click_SKUMatching_module" time="0.617"/>
  <testcase classname="Tests.Regression_Suit" name="verify_Create_task_popup" time="0.674"/>
  <testcase classname="Tests.Regression_Suit" name="verify_create_task_popup_cancel_btn" time="2.063"/>
  <testcase classname="Tests.Regression_Suit" name="create_task_popup_cancel_icon" time="2.639"/>
  <testcase classname="Tests.Regression_Suit" name="verify_double_click_chaldal_remove_selection" time="4.809"/>
  <testcase classname="Tests.Regression_Suit" name="verify_check_single_competitor_selection" time="7.137"/>
  <testcase classname="Tests.Regression_Suit" name="verify_check_multiple_competitor_selection" time="7.729"/>
  <testcase classname="Tests.Regression_Suit" name="verify_Create_task_replace_file" time="4.142"/>
  <testcase classname="Tests.Regression_Suit" name="download_create_task_templete" time="2.886">
    <error message="/home/qaautomation/Downloads" type="java.nio.file.NoSuchFileException">
      <![CDATA[java.nio.file.NoSuchFileException: /home/qaautomation/Downloads
at java.base/sun.nio.fs.UnixException.translateToIOException(UnixException.java:92)
at java.base/sun.nio.fs.UnixException.rethrowAsIOException(UnixException.java:106)
at java.base/sun.nio.fs.UnixException.rethrowAsIOException(UnixException.java:111)
at java.base/sun.nio.fs.UnixFileSystemProvider.newDirectoryStream(UnixFileSystemProvider.java:420)
at java.base/java.nio.file.Files.newDirectoryStream(Files.java:482)
at java.base/java.nio.file.Files.list(Files.java:3791)
at Pages.SKUMatchingPage.download_create_task_templete(SKUMatchingPage.java:210)
at Tests.Regression_Suit.download_create_task_templete(Regression_Suit.java:221)
at java.base/jdk.internal.reflect.DirectMethodHandleAccessor.invoke(DirectMethodHandleAccessor.java:104)
at java.base/java.lang.reflect.Method.invoke(Method.java:578)
at org.testng.internal.MethodInvocationHelper.invokeMethod(MethodInvocationHelper.java:124)
at org.testng.internal.Invoker.invokeMethod(Invoker.java:583)
at org.testng.internal.Invoker.invokeTestMethod(Invoker.java:719)
at org.testng.internal.Invoker.invokeTestMethods(Invoker.java:989)
at org.testng.internal.TestMethodWorker.invokeTestMethods(TestMethodWorker.java:125)
at org.testng.internal.TestMethodWorker.run(TestMethodWorker.java:109)
at org.testng.TestRunner.privateRun(TestRunner.java:648)
at org.testng.TestRunner.run(TestRunner.java:505)
at org.testng.SuiteRunner.runTest(SuiteRunner.java:455)
at org.testng.SuiteRunner.runSequentially(SuiteRunner.java:450)
at org.testng.SuiteRunner.privateRun(SuiteRunner.java:415)
at org.testng.SuiteRunner.run(SuiteRunner.java:364)
at org.testng.SuiteRunnerWorker.runSuite(SuiteRunnerWorker.java:52)
at org.testng.SuiteRunnerWorker.run(SuiteRunnerWorker.java:84)
at org.testng.TestNG.runSuitesSequentially(TestNG.java:1208)
at org.testng.TestNG.runSuitesLocally(TestNG.java:1137)
at org.testng.TestNG.runSuites(TestNG.java:1049)
at org.testng.TestNG.run(TestNG.java:1017)
at org.apache.maven.surefire.testng.TestNGExecutor.run(TestNGExecutor.java:135)
at org.apache.maven.surefire.testng.TestNGDirectoryTestSuite.executeSingleClass(TestNGDirectoryTestSuite.java:112)
at org.apache.maven.surefire.testng.TestNGDirectoryTestSuite.execute(TestNGDirectoryTestSuite.java:99)
at org.apache.maven.surefire.testng.TestNGProvider.invoke(TestNGProvider.java:146)
at org.apache.maven.surefire.booter.ForkedBooter.invokeProviderInSameClassLoader(ForkedBooter.java:379)
at org.apache.maven.surefire.booter.ForkedBooter.runSuitesInProcess(ForkedBooter.java:340)
at org.apache.maven.surefire.booter.ForkedBooter.execute(ForkedBooter.java:125)
at org.apache.maven.surefire.booter.ForkedBooter.main(ForkedBooter.java:413)
]]>
    </error>
  </testcase> <!-- download_create_task_templete -->
  <testcase classname="Tests.Regression_Suit" name="get_table_data_before_create_task" time="19.640"/>
  <testcase classname="Tests.Regression_Suit" name="verify_get_task_data" time="14.182">
    <error message="Unparseable date: &quot;Wed, 20 Sep 2023 20:37:29 GMT&quot;" type="java.text.ParseException">
      <![CDATA[java.text.ParseException: Unparseable date: "Wed, 20 Sep 2023 20:37:29 GMT"
at java.base/java.text.DateFormat.parse(DateFormat.java:399)
at Pages.SKUMatchingPage.get_task_data(SKUMatchingPage.java:235)
at Tests.Regression_Suit.verify_get_task_data(Regression_Suit.java:240)
at java.base/jdk.internal.reflect.DirectMethodHandleAccessor.invoke(DirectMethodHandleAccessor.java:104)
at java.base/java.lang.reflect.Method.invoke(Method.java:578)
at org.testng.internal.MethodInvocationHelper.invokeMethod(MethodInvocationHelper.java:124)
at org.testng.internal.Invoker.invokeMethod(Invoker.java:583)
at org.testng.internal.Invoker.invokeTestMethod(Invoker.java:719)
at org.testng.internal.Invoker.invokeTestMethods(Invoker.java:989)
at org.testng.internal.TestMethodWorker.invokeTestMethods(TestMethodWorker.java:125)
at org.testng.internal.TestMethodWorker.run(TestMethodWorker.java:109)
at org.testng.TestRunner.privateRun(TestRunner.java:648)
at org.testng.TestRunner.run(TestRunner.java:505)
at org.testng.SuiteRunner.runTest(SuiteRunner.java:455)
at org.testng.SuiteRunner.runSequentially(SuiteRunner.java:450)
at org.testng.SuiteRunner.privateRun(SuiteRunner.java:415)
at org.testng.SuiteRunner.run(SuiteRunner.java:364)
at org.testng.SuiteRunnerWorker.runSuite(SuiteRunnerWorker.java:52)
at org.testng.SuiteRunnerWorker.run(SuiteRunnerWorker.java:84)
at org.testng.TestNG.runSuitesSequentially(TestNG.java:1208)
at org.testng.TestNG.runSuitesLocally(TestNG.java:1137)
at org.testng.TestNG.runSuites(TestNG.java:1049)
at org.testng.TestNG.run(TestNG.java:1017)
at org.apache.maven.surefire.testng.TestNGExecutor.run(TestNGExecutor.java:135)
at org.apache.maven.surefire.testng.TestNGDirectoryTestSuite.executeSingleClass(TestNGDirectoryTestSuite.java:112)
at org.apache.maven.surefire.testng.TestNGDirectoryTestSuite.execute(TestNGDirectoryTestSuite.java:99)
at org.apache.maven.surefire.testng.TestNGProvider.invoke(TestNGProvider.java:146)
at org.apache.maven.surefire.booter.ForkedBooter.invokeProviderInSameClassLoader(ForkedBooter.java:379)
at org.apache.maven.surefire.booter.ForkedBooter.runSuitesInProcess(ForkedBooter.java:340)
at org.apache.maven.surefire.booter.ForkedBooter.execute(ForkedBooter.java:125)
at org.apache.maven.surefire.booter.ForkedBooter.main(ForkedBooter.java:413)
]]>
    </error>
  </testcase> <!-- verify_get_task_data -->
  <testcase classname="Tests.Regression_Suit" name="verify_task_created" time="39.429"/>
  <testcase classname="Tests.Regression_Suit" name="verify_create_task" time="21.862"/>
  <testcase classname="Tests.Regression_Suit" name="verify_click_task_details" time="2.945"/>
  <testcase classname="Tests.Regression_Suit" name="verify_matching_status_filter" time="0.075"/>
  <testcase classname="Tests.Regression_Suit" name="verify_all_active_skus_from_file" time="4.706"/>
  <testcase classname="Tests.Regression_Suit" name="click_add_competitor_sku_verify_popup" time="1.480"/>
  <testcase classname="Tests.Regression_Suit" name="click_cancel_popup" time="3.452"/>
  <testcase classname="Tests.Regression_Suit" name="verify_online_selection" time="1.367"/>
  <testcase classname="Tests.Regression_Suit" name="add_online_competitor_sku_match_valid_url" time="3.255"/>
  <testcase classname="Tests.Regression_Suit" name="verify_online_match_added" time="5.454"/>
  <testcase classname="Tests.Regression_Suit" name="add_online_competitor_sku_invalid_url" time="2.190"/>
  <testcase classname="Tests.Regression_Suit" name="verify_add_sku_btn_disable_on_popup_display" time="1.331"/>
  <testcase classname="Tests.Regression_Suit" name="verify_add_sku_btn_disable_on_competitor_select" time="1.441"/>
  <testcase classname="Tests.Regression_Suit" name="verify_add_sku_btn_disable_on_add_url" time="1.580"/>
  <testcase classname="Tests.Regression_Suit" name="verify_offline_selection" time="1.394"/>
  <testcase classname="Tests.Regression_Suit" name="add_offline_competitor_sku_match_valid_data_verify_button_disabled_on_sku_name" time="1.454"/>
  <testcase classname="Tests.Regression_Suit" name="add_offline_competitor_sku_match_valid_data_verify_button_disabled_on_sku_name_and_competitor_name" time="1.554"/>
  <testcase classname="Tests.Regression_Suit" name="add_offline_competitor_sku_match_valid_data_verify_button_disabled_on_sku_name_and_competitor_name_and_price" time="3.450">
    <error message="element click intercepted: Element &lt;a class=&quot;nav-link&quot;&gt;...&lt;/a&gt; is not clickable at point (556, 123). Other element would receive the click: &lt;div class=&quot;loader&quot;&gt;...&lt;/div&gt;
  (Session info: headless chrome=110.0.5481.177)
Build info: version: &#039;4.10.0&#039;, revision: &#039;c14d967899&#039;
System info: os.name: &#039;Mac OS X&#039;, os.arch: &#039;aarch64&#039;, os.version: &#039;13.5.1&#039;, java.version: &#039;19.0.1&#039;
Driver info: org.openqa.selenium.chrome.ChromeDriver
Command: [746302c38a1ab8bb049f9d9d78b93d68, clickElement {id=3ef37641-0138-4c98-998d-8564991cb8bd}]
Capabilities {acceptInsecureCerts: false, browserName: chrome, browserVersion: 110.0.5481.177, chrome: {chromedriverVersion: 110.0.5481.77 (65ed616c6e8e..., userDataDir: /var/folders/cn/t8j6szvx4_n...}, goog:chromeOptions: {debuggerAddress: localhost:52036}, networkConnectionEnabled: false, pageLoadStrategy: normal, platformName: mac, proxy: Proxy(), setWindowRect: true, strictFileInteractability: false, timeouts: {implicit: 0, pageLoad: 300000, script: 30000}, unhandledPromptBehavior: dismiss and notify, webauthn:extension:credBlob: true, webauthn:extension:largeBlob: true, webauthn:virtualAuthenticators: true}
Element: [[ChromeDriver: chrome on mac (746302c38a1ab8bb049f9d9d78b93d68)] -&gt; xpath: //ul[@class = &#039;nav nav-tabs nav-pills&#039;]/li/a[contains(text(),&#039;Offline&#039;)]]
Session ID: 746302c38a1ab8bb049f9d9d78b93d68" type="org.openqa.selenium.ElementClickInterceptedException">
      <![CDATA[org.openqa.selenium.ElementClickInterceptedException: element click intercepted: Element <a class="nav-link">...</a> is not clickable at point (556, 123). Other element would receive the click: <div class="loader">...</div>
  (Session info: headless chrome=110.0.5481.177)
Build info: version: '4.10.0', revision: 'c14d967899'
System info: os.name: 'Mac OS X', os.arch: 'aarch64', os.version: '13.5.1', java.version: '19.0.1'
Driver info: org.openqa.selenium.chrome.ChromeDriver
Command: [746302c38a1ab8bb049f9d9d78b93d68, clickElement {id=3ef37641-0138-4c98-998d-8564991cb8bd}]
Capabilities {acceptInsecureCerts: false, browserName: chrome, browserVersion: 110.0.5481.177, chrome: {chromedriverVersion: 110.0.5481.77 (65ed616c6e8e..., userDataDir: /var/folders/cn/t8j6szvx4_n...}, goog:chromeOptions: {debuggerAddress: localhost:52036}, networkConnectionEnabled: false, pageLoadStrategy: normal, platformName: mac, proxy: Proxy(), setWindowRect: true, strictFileInteractability: false, timeouts: {implicit: 0, pageLoad: 300000, script: 30000}, unhandledPromptBehavior: dismiss and notify, webauthn:extension:credBlob: true, webauthn:extension:largeBlob: true, webauthn:virtualAuthenticators: true}
Element: [[ChromeDriver: chrome on mac (746302c38a1ab8bb049f9d9d78b93d68)] -> xpath: //ul[@class = 'nav nav-tabs nav-pills']/li/a[contains(text(),'Offline')]]
Session ID: 746302c38a1ab8bb049f9d9d78b93d68
at java.base/jdk.internal.reflect.DirectConstructorHandleAccessor.newInstance(DirectConstructorHandleAccessor.java:67)
at java.base/java.lang.reflect.Constructor.newInstanceWithCaller(Constructor.java:500)
at java.base/java.lang.reflect.Constructor.newInstance(Constructor.java:484)
at org.openqa.selenium.remote.codec.w3c.W3CHttpResponseCodec.createException(W3CHttpResponseCodec.java:199)
at org.openqa.selenium.remote.codec.w3c.W3CHttpResponseCodec.decode(W3CHttpResponseCodec.java:132)
at org.openqa.selenium.remote.codec.w3c.W3CHttpResponseCodec.decode(W3CHttpResponseCodec.java:51)
at org.openqa.selenium.remote.HttpCommandExecutor.execute(HttpCommandExecutor.java:191)
at org.openqa.selenium.remote.service.DriverCommandExecutor.invokeExecute(DriverCommandExecutor.java:196)
at org.openqa.selenium.remote.service.DriverCommandExecutor.execute(DriverCommandExecutor.java:171)
at org.openqa.selenium.remote.RemoteWebDriver.execute(RemoteWebDriver.java:531)
at org.openqa.selenium.remote.RemoteWebElement.execute(RemoteWebElement.java:242)
at org.openqa.selenium.remote.RemoteWebElement.click(RemoteWebElement.java:77)
at java.base/jdk.internal.reflect.DirectMethodHandleAccessor.invoke(DirectMethodHandleAccessor.java:104)
at java.base/java.lang.reflect.Method.invoke(Method.java:578)
at org.openqa.selenium.support.pagefactory.internal.LocatingElementHandler.invoke(LocatingElementHandler.java:51)
at jdk.proxy2/jdk.proxy2.$Proxy18.click(Unknown Source)
at Pages.SKUMatchingPage.add_offline_competitor_sku_match_valid_data_verify_button_disabled_on_sku_name_and_competitor_name_and_price(SKUMatchingPage.java:709)
at Tests.Regression_Suit.add_offline_competitor_sku_match_valid_data_verify_button_disabled_on_sku_name_and_competitor_name_and_price(Regression_Suit.java:343)
at java.base/jdk.internal.reflect.DirectMethodHandleAccessor.invoke(DirectMethodHandleAccessor.java:104)
at java.base/java.lang.reflect.Method.invoke(Method.java:578)
at org.testng.internal.MethodInvocationHelper.invokeMethod(MethodInvocationHelper.java:124)
at org.testng.internal.Invoker.invokeMethod(Invoker.java:583)
at org.testng.internal.Invoker.invokeTestMethod(Invoker.java:719)
at org.testng.internal.Invoker.invokeTestMethods(Invoker.java:989)
at org.testng.internal.TestMethodWorker.invokeTestMethods(TestMethodWorker.java:125)
at org.testng.internal.TestMethodWorker.run(TestMethodWorker.java:109)
at org.testng.TestRunner.privateRun(TestRunner.java:648)
at org.testng.TestRunner.run(TestRunner.java:505)
at org.testng.SuiteRunner.runTest(SuiteRunner.java:455)
at org.testng.SuiteRunner.runSequentially(SuiteRunner.java:450)
at org.testng.SuiteRunner.privateRun(SuiteRunner.java:415)
at org.testng.SuiteRunner.run(SuiteRunner.java:364)
at org.testng.SuiteRunnerWorker.runSuite(SuiteRunnerWorker.java:52)
at org.testng.SuiteRunnerWorker.run(SuiteRunnerWorker.java:84)
at org.testng.TestNG.runSuitesSequentially(TestNG.java:1208)
at org.testng.TestNG.runSuitesLocally(TestNG.java:1137)
at org.testng.TestNG.runSuites(TestNG.java:1049)
at org.testng.TestNG.run(TestNG.java:1017)
at org.apache.maven.surefire.testng.TestNGExecutor.run(TestNGExecutor.java:135)
at org.apache.maven.surefire.testng.TestNGDirectoryTestSuite.executeSingleClass(TestNGDirectoryTestSuite.java:112)
at org.apache.maven.surefire.testng.TestNGDirectoryTestSuite.execute(TestNGDirectoryTestSuite.java:99)
at org.apache.maven.surefire.testng.TestNGProvider.invoke(TestNGProvider.java:146)
at org.apache.maven.surefire.booter.ForkedBooter.invokeProviderInSameClassLoader(ForkedBooter.java:379)
at org.apache.maven.surefire.booter.ForkedBooter.runSuitesInProcess(ForkedBooter.java:340)
at org.apache.maven.surefire.booter.ForkedBooter.execute(ForkedBooter.java:125)
at org.apache.maven.surefire.booter.ForkedBooter.main(ForkedBooter.java:413)
]]>
    </error>
  </testcase> <!-- add_offline_competitor_sku_match_valid_data_verify_button_disabled_on_sku_name_and_competitor_name_and_price -->
  <testcase classname="Tests.Regression_Suit" name="add_offline_competitor_sku_match_valid_data_verify_button_disabled_on_sku_name_and_competitor_name_and_l1_category" time="7.899"/>
  <testcase classname="Tests.Regression_Suit" name="add_offline_competitor_sku_match_valid_data_verify_button_enabled" time="1.784"/>
  <testcase classname="Tests.Regression_Suit" name="add_offline_competitor_sku_match_valid_data_click_add_sku_button" time="2.366"/>
  <testcase classname="Tests.Regression_Suit" name="verify_offline_competitor_sku_match_added_verify_competitor_sku" time="3.936"/>
  <testcase classname="Tests.Regression_Suit" name="verify_offline_competitor_sku_match_added_verify_competitor_name" time="1.404"/>
  <testcase classname="Tests.Regression_Suit" name="verify_offline_competitor_sku_match_added_verify_competitor_price" time="2.923"/>
  <testcase classname="Tests.Regression_Suit" name="verify_offline_competitor_sku_match_added_verify_competitor_category" time="1.381"/>
  <testcase classname="Tests.Regression_Suit" name="verify_database_tab_selection" time="2.178"/>
  <testcase classname="Tests.Regression_Suit" name="verify_database_tab_add_btn_disabled" time="1.956"/>
  <testcase classname="Tests.Regression_Suit" name="verify_search_btn_disabled" time="2.080"/>
  <testcase classname="Tests.Regression_Suit" name="verify_cancel_icon_database_tab" time="4.340"/>
  <testcase classname="Tests.Regression_Suit" name="verify_cancel_button_database_tab" time="3.982"/>
  <testcase classname="Tests.Regression_Suit" name="verify_search_btn_enabled_on_filter_selection" time="1.824"/>
  <testcase classname="Tests.Regression_Suit" name="verify_filter_competitor_name" time="1.441"/>
  <testcase classname="Tests.Regression_Suit" name="verify_data_on_filter_by_chaldal_database_tab" time="5.540"/>
  <testcase classname="Tests.Regression_Suit" name="verify_data_on_filter_by_pandamart_database_tab" time="6.420"/>
  <testcase classname="Tests.Regression_Suit" name="verify_data_on_filter_by_pickaboo_database_tab" time="6.490"/>
  <testcase classname="Tests.Regression_Suit" name="verify_data_on_filter_by_shajgoj_database_tab" time="6.390"/>
  <testcase classname="Tests.Regression_Suit" name="search_sku_name_against_competitor_database_tab" time="12.160"/>
  <testcase classname="Tests.Regression_Suit" name="add_match_database_tab" time="3.282"/>
  <testcase classname="Tests.Regression_Suit" name="verify_database_match_added" time="1.478"/>
  <testcase classname="Tests.Regression_Suit" name="download_file_task_details" time="2.815">
    <error message="/home/qaautomation/Downloads" type="java.nio.file.NoSuchFileException">
      <![CDATA[java.nio.file.NoSuchFileException: /home/qaautomation/Downloads
at java.base/sun.nio.fs.UnixException.translateToIOException(UnixException.java:92)
at java.base/sun.nio.fs.UnixException.rethrowAsIOException(UnixException.java:106)
at java.base/sun.nio.fs.UnixException.rethrowAsIOException(UnixException.java:111)
at java.base/sun.nio.fs.UnixFileSystemProvider.newDirectoryStream(UnixFileSystemProvider.java:420)
at java.base/java.nio.file.Files.newDirectoryStream(Files.java:482)
at java.base/java.nio.file.Files.list(Files.java:3791)
at Pages.SKUMatchingPage.download_file_task_details(SKUMatchingPage.java:1192)
at Tests.Regression_Suit.download_file_task_details(Regression_Suit.java:453)
at java.base/jdk.internal.reflect.DirectMethodHandleAccessor.invoke(DirectMethodHandleAccessor.java:104)
at java.base/java.lang.reflect.Method.invoke(Method.java:578)
at org.testng.internal.MethodInvocationHelper.invokeMethod(MethodInvocationHelper.java:124)
at org.testng.internal.Invoker.invokeMethod(Invoker.java:583)
at org.testng.internal.Invoker.invokeTestMethod(Invoker.java:719)
at org.testng.internal.Invoker.invokeTestMethods(Invoker.java:989)
at org.testng.internal.TestMethodWorker.invokeTestMethods(TestMethodWorker.java:125)
at org.testng.internal.TestMethodWorker.run(TestMethodWorker.java:109)
at org.testng.TestRunner.privateRun(TestRunner.java:648)
at org.testng.TestRunner.run(TestRunner.java:505)
at org.testng.SuiteRunner.runTest(SuiteRunner.java:455)
at org.testng.SuiteRunner.runSequentially(SuiteRunner.java:450)
at org.testng.SuiteRunner.privateRun(SuiteRunner.java:415)
at org.testng.SuiteRunner.run(SuiteRunner.java:364)
at org.testng.SuiteRunnerWorker.runSuite(SuiteRunnerWorker.java:52)
at org.testng.SuiteRunnerWorker.run(SuiteRunnerWorker.java:84)
at org.testng.TestNG.runSuitesSequentially(TestNG.java:1208)
at org.testng.TestNG.runSuitesLocally(TestNG.java:1137)
at org.testng.TestNG.runSuites(TestNG.java:1049)
at org.testng.TestNG.run(TestNG.java:1017)
at org.apache.maven.surefire.testng.TestNGExecutor.run(TestNGExecutor.java:135)
at org.apache.maven.surefire.testng.TestNGDirectoryTestSuite.executeSingleClass(TestNGDirectoryTestSuite.java:112)
at org.apache.maven.surefire.testng.TestNGDirectoryTestSuite.execute(TestNGDirectoryTestSuite.java:99)
at org.apache.maven.surefire.testng.TestNGProvider.invoke(TestNGProvider.java:146)
at org.apache.maven.surefire.booter.ForkedBooter.invokeProviderInSameClassLoader(ForkedBooter.java:379)
at org.apache.maven.surefire.booter.ForkedBooter.runSuitesInProcess(ForkedBooter.java:340)
at org.apache.maven.surefire.booter.ForkedBooter.execute(ForkedBooter.java:125)
at org.apache.maven.surefire.booter.ForkedBooter.main(ForkedBooter.java:413)
]]>
    </error>
  </testcase> <!-- download_file_task_details -->
  <testcase classname="Tests.Regression_Suit" name="verify_view_matched_item_data" time="1.311"/>
  <testcase classname="Tests.Regression_Suit" name="mark_inaccurate" time="4.569"/>
  <testcase classname="Tests.Regression_Suit" name="mark_verified" time="7.240"/>
  <testcase classname="Tests.Regression_Suit" name="verify_mark_inaccurate_dropdown" time="3.729"/>
  <testcase classname="Tests.Regression_Suit" name="click_SKUMatching_module" time="0.276"/>
  <testcase classname="Tests.Regression_Suit" name="upload_online_match_valid_file_click_upload" time="11.893"/>
  <testcase classname="Tests.Regression_Suit" name="upload_online_match_valid_file_click_cancel_button" time="10.405"/>
  <testcase classname="Tests.Regression_Suit" name="upload_online_match_valid_file_click_cancel_icon" time="0.122"/>
  <testcase classname="Tests.Regression_Suit" name="upload_online_match_without_file" time="0.728"/>
  <testcase classname="Tests.Regression_Suit" name="upload_online_match_invalid_excel_file" time="18.539"/>
  <testcase classname="Tests.Regression_Suit" name="upload_online_match_invalid_image_file" time="13.492"/>
  <testcase classname="Tests.Regression_Suit" name="download_templete_online_matches" time="2.153">
    <error message="/home/qaautomation/Downloads" type="java.nio.file.NoSuchFileException">
      <![CDATA[java.nio.file.NoSuchFileException: /home/qaautomation/Downloads
at java.base/sun.nio.fs.UnixException.translateToIOException(UnixException.java:92)
at java.base/sun.nio.fs.UnixException.rethrowAsIOException(UnixException.java:106)
at java.base/sun.nio.fs.UnixException.rethrowAsIOException(UnixException.java:111)
at java.base/sun.nio.fs.UnixFileSystemProvider.newDirectoryStream(UnixFileSystemProvider.java:420)
at java.base/java.nio.file.Files.newDirectoryStream(Files.java:482)
at java.base/java.nio.file.Files.list(Files.java:3791)
at Pages.SKUMatchingPage.download_templete_online_matches(SKUMatchingPage.java:1634)
at Tests.Regression_Suit.download_templete_online_matches(Regression_Suit.java:518)
at java.base/jdk.internal.reflect.DirectMethodHandleAccessor.invoke(DirectMethodHandleAccessor.java:104)
at java.base/java.lang.reflect.Method.invoke(Method.java:578)
at org.testng.internal.MethodInvocationHelper.invokeMethod(MethodInvocationHelper.java:124)
at org.testng.internal.Invoker.invokeMethod(Invoker.java:583)
at org.testng.internal.Invoker.invokeTestMethod(Invoker.java:719)
at org.testng.internal.Invoker.invokeTestMethods(Invoker.java:989)
at org.testng.internal.TestMethodWorker.invokeTestMethods(TestMethodWorker.java:125)
at org.testng.internal.TestMethodWorker.run(TestMethodWorker.java:109)
at org.testng.TestRunner.privateRun(TestRunner.java:648)
at org.testng.TestRunner.run(TestRunner.java:505)
at org.testng.SuiteRunner.runTest(SuiteRunner.java:455)
at org.testng.SuiteRunner.runSequentially(SuiteRunner.java:450)
at org.testng.SuiteRunner.privateRun(SuiteRunner.java:415)
at org.testng.SuiteRunner.run(SuiteRunner.java:364)
at org.testng.SuiteRunnerWorker.runSuite(SuiteRunnerWorker.java:52)
at org.testng.SuiteRunnerWorker.run(SuiteRunnerWorker.java:84)
at org.testng.TestNG.runSuitesSequentially(TestNG.java:1208)
at org.testng.TestNG.runSuitesLocally(TestNG.java:1137)
at org.testng.TestNG.runSuites(TestNG.java:1049)
at org.testng.TestNG.run(TestNG.java:1017)
at org.apache.maven.surefire.testng.TestNGExecutor.run(TestNGExecutor.java:135)
at org.apache.maven.surefire.testng.TestNGDirectoryTestSuite.executeSingleClass(TestNGDirectoryTestSuite.java:112)
at org.apache.maven.surefire.testng.TestNGDirectoryTestSuite.execute(TestNGDirectoryTestSuite.java:99)
at org.apache.maven.surefire.testng.TestNGProvider.invoke(TestNGProvider.java:146)
at org.apache.maven.surefire.booter.ForkedBooter.invokeProviderInSameClassLoader(ForkedBooter.java:379)
at org.apache.maven.surefire.booter.ForkedBooter.runSuitesInProcess(ForkedBooter.java:340)
at org.apache.maven.surefire.booter.ForkedBooter.execute(ForkedBooter.java:125)
at org.apache.maven.surefire.booter.ForkedBooter.main(ForkedBooter.java:413)
]]>
    </error>
  </testcase> <!-- download_templete_online_matches -->
  <testcase classname="Tests.Regression_Suit" name="online_get_task_data" time="14.160">
    <error message="Unparseable date: &quot;Wed, 20 Sep 2023 20:40:53 GMT&quot;" type="java.text.ParseException">
      <![CDATA[java.text.ParseException: Unparseable date: "Wed, 20 Sep 2023 20:40:53 GMT"
at java.base/java.text.DateFormat.parse(DateFormat.java:399)
at Pages.SKUMatchingPage.get_task_data(SKUMatchingPage.java:235)
at Tests.Regression_Suit.online_get_task_data(Regression_Suit.java:522)
at java.base/jdk.internal.reflect.DirectMethodHandleAccessor.invoke(DirectMethodHandleAccessor.java:104)
at java.base/java.lang.reflect.Method.invoke(Method.java:578)
at org.testng.internal.MethodInvocationHelper.invokeMethod(MethodInvocationHelper.java:124)
at org.testng.internal.Invoker.invokeMethod(Invoker.java:583)
at org.testng.internal.Invoker.invokeTestMethod(Invoker.java:719)
at org.testng.internal.Invoker.invokeTestMethods(Invoker.java:989)
at org.testng.internal.TestMethodWorker.invokeTestMethods(TestMethodWorker.java:125)
at org.testng.internal.TestMethodWorker.run(TestMethodWorker.java:109)
at org.testng.TestRunner.privateRun(TestRunner.java:648)
at org.testng.TestRunner.run(TestRunner.java:505)
at org.testng.SuiteRunner.runTest(SuiteRunner.java:455)
at org.testng.SuiteRunner.runSequentially(SuiteRunner.java:450)
at org.testng.SuiteRunner.privateRun(SuiteRunner.java:415)
at org.testng.SuiteRunner.run(SuiteRunner.java:364)
at org.testng.SuiteRunnerWorker.runSuite(SuiteRunnerWorker.java:52)
at org.testng.SuiteRunnerWorker.run(SuiteRunnerWorker.java:84)
at org.testng.TestNG.runSuitesSequentially(TestNG.java:1208)
at org.testng.TestNG.runSuitesLocally(TestNG.java:1137)
at org.testng.TestNG.runSuites(TestNG.java:1049)
at org.testng.TestNG.run(TestNG.java:1017)
at org.apache.maven.surefire.testng.TestNGExecutor.run(TestNGExecutor.java:135)
at org.apache.maven.surefire.testng.TestNGDirectoryTestSuite.executeSingleClass(TestNGDirectoryTestSuite.java:112)
at org.apache.maven.surefire.testng.TestNGDirectoryTestSuite.execute(TestNGDirectoryTestSuite.java:99)
at org.apache.maven.surefire.testng.TestNGProvider.invoke(TestNGProvider.java:146)
at org.apache.maven.surefire.booter.ForkedBooter.invokeProviderInSameClassLoader(ForkedBooter.java:379)
at org.apache.maven.surefire.booter.ForkedBooter.runSuitesInProcess(ForkedBooter.java:340)
at org.apache.maven.surefire.booter.ForkedBooter.execute(ForkedBooter.java:125)
at org.apache.maven.surefire.booter.ForkedBooter.main(ForkedBooter.java:413)
]]>
    </error>
  </testcase> <!-- online_get_task_data -->
  <testcase classname="Tests.Regression_Suit" name="click_task_details" time="2.907"/>
  <testcase classname="Tests.Regression_Suit" name="online_verify_all_active_skus_from_file" time="5.203"/>
  <testcase classname="Tests.Regression_Suit" name="online_verify_all_inactive_skus_from_file" time="10.566"/>
  <testcase classname="Tests.Regression_Suit" name="online_verify_search_by_sku_name_and_id" time="24.687"/>
  <testcase classname="Tests.Regression_Suit" name="online_verify_search_by_sku_id" time="24.489"/>
  <testcase classname="Tests.Regression_Suit" name="online_verify_search_by_sku_name" time="32.584"/>
  <testcase classname="Tests.Regression_Suit" name="online_click_add_competitor_sku_verify_popup" time="1.906"/>
  <testcase classname="Tests.Regression_Suit" name="online_click_cancel_popup" time="3.398"/>
  <testcase classname="Tests.Regression_Suit" name="online_verify_online_selection" time="1.385"/>
  <testcase classname="Tests.Regression_Suit" name="online_add_online_competitor_sku_match_valid_url" time="2.746"/>
  <testcase classname="Tests.Regression_Suit" name="online_verify_online_match_added" time="4.966"/>
  <testcase classname="Tests.Regression_Suit" name="online_add_online_competitor_sku_invalid_url" time="0.710"/>
  <testcase classname="Tests.Regression_Suit" name="online_verify_add_sku_btn_disable_on_popup_display" time="2.565"/>
  <testcase classname="Tests.Regression_Suit" name="online_verify_add_sku_btn_disable_on_competitor_select" time="1.530"/>
  <testcase classname="Tests.Regression_Suit" name="online_verify_add_sku_btn_disable_on_add_url" time="1.506"/>
  <testcase classname="Tests.Regression_Suit" name="online_verify_offline_selection" time="1.362"/>
  <testcase classname="Tests.Regression_Suit" name="online_add_offline_competitor_sku_match_valid_data_verify_button_disabled_on_sku_name" time="1.429"/>
  <testcase classname="Tests.Regression_Suit" name="online_add_offline_competitor_sku_match_valid_data_verify_button_disabled_on_sku_name_and_competitor_name" time="1.485"/>
  <testcase classname="Tests.Regression_Suit" name="online_add_offline_competitor_sku_match_valid_data_verify_button_disabled_on_sku_name_and_competitor_name_and_price" time="1.644"/>
  <testcase classname="Tests.Regression_Suit" name="online_add_offline_competitor_sku_match_valid_data_verify_button_disabled_on_sku_name_and_competitor_name_and_l1_category" time="1.539"/>
  <testcase classname="Tests.Regression_Suit" name="online_add_offline_competitor_sku_match_valid_data_verify_button_enabled" time="1.960"/>
  <testcase classname="Tests.Regression_Suit" name="online_add_offline_competitor_sku_match_valid_data_click_add_sku_button" time="2.200"/>
  <testcase classname="Tests.Regression_Suit" name="online_verify_offline_competitor_sku_match_added_verify_competitor_sku" time="3.866"/>
  <testcase classname="Tests.Regression_Suit" name="online_verify_offline_competitor_sku_match_added_verify_competitor_name" time="1.383"/>
  <testcase classname="Tests.Regression_Suit" name="online_verify_offline_competitor_sku_match_added_verify_competitor_price" time="2.935"/>
  <testcase classname="Tests.Regression_Suit" name="online_verify_offline_competitor_sku_match_added_verify_competitor_category" time="1.414"/>
  <testcase classname="Tests.Regression_Suit" name="online_verify_database_tab_selection" time="1.464"/>
  <testcase classname="Tests.Regression_Suit" name="online_verify_database_tab_add_btn_disabled" time="1.921"/>
  <testcase classname="Tests.Regression_Suit" name="online_verify_search_btn_disabled" time="1.420"/>
  <testcase classname="Tests.Regression_Suit" name="online_verify_cancel_icon_database_tab" time="3.678"/>
  <testcase classname="Tests.Regression_Suit" name="online_verify_cancel_button_database_tab" time="4.078"/>
  <testcase classname="Tests.Regression_Suit" name="online_verify_search_btn_enabled_on_filter_selection" time="1.874"/>
  <testcase classname="Tests.Regression_Suit" name="online_verify_filter_competitor_name" time="2.508"/>
  <testcase classname="Tests.Regression_Suit" name="online_verify_data_on_filter_by_chaldal_database_tab" time="5.740"/>
  <testcase classname="Tests.Regression_Suit" name="online_verify_data_on_filter_by_pandamart_database_tab" time="7.117"/>
  <testcase classname="Tests.Regression_Suit" name="online_verify_data_on_filter_by_pickaboo_database_tab" time="5.685"/>
  <testcase classname="Tests.Regression_Suit" name="online_verify_data_on_filter_by_shajgoj_database_tab" time="6.378"/>
  <testcase classname="Tests.Regression_Suit" name="online_search_sku_name_against_competitor_database_tab" time="12.475"/>
  <testcase classname="Tests.Regression_Suit" name="online_add_match_database_tab" time="3.650"/>
  <testcase classname="Tests.Regression_Suit" name="online_verify_database_match_added" time="2.973"/>
  <testcase classname="Tests.Regression_Suit" name="online_download_file_task_details" time="3.406">
    <error message="/home/qaautomation/Downloads" type="java.nio.file.NoSuchFileException">
      <![CDATA[java.nio.file.NoSuchFileException: /home/qaautomation/Downloads
at java.base/sun.nio.fs.UnixException.translateToIOException(UnixException.java:92)
at java.base/sun.nio.fs.UnixException.rethrowAsIOException(UnixException.java:106)
at java.base/sun.nio.fs.UnixException.rethrowAsIOException(UnixException.java:111)
at java.base/sun.nio.fs.UnixFileSystemProvider.newDirectoryStream(UnixFileSystemProvider.java:420)
at java.base/java.nio.file.Files.newDirectoryStream(Files.java:482)
at java.base/java.nio.file.Files.list(Files.java:3791)
at Pages.SKUMatchingPage.download_file_task_details(SKUMatchingPage.java:1192)
at Tests.Regression_Suit.online_download_file_task_details(Regression_Suit.java:728)
at java.base/jdk.internal.reflect.DirectMethodHandleAccessor.invoke(DirectMethodHandleAccessor.java:104)
at java.base/java.lang.reflect.Method.invoke(Method.java:578)
at org.testng.internal.MethodInvocationHelper.invokeMethod(MethodInvocationHelper.java:124)
at org.testng.internal.Invoker.invokeMethod(Invoker.java:583)
at org.testng.internal.Invoker.invokeTestMethod(Invoker.java:719)
at org.testng.internal.Invoker.invokeTestMethods(Invoker.java:989)
at org.testng.internal.TestMethodWorker.invokeTestMethods(TestMethodWorker.java:125)
at org.testng.internal.TestMethodWorker.run(TestMethodWorker.java:109)
at org.testng.TestRunner.privateRun(TestRunner.java:648)
at org.testng.TestRunner.run(TestRunner.java:505)
at org.testng.SuiteRunner.runTest(SuiteRunner.java:455)
at org.testng.SuiteRunner.runSequentially(SuiteRunner.java:450)
at org.testng.SuiteRunner.privateRun(SuiteRunner.java:415)
at org.testng.SuiteRunner.run(SuiteRunner.java:364)
at org.testng.SuiteRunnerWorker.runSuite(SuiteRunnerWorker.java:52)
at org.testng.SuiteRunnerWorker.run(SuiteRunnerWorker.java:84)
at org.testng.TestNG.runSuitesSequentially(TestNG.java:1208)
at org.testng.TestNG.runSuitesLocally(TestNG.java:1137)
at org.testng.TestNG.runSuites(TestNG.java:1049)
at org.testng.TestNG.run(TestNG.java:1017)
at org.apache.maven.surefire.testng.TestNGExecutor.run(TestNGExecutor.java:135)
at org.apache.maven.surefire.testng.TestNGDirectoryTestSuite.executeSingleClass(TestNGDirectoryTestSuite.java:112)
at org.apache.maven.surefire.testng.TestNGDirectoryTestSuite.execute(TestNGDirectoryTestSuite.java:99)
at org.apache.maven.surefire.testng.TestNGProvider.invoke(TestNGProvider.java:146)
at org.apache.maven.surefire.booter.ForkedBooter.invokeProviderInSameClassLoader(ForkedBooter.java:379)
at org.apache.maven.surefire.booter.ForkedBooter.runSuitesInProcess(ForkedBooter.java:340)
at org.apache.maven.surefire.booter.ForkedBooter.execute(ForkedBooter.java:125)
at org.apache.maven.surefire.booter.ForkedBooter.main(ForkedBooter.java:413)
]]>
    </error>
  </testcase> <!-- online_download_file_task_details -->
  <testcase classname="Tests.Regression_Suit" name="online_verify_view_matched_item_data" time="1.889"/>
  <testcase classname="Tests.Regression_Suit" name="online_mark_inaccurate" time="4.338"/>
  <testcase classname="Tests.Regression_Suit" name="online_mark_verified" time="8.383"/>
  <testcase classname="Tests.Regression_Suit" name="online_verify_mark_inaccurate_dropdown" time="3.686"/>
  <testcase classname="Tests.Regression_Suit" name="click_SKUMatching_module3" time="0.338"/>
  <testcase classname="Tests.Regression_Suit" name="upload_offline_match_valid_file_click_cancel_button" time="10.640"/>
  <testcase classname="Tests.Regression_Suit" name="upload_offline_match_valid_file_click_upload" time="62.639">
    <error message="Expected condition failed: waiting for visibility of Proxy element for: DefaultElementLocator &#039;By.cssSelector: div.alert.fade.show&#039; (tried for 60 second(s) with 500 milliseconds interval)" type="org.openqa.selenium.TimeoutException">
      <![CDATA[org.openqa.selenium.TimeoutException: Expected condition failed: waiting for visibility of Proxy element for: DefaultElementLocator 'By.cssSelector: div.alert.fade.show' (tried for 60 second(s) with 500 milliseconds interval)
at org.openqa.selenium.support.ui.WebDriverWait.timeoutException(WebDriverWait.java:84)
at org.openqa.selenium.support.ui.FluentWait.until(FluentWait.java:230)
at Pages.SKUMatchingPage.upload_offline_match_valid_file_click_upload(SKUMatchingPage.java:1773)
at Tests.Regression_Suit.upload_offline_match_valid_file_click_upload(Regression_Suit.java:773)
at java.base/jdk.internal.reflect.DirectMethodHandleAccessor.invoke(DirectMethodHandleAccessor.java:104)
at java.base/java.lang.reflect.Method.invoke(Method.java:578)
at org.testng.internal.MethodInvocationHelper.invokeMethod(MethodInvocationHelper.java:124)
at org.testng.internal.Invoker.invokeMethod(Invoker.java:583)
at org.testng.internal.Invoker.invokeTestMethod(Invoker.java:719)
at org.testng.internal.Invoker.invokeTestMethods(Invoker.java:989)
at org.testng.internal.TestMethodWorker.invokeTestMethods(TestMethodWorker.java:125)
at org.testng.internal.TestMethodWorker.run(TestMethodWorker.java:109)
at org.testng.TestRunner.privateRun(TestRunner.java:648)
at org.testng.TestRunner.run(TestRunner.java:505)
at org.testng.SuiteRunner.runTest(SuiteRunner.java:455)
at org.testng.SuiteRunner.runSequentially(SuiteRunner.java:450)
at org.testng.SuiteRunner.privateRun(SuiteRunner.java:415)
at org.testng.SuiteRunner.run(SuiteRunner.java:364)
at org.testng.SuiteRunnerWorker.runSuite(SuiteRunnerWorker.java:52)
at org.testng.SuiteRunnerWorker.run(SuiteRunnerWorker.java:84)
at org.testng.TestNG.runSuitesSequentially(TestNG.java:1208)
at org.testng.TestNG.runSuitesLocally(TestNG.java:1137)
at org.testng.TestNG.runSuites(TestNG.java:1049)
at org.testng.TestNG.run(TestNG.java:1017)
at org.apache.maven.surefire.testng.TestNGExecutor.run(TestNGExecutor.java:135)
at org.apache.maven.surefire.testng.TestNGDirectoryTestSuite.executeSingleClass(TestNGDirectoryTestSuite.java:112)
at org.apache.maven.surefire.testng.TestNGDirectoryTestSuite.execute(TestNGDirectoryTestSuite.java:99)
at org.apache.maven.surefire.testng.TestNGProvider.invoke(TestNGProvider.java:146)
at org.apache.maven.surefire.booter.ForkedBooter.invokeProviderInSameClassLoader(ForkedBooter.java:379)
at org.apache.maven.surefire.booter.ForkedBooter.runSuitesInProcess(ForkedBooter.java:340)
at org.apache.maven.surefire.booter.ForkedBooter.execute(ForkedBooter.java:125)
at org.apache.maven.surefire.booter.ForkedBooter.main(ForkedBooter.java:413)
Caused by: org.openqa.selenium.NoSuchElementException: no such element: Unable to locate element: {"method":"css selector","selector":"div.alert.fade.show"}
  (Session info: headless chrome=110.0.5481.177)
For documentation on this error, please visit: https://www.selenium.dev/documentation/webdriver/troubleshooting/errors#no-such-element-exception
Build info: version: '4.10.0', revision: 'c14d967899'
System info: os.name: 'Mac OS X', os.arch: 'aarch64', os.version: '13.5.1', java.version: '19.0.1'
Driver info: org.openqa.selenium.chrome.ChromeDriver
Command: [746302c38a1ab8bb049f9d9d78b93d68, findElement {using=css selector, value=div.alert.fade.show}]
Capabilities {acceptInsecureCerts: false, browserName: chrome, browserVersion: 110.0.5481.177, chrome: {chromedriverVersion: 110.0.5481.77 (65ed616c6e8e..., userDataDir: /var/folders/cn/t8j6szvx4_n...}, goog:chromeOptions: {debuggerAddress: localhost:52036}, networkConnectionEnabled: false, pageLoadStrategy: normal, platformName: mac, proxy: Proxy(), setWindowRect: true, strictFileInteractability: false, timeouts: {implicit: 0, pageLoad: 300000, script: 30000}, unhandledPromptBehavior: dismiss and notify, webauthn:extension:credBlob: true, webauthn:extension:largeBlob: true, webauthn:virtualAuthenticators: true}
Session ID: 746302c38a1ab8bb049f9d9d78b93d68
at java.base/jdk.internal.reflect.DirectConstructorHandleAccessor.newInstance(DirectConstructorHandleAccessor.java:67)
at java.base/java.lang.reflect.Constructor.newInstanceWithCaller(Constructor.java:500)
at java.base/java.lang.reflect.Constructor.newInstance(Constructor.java:484)
at org.openqa.selenium.remote.codec.w3c.W3CHttpResponseCodec.createException(W3CHttpResponseCodec.java:199)
at org.openqa.selenium.remote.codec.w3c.W3CHttpResponseCodec.decode(W3CHttpResponseCodec.java:132)
at org.openqa.selenium.remote.codec.w3c.W3CHttpResponseCodec.decode(W3CHttpResponseCodec.java:51)
at org.openqa.selenium.remote.HttpCommandExecutor.execute(HttpCommandExecutor.java:191)
at org.openqa.selenium.remote.service.DriverCommandExecutor.invokeExecute(DriverCommandExecutor.java:196)
at org.openqa.selenium.remote.service.DriverCommandExecutor.execute(DriverCommandExecutor.java:171)
at org.openqa.selenium.remote.RemoteWebDriver.execute(RemoteWebDriver.java:531)
at org.openqa.selenium.remote.ElementLocation$ElementFinder$2.findElement(ElementLocation.java:165)
at org.openqa.selenium.remote.ElementLocation.findElement(ElementLocation.java:59)
at org.openqa.selenium.remote.RemoteWebDriver.findElement(RemoteWebDriver.java:350)
at org.openqa.selenium.remote.RemoteWebDriver.findElement(RemoteWebDriver.java:344)
at org.openqa.selenium.support.pagefactory.DefaultElementLocator.findElement(DefaultElementLocator.java:68)
at org.openqa.selenium.support.pagefactory.internal.LocatingElementHandler.invoke(LocatingElementHandler.java:38)
at jdk.proxy2/jdk.proxy2.$Proxy18.isDisplayed(Unknown Source)
at org.openqa.selenium.support.ui.ExpectedConditions.elementIfVisible(ExpectedConditions.java:304)
at org.openqa.selenium.support.ui.ExpectedConditions.access$000(ExpectedConditions.java:37)
at org.openqa.selenium.support.ui.ExpectedConditions$10.apply(ExpectedConditions.java:290)
at org.openqa.selenium.support.ui.ExpectedConditions$10.apply(ExpectedConditions.java:287)
at org.openqa.selenium.support.ui.FluentWait.until(FluentWait.java:205)
... 30 more
]]>
    </error>
  </testcase> <!-- upload_offline_match_valid_file_click_upload -->
  <testcase classname="Tests.Regression_Suit" name="upload_offline_match_valid_file_click_cancel_icon" time="5.957"/>
  <testcase classname="Tests.Regression_Suit" name="upload_offline_match_without_file" time="0.662"/>
  <testcase classname="Tests.Regression_Suit" name="upload_offline_match_invalid_excel_file" time="0.170"/>
  <testcase classname="Tests.Regression_Suit" name="upload_offline_match_invalid_image_file" time="8.510"/>
  <testcase classname="Tests.Regression_Suit" name="download_templete_offline_matches" time="2.546">
    <error message="/home/qaautomation/Downloads" type="java.nio.file.NoSuchFileException">
      <![CDATA[java.nio.file.NoSuchFileException: /home/qaautomation/Downloads
at java.base/sun.nio.fs.UnixException.translateToIOException(UnixException.java:92)
at java.base/sun.nio.fs.UnixException.rethrowAsIOException(UnixException.java:106)
at java.base/sun.nio.fs.UnixException.rethrowAsIOException(UnixException.java:111)
at java.base/sun.nio.fs.UnixFileSystemProvider.newDirectoryStream(UnixFileSystemProvider.java:420)
at java.base/java.nio.file.Files.newDirectoryStream(Files.java:482)
at java.base/java.nio.file.Files.list(Files.java:3791)
at Pages.SKUMatchingPage.download_templete_offline_matches(SKUMatchingPage.java:1860)
at Tests.Regression_Suit.download_templete_offline_matches(Regression_Suit.java:793)
at java.base/jdk.internal.reflect.DirectMethodHandleAccessor.invoke(DirectMethodHandleAccessor.java:104)
at java.base/java.lang.reflect.Method.invoke(Method.java:578)
at org.testng.internal.MethodInvocationHelper.invokeMethod(MethodInvocationHelper.java:124)
at org.testng.internal.Invoker.invokeMethod(Invoker.java:583)
at org.testng.internal.Invoker.invokeTestMethod(Invoker.java:719)
at org.testng.internal.Invoker.invokeTestMethods(Invoker.java:989)
at org.testng.internal.TestMethodWorker.invokeTestMethods(TestMethodWorker.java:125)
at org.testng.internal.TestMethodWorker.run(TestMethodWorker.java:109)
at org.testng.TestRunner.privateRun(TestRunner.java:648)
at org.testng.TestRunner.run(TestRunner.java:505)
at org.testng.SuiteRunner.runTest(SuiteRunner.java:455)
at org.testng.SuiteRunner.runSequentially(SuiteRunner.java:450)
at org.testng.SuiteRunner.privateRun(SuiteRunner.java:415)
at org.testng.SuiteRunner.run(SuiteRunner.java:364)
at org.testng.SuiteRunnerWorker.runSuite(SuiteRunnerWorker.java:52)
at org.testng.SuiteRunnerWorker.run(SuiteRunnerWorker.java:84)
at org.testng.TestNG.runSuitesSequentially(TestNG.java:1208)
at org.testng.TestNG.runSuitesLocally(TestNG.java:1137)
at org.testng.TestNG.runSuites(TestNG.java:1049)
at org.testng.TestNG.run(TestNG.java:1017)
at org.apache.maven.surefire.testng.TestNGExecutor.run(TestNGExecutor.java:135)
at org.apache.maven.surefire.testng.TestNGDirectoryTestSuite.executeSingleClass(TestNGDirectoryTestSuite.java:112)
at org.apache.maven.surefire.testng.TestNGDirectoryTestSuite.execute(TestNGDirectoryTestSuite.java:99)
at org.apache.maven.surefire.testng.TestNGProvider.invoke(TestNGProvider.java:146)
at org.apache.maven.surefire.booter.ForkedBooter.invokeProviderInSameClassLoader(ForkedBooter.java:379)
at org.apache.maven.surefire.booter.ForkedBooter.runSuitesInProcess(ForkedBooter.java:340)
at org.apache.maven.surefire.booter.ForkedBooter.execute(ForkedBooter.java:125)
at org.apache.maven.surefire.booter.ForkedBooter.main(ForkedBooter.java:413)
]]>
    </error>
  </testcase> <!-- download_templete_offline_matches -->
  <testcase classname="Tests.Regression_Suit" name="offline_get_task_data" time="14.164">
    <error message="Unparseable date: &quot;Wed, 20 Sep 2023 20:40:53 GMT&quot;" type="java.text.ParseException">
      <![CDATA[java.text.ParseException: Unparseable date: "Wed, 20 Sep 2023 20:40:53 GMT"
at java.base/java.text.DateFormat.parse(DateFormat.java:399)
at Pages.SKUMatchingPage.get_task_data(SKUMatchingPage.java:235)
at Tests.Regression_Suit.offline_get_task_data(Regression_Suit.java:797)
at java.base/jdk.internal.reflect.DirectMethodHandleAccessor.invoke(DirectMethodHandleAccessor.java:104)
at java.base/java.lang.reflect.Method.invoke(Method.java:578)
at org.testng.internal.MethodInvocationHelper.invokeMethod(MethodInvocationHelper.java:124)
at org.testng.internal.Invoker.invokeMethod(Invoker.java:583)
at org.testng.internal.Invoker.invokeTestMethod(Invoker.java:719)
at org.testng.internal.Invoker.invokeTestMethods(Invoker.java:989)
at org.testng.internal.TestMethodWorker.invokeTestMethods(TestMethodWorker.java:125)
at org.testng.internal.TestMethodWorker.run(TestMethodWorker.java:109)
at org.testng.TestRunner.privateRun(TestRunner.java:648)
at org.testng.TestRunner.run(TestRunner.java:505)
at org.testng.SuiteRunner.runTest(SuiteRunner.java:455)
at org.testng.SuiteRunner.runSequentially(SuiteRunner.java:450)
at org.testng.SuiteRunner.privateRun(SuiteRunner.java:415)
at org.testng.SuiteRunner.run(SuiteRunner.java:364)
at org.testng.SuiteRunnerWorker.runSuite(SuiteRunnerWorker.java:52)
at org.testng.SuiteRunnerWorker.run(SuiteRunnerWorker.java:84)
at org.testng.TestNG.runSuitesSequentially(TestNG.java:1208)
at org.testng.TestNG.runSuitesLocally(TestNG.java:1137)
at org.testng.TestNG.runSuites(TestNG.java:1049)
at org.testng.TestNG.run(TestNG.java:1017)
at org.apache.maven.surefire.testng.TestNGExecutor.run(TestNGExecutor.java:135)
at org.apache.maven.surefire.testng.TestNGDirectoryTestSuite.executeSingleClass(TestNGDirectoryTestSuite.java:112)
at org.apache.maven.surefire.testng.TestNGDirectoryTestSuite.execute(TestNGDirectoryTestSuite.java:99)
at org.apache.maven.surefire.testng.TestNGProvider.invoke(TestNGProvider.java:146)
at org.apache.maven.surefire.booter.ForkedBooter.invokeProviderInSameClassLoader(ForkedBooter.java:379)
at org.apache.maven.surefire.booter.ForkedBooter.runSuitesInProcess(ForkedBooter.java:340)
at org.apache.maven.surefire.booter.ForkedBooter.execute(ForkedBooter.java:125)
at org.apache.maven.surefire.booter.ForkedBooter.main(ForkedBooter.java:413)
]]>
    </error>
  </testcase> <!-- offline_get_task_data -->
  <testcase classname="Tests.Regression_Suit" name="offline_click_task_details" time="3.684"/>
  <testcase classname="Tests.Regression_Suit" name="offline_verify_all_active_skus_from_file" time="4.972"/>
  <testcase classname="Tests.Regression_Suit" name="offline_verify_all_inactive_skus_from_file" time="10.633"/>
  <testcase classname="Tests.Regression_Suit" name="offline_verify_search_by_sku_name_and_id" time="24.012"/>
  <testcase classname="Tests.Regression_Suit" name="offline_verify_search_by_sku_id" time="24.180"/>
  <testcase classname="Tests.Regression_Suit" name="offline_verify_search_by_sku_name" time="31.809"/>
  <testcase classname="Tests.Regression_Suit" name="offline_click_add_competitor_sku_verify_popup" time="1.580"/>
  <testcase classname="Tests.Regression_Suit" name="offline_click_cancel_popup" time="3.431"/>
  <testcase classname="Tests.Regression_Suit" name="offline_verify_online_selection" time="1.397"/>
  <testcase classname="Tests.Regression_Suit" name="offline_add_online_competitor_sku_match_valid_url" time="2.139"/>
  <testcase classname="Tests.Regression_Suit" name="offline_verify_online_match_added" time="5.015"/>
  <testcase classname="Tests.Regression_Suit" name="offline_add_online_competitor_sku_invalid_url" time="2.116"/>
  <testcase classname="Tests.Regression_Suit" name="offline_verify_add_sku_btn_disable_on_popup_display" time="1.329"/>
  <testcase classname="Tests.Regression_Suit" name="offline_verify_add_sku_btn_disable_on_competitor_select" time="1.382"/>
  <testcase classname="Tests.Regression_Suit" name="offline_verify_add_sku_btn_disable_on_add_url" time="1.482"/>
  <testcase classname="Tests.Regression_Suit" name="offline_verify_offline_selection" time="1.646"/>
  <testcase classname="Tests.Regression_Suit" name="offline_add_offline_competitor_sku_match_valid_data_verify_button_disabled_on_sku_name" time="1.434"/>
  <testcase classname="Tests.Regression_Suit" name="offline_add_offline_competitor_sku_match_valid_data_verify_button_disabled_on_sku_name_and_competitor_name" time="1.506"/>
  <testcase classname="Tests.Regression_Suit" name="offline_add_offline_competitor_sku_match_valid_data_verify_button_disabled_on_sku_name_and_competitor_name_and_price" time="1.582"/>
  <testcase classname="Tests.Regression_Suit" name="offline_add_offline_competitor_sku_match_valid_data_verify_button_disabled_on_sku_name_and_competitor_name_and_l1_category" time="2.298"/>
  <testcase classname="Tests.Regression_Suit" name="offline_add_offline_competitor_sku_match_valid_data_verify_button_enabled" time="1.573"/>
  <testcase classname="Tests.Regression_Suit" name="offline_add_offline_competitor_sku_match_valid_data_click_add_sku_button" time="2.128"/>
  <testcase classname="Tests.Regression_Suit" name="offline_verify_offline_competitor_sku_match_added_verify_competitor_sku" time="3.873"/>
  <testcase classname="Tests.Regression_Suit" name="offline_verify_offline_competitor_sku_match_added_verify_competitor_name" time="1.386"/>
  <testcase classname="Tests.Regression_Suit" name="offline_verify_offline_competitor_sku_match_added_verify_competitor_price" time="2.848"/>
  <testcase classname="Tests.Regression_Suit" name="offline_verify_offline_competitor_sku_match_added_verify_competitor_category" time="1.398"/>
  <testcase classname="Tests.Regression_Suit" name="offline_verify_database_tab_selection" time="1.390"/>
  <testcase classname="Tests.Regression_Suit" name="offline_verify_database_tab_add_btn_disabled" time="1.959"/>
  <testcase classname="Tests.Regression_Suit" name="offline_verify_search_btn_disabled" time="1.402"/>
  <testcase classname="Tests.Regression_Suit" name="offline_verify_cancel_icon_database_tab" time="3.806"/>
  <testcase classname="Tests.Regression_Suit" name="offline_verify_cancel_button_database_tab" time="5.205"/>
  <testcase classname="Tests.Regression_Suit" name="offline_verify_search_btn_enabled_on_filter_selection" time="1.647"/>
  <testcase classname="Tests.Regression_Suit" name="offline_verify_filter_competitor_name" time="1.369"/>
  <testcase classname="Tests.Regression_Suit" name="offline_verify_data_on_filter_by_chaldal_database_tab" time="5.601"/>
  <testcase classname="Tests.Regression_Suit" name="offline_verify_data_on_filter_by_pandamart_database_tab" time="6.430"/>
  <testcase classname="Tests.Regression_Suit" name="offline_verify_data_on_filter_by_pickaboo_database_tab" time="6.118"/>
  <testcase classname="Tests.Regression_Suit" name="offline_verify_data_on_filter_by_shajgoj_database_tab" time="6.354"/>
  <testcase classname="Tests.Regression_Suit" name="offline_search_sku_name_against_competitor_database_tab" time="12.304"/>
  <testcase classname="Tests.Regression_Suit" name="offline_add_match_database_tab" time="3.519"/>
  <testcase classname="Tests.Regression_Suit" name="offline_verify_database_match_added" time="1.519"/>
  <testcase classname="Tests.Regression_Suit" name="offline_label_user" time="2.060">
    <failure message="expected [Chaldal_bdPandaMartPickaboo_bdShajgojStartech_BDtest competitor] but found [Tech Team]" type="java.lang.AssertionError">
      <![CDATA[java.lang.AssertionError: expected [Chaldal_bdPandaMartPickaboo_bdShajgojStartech_BDtest competitor] but found [Tech Team]
at org.testng.Assert.fail(Assert.java:96)
at org.testng.Assert.failNotEquals(Assert.java:776)
at org.testng.Assert.assertEqualsImpl(Assert.java:137)
at org.testng.Assert.assertEquals(Assert.java:118)
at org.testng.Assert.assertEquals(Assert.java:453)
at org.testng.Assert.assertEquals(Assert.java:463)
at Pages.SKUMatchingPage.label_user(SKUMatchingPage.java:1164)
at Tests.Regression_Suit.offline_label_user(Regression_Suit.java:995)
at java.base/jdk.internal.reflect.DirectMethodHandleAccessor.invoke(DirectMethodHandleAccessor.java:104)
at java.base/java.lang.reflect.Method.invoke(Method.java:578)
at org.testng.internal.MethodInvocationHelper.invokeMethod(MethodInvocationHelper.java:124)
at org.testng.internal.Invoker.invokeMethod(Invoker.java:583)
at org.testng.internal.Invoker.invokeTestMethod(Invoker.java:719)
at org.testng.internal.Invoker.invokeTestMethods(Invoker.java:989)
at org.testng.internal.TestMethodWorker.invokeTestMethods(TestMethodWorker.java:125)
at org.testng.internal.TestMethodWorker.run(TestMethodWorker.java:109)
at org.testng.TestRunner.privateRun(TestRunner.java:648)
at org.testng.TestRunner.run(TestRunner.java:505)
at org.testng.SuiteRunner.runTest(SuiteRunner.java:455)
at org.testng.SuiteRunner.runSequentially(SuiteRunner.java:450)
at org.testng.SuiteRunner.privateRun(SuiteRunner.java:415)
at org.testng.SuiteRunner.run(SuiteRunner.java:364)
at org.testng.SuiteRunnerWorker.runSuite(SuiteRunnerWorker.java:52)
at org.testng.SuiteRunnerWorker.run(SuiteRunnerWorker.java:84)
at org.testng.TestNG.runSuitesSequentially(TestNG.java:1208)
at org.testng.TestNG.runSuitesLocally(TestNG.java:1137)
at org.testng.TestNG.runSuites(TestNG.java:1049)
at org.testng.TestNG.run(TestNG.java:1017)
at org.apache.maven.surefire.testng.TestNGExecutor.run(TestNGExecutor.java:135)
at org.apache.maven.surefire.testng.TestNGDirectoryTestSuite.executeSingleClass(TestNGDirectoryTestSuite.java:112)
at org.apache.maven.surefire.testng.TestNGDirectoryTestSuite.execute(TestNGDirectoryTestSuite.java:99)
at org.apache.maven.surefire.testng.TestNGProvider.invoke(TestNGProvider.java:146)
at org.apache.maven.surefire.booter.ForkedBooter.invokeProviderInSameClassLoader(ForkedBooter.java:379)
at org.apache.maven.surefire.booter.ForkedBooter.runSuitesInProcess(ForkedBooter.java:340)
at org.apache.maven.surefire.booter.ForkedBooter.execute(ForkedBooter.java:125)
at org.apache.maven.surefire.booter.ForkedBooter.main(ForkedBooter.java:413)
]]>
    </failure>
  </testcase> <!-- offline_label_user -->
  <testcase classname="Tests.Regression_Suit" name="offline_label_created_time" time="0.032">
    <error message="Unparseable date: &quot;Tech Team&quot;" type="java.text.ParseException">
      <![CDATA[java.text.ParseException: Unparseable date: "Tech Team"
at java.base/java.text.DateFormat.parse(DateFormat.java:399)
at Pages.SKUMatchingPage.label_created_time(SKUMatchingPage.java:1171)
at Tests.Regression_Suit.offline_label_created_time(Regression_Suit.java:998)
at java.base/jdk.internal.reflect.DirectMethodHandleAccessor.invoke(DirectMethodHandleAccessor.java:104)
at java.base/java.lang.reflect.Method.invoke(Method.java:578)
at org.testng.internal.MethodInvocationHelper.invokeMethod(MethodInvocationHelper.java:124)
at org.testng.internal.Invoker.invokeMethod(Invoker.java:583)
at org.testng.internal.Invoker.invokeTestMethod(Invoker.java:719)
at org.testng.internal.Invoker.invokeTestMethods(Invoker.java:989)
at org.testng.internal.TestMethodWorker.invokeTestMethods(TestMethodWorker.java:125)
at org.testng.internal.TestMethodWorker.run(TestMethodWorker.java:109)
at org.testng.TestRunner.privateRun(TestRunner.java:648)
at org.testng.TestRunner.run(TestRunner.java:505)
at org.testng.SuiteRunner.runTest(SuiteRunner.java:455)
at org.testng.SuiteRunner.runSequentially(SuiteRunner.java:450)
at org.testng.SuiteRunner.privateRun(SuiteRunner.java:415)
at org.testng.SuiteRunner.run(SuiteRunner.java:364)
at org.testng.SuiteRunnerWorker.runSuite(SuiteRunnerWorker.java:52)
at org.testng.SuiteRunnerWorker.run(SuiteRunnerWorker.java:84)
at org.testng.TestNG.runSuitesSequentially(TestNG.java:1208)
at org.testng.TestNG.runSuitesLocally(TestNG.java:1137)
at org.testng.TestNG.runSuites(TestNG.java:1049)
at org.testng.TestNG.run(TestNG.java:1017)
at org.apache.maven.surefire.testng.TestNGExecutor.run(TestNGExecutor.java:135)
at org.apache.maven.surefire.testng.TestNGDirectoryTestSuite.executeSingleClass(TestNGDirectoryTestSuite.java:112)
at org.apache.maven.surefire.testng.TestNGDirectoryTestSuite.execute(TestNGDirectoryTestSuite.java:99)
at org.apache.maven.surefire.testng.TestNGProvider.invoke(TestNGProvider.java:146)
at org.apache.maven.surefire.booter.ForkedBooter.invokeProviderInSameClassLoader(ForkedBooter.java:379)
at org.apache.maven.surefire.booter.ForkedBooter.runSuitesInProcess(ForkedBooter.java:340)
at org.apache.maven.surefire.booter.ForkedBooter.execute(ForkedBooter.java:125)
at org.apache.maven.surefire.booter.ForkedBooter.main(ForkedBooter.java:413)
]]>
    </error>
  </testcase> <!-- offline_label_created_time -->
  <testcase classname="Tests.Regression_Suit" name="offline_download_file_task_details" time="2.769">
    <error message="/home/qaautomation/Downloads" type="java.nio.file.NoSuchFileException">
      <![CDATA[java.nio.file.NoSuchFileException: /home/qaautomation/Downloads
at java.base/sun.nio.fs.UnixException.translateToIOException(UnixException.java:92)
at java.base/sun.nio.fs.UnixException.rethrowAsIOException(UnixException.java:106)
at java.base/sun.nio.fs.UnixException.rethrowAsIOException(UnixException.java:111)
at java.base/sun.nio.fs.UnixFileSystemProvider.newDirectoryStream(UnixFileSystemProvider.java:420)
at java.base/java.nio.file.Files.newDirectoryStream(Files.java:482)
at java.base/java.nio.file.Files.list(Files.java:3791)
at Pages.SKUMatchingPage.download_file_task_details(SKUMatchingPage.java:1192)
at Tests.Regression_Suit.offline_download_file_task_details(Regression_Suit.java:1001)
at java.base/jdk.internal.reflect.DirectMethodHandleAccessor.invoke(DirectMethodHandleAccessor.java:104)
at java.base/java.lang.reflect.Method.invoke(Method.java:578)
at org.testng.internal.MethodInvocationHelper.invokeMethod(MethodInvocationHelper.java:124)
at org.testng.internal.Invoker.invokeMethod(Invoker.java:583)
at org.testng.internal.Invoker.invokeTestMethod(Invoker.java:719)
at org.testng.internal.Invoker.invokeTestMethods(Invoker.java:989)
at org.testng.internal.TestMethodWorker.invokeTestMethods(TestMethodWorker.java:125)
at org.testng.internal.TestMethodWorker.run(TestMethodWorker.java:109)
at org.testng.TestRunner.privateRun(TestRunner.java:648)
at org.testng.TestRunner.run(TestRunner.java:505)
at org.testng.SuiteRunner.runTest(SuiteRunner.java:455)
at org.testng.SuiteRunner.runSequentially(SuiteRunner.java:450)
at org.testng.SuiteRunner.privateRun(SuiteRunner.java:415)
at org.testng.SuiteRunner.run(SuiteRunner.java:364)
at org.testng.SuiteRunnerWorker.runSuite(SuiteRunnerWorker.java:52)
at org.testng.SuiteRunnerWorker.run(SuiteRunnerWorker.java:84)
at org.testng.TestNG.runSuitesSequentially(TestNG.java:1208)
at org.testng.TestNG.runSuitesLocally(TestNG.java:1137)
at org.testng.TestNG.runSuites(TestNG.java:1049)
at org.testng.TestNG.run(TestNG.java:1017)
at org.apache.maven.surefire.testng.TestNGExecutor.run(TestNGExecutor.java:135)
at org.apache.maven.surefire.testng.TestNGDirectoryTestSuite.executeSingleClass(TestNGDirectoryTestSuite.java:112)
at org.apache.maven.surefire.testng.TestNGDirectoryTestSuite.execute(TestNGDirectoryTestSuite.java:99)
at org.apache.maven.surefire.testng.TestNGProvider.invoke(TestNGProvider.java:146)
at org.apache.maven.surefire.booter.ForkedBooter.invokeProviderInSameClassLoader(ForkedBooter.java:379)
at org.apache.maven.surefire.booter.ForkedBooter.runSuitesInProcess(ForkedBooter.java:340)
at org.apache.maven.surefire.booter.ForkedBooter.execute(ForkedBooter.java:125)
at org.apache.maven.surefire.booter.ForkedBooter.main(ForkedBooter.java:413)
]]>
    </error>
  </testcase> <!-- offline_download_file_task_details -->
  <testcase classname="Tests.Regression_Suit" name="offline_verify_view_matched_item_data" time="1.922"/>
  <testcase classname="Tests.Regression_Suit" name="offline_mark_inaccurate" time="4.388"/>
  <testcase classname="Tests.Regression_Suit" name="offline_mark_verified" time="7.534"/>
  <testcase classname="Tests.Regression_Suit" name="offline_verify_mark_inaccurate_dropdown" time="3.632"/>
  <testcase classname="Tests.Regression_Suit" name="click_daraz_pricing_database_module" time="9.162"/>
  <testcase classname="Tests.Regression_Suit" name="get_sku_id" time="1.079"/>
  <testcase classname="Tests.Regression_Suit" name="verify_search_sku_name_lower_case" time="99.386"/>
  <testcase classname="Tests.Regression_Suit" name="verify_search_sku_name_upper_case" time="99.164"/>
  <testcase classname="Tests.Regression_Suit" name="verify_search_sku_id_and_name" time="23.374"/>
  <testcase classname="Tests.Regression_Suit" name="verify_search_sku_id" time="18.519"/>
  <testcase classname="Tests.Regression_Suit" name="filter_verify_option" time="0.030"/>
  <testcase classname="Tests.Regression_Suit" name="filter_by_defualt_option_all" time="9.441"/>
  <testcase classname="Tests.Regression_Suit" name="filter_by_higher_than" time="16.783"/>
  <testcase classname="Tests.Regression_Suit" name="filter_by_lower_than" time="16.818"/>
  <testcase classname="Tests.Regression_Suit" name="dpd_verify_view_matched_item_data" time="2.446"/>
  <testcase classname="Tests.Regression_Suit" name="dpd_verify_view_matched_item_data_7th_row" time="2.376"/>
  <testcase classname="Tests.Regression_Suit" name="dpdp_mark_inaccurate" time="4.824"/>
  <testcase classname="Tests.Regression_Suit" name="dpdp_mark_verified" time="68.189">
    <error message="Expected condition failed: waiting for visibility of [[ChromeDriver: chrome on mac (746302c38a1ab8bb049f9d9d78b93d68)] -&gt; css selector: table.table.table-striped.table-hover tbody tr:nth-child(1) td:nth-child(9) p.reason] (tried for 60 second(s) with 500 milliseconds interval)
Build info: version: &#039;4.10.0&#039;, revision: &#039;c14d967899&#039;
System info: os.name: &#039;Mac OS X&#039;, os.arch: &#039;aarch64&#039;, os.version: &#039;13.5.1&#039;, java.version: &#039;19.0.1&#039;
Driver info: org.openqa.selenium.chrome.ChromeDriver
Capabilities {acceptInsecureCerts: false, browserName: chrome, browserVersion: 110.0.5481.177, chrome: {chromedriverVersion: 110.0.5481.77 (65ed616c6e8e..., userDataDir: /var/folders/cn/t8j6szvx4_n...}, goog:chromeOptions: {debuggerAddress: localhost:52036}, networkConnectionEnabled: false, pageLoadStrategy: normal, platformName: mac, proxy: Proxy(), setWindowRect: true, strictFileInteractability: false, timeouts: {implicit: 0, pageLoad: 300000, script: 30000}, unhandledPromptBehavior: dismiss and notify, webauthn:extension:credBlob: true, webauthn:extension:largeBlob: true, webauthn:virtualAuthenticators: true}
Session ID: 746302c38a1ab8bb049f9d9d78b93d68" type="org.openqa.selenium.TimeoutException">
      <![CDATA[org.openqa.selenium.TimeoutException: Expected condition failed: waiting for visibility of [[ChromeDriver: chrome on mac (746302c38a1ab8bb049f9d9d78b93d68)] -> css selector: table.table.table-striped.table-hover tbody tr:nth-child(1) td:nth-child(9) p.reason] (tried for 60 second(s) with 500 milliseconds interval)
Build info: version: '4.10.0', revision: 'c14d967899'
System info: os.name: 'Mac OS X', os.arch: 'aarch64', os.version: '13.5.1', java.version: '19.0.1'
Driver info: org.openqa.selenium.chrome.ChromeDriver
Capabilities {acceptInsecureCerts: false, browserName: chrome, browserVersion: 110.0.5481.177, chrome: {chromedriverVersion: 110.0.5481.77 (65ed616c6e8e..., userDataDir: /var/folders/cn/t8j6szvx4_n...}, goog:chromeOptions: {debuggerAddress: localhost:52036}, networkConnectionEnabled: false, pageLoadStrategy: normal, platformName: mac, proxy: Proxy(), setWindowRect: true, strictFileInteractability: false, timeouts: {implicit: 0, pageLoad: 300000, script: 30000}, unhandledPromptBehavior: dismiss and notify, webauthn:extension:credBlob: true, webauthn:extension:largeBlob: true, webauthn:virtualAuthenticators: true}
Session ID: 746302c38a1ab8bb049f9d9d78b93d68
at org.openqa.selenium.support.ui.WebDriverWait.timeoutException(WebDriverWait.java:84)
at org.openqa.selenium.support.ui.FluentWait.until(FluentWait.java:230)
at Pages.DarazPricingDatabasePage.mark_verified(DarazPricingDatabasePage.java:290)
at Tests.Regression_Suit.dpdp_mark_verified(Regression_Suit.java:1076)
at java.base/jdk.internal.reflect.DirectMethodHandleAccessor.invoke(DirectMethodHandleAccessor.java:104)
at java.base/java.lang.reflect.Method.invoke(Method.java:578)
at org.testng.internal.MethodInvocationHelper.invokeMethod(MethodInvocationHelper.java:124)
at org.testng.internal.Invoker.invokeMethod(Invoker.java:583)
at org.testng.internal.Invoker.invokeTestMethod(Invoker.java:719)
at org.testng.internal.Invoker.invokeTestMethods(Invoker.java:989)
at org.testng.internal.TestMethodWorker.invokeTestMethods(TestMethodWorker.java:125)
at org.testng.internal.TestMethodWorker.run(TestMethodWorker.java:109)
at org.testng.TestRunner.privateRun(TestRunner.java:648)
at org.testng.TestRunner.run(TestRunner.java:505)
at org.testng.SuiteRunner.runTest(SuiteRunner.java:455)
at org.testng.SuiteRunner.runSequentially(SuiteRunner.java:450)
at org.testng.SuiteRunner.privateRun(SuiteRunner.java:415)
at org.testng.SuiteRunner.run(SuiteRunner.java:364)
at org.testng.SuiteRunnerWorker.runSuite(SuiteRunnerWorker.java:52)
at org.testng.SuiteRunnerWorker.run(SuiteRunnerWorker.java:84)
at org.testng.TestNG.runSuitesSequentially(TestNG.java:1208)
at org.testng.TestNG.runSuitesLocally(TestNG.java:1137)
at org.testng.TestNG.runSuites(TestNG.java:1049)
at org.testng.TestNG.run(TestNG.java:1017)
at org.apache.maven.surefire.testng.TestNGExecutor.run(TestNGExecutor.java:135)
at org.apache.maven.surefire.testng.TestNGDirectoryTestSuite.executeSingleClass(TestNGDirectoryTestSuite.java:112)
at org.apache.maven.surefire.testng.TestNGDirectoryTestSuite.execute(TestNGDirectoryTestSuite.java:99)
at org.apache.maven.surefire.testng.TestNGProvider.invoke(TestNGProvider.java:146)
at org.apache.maven.surefire.booter.ForkedBooter.invokeProviderInSameClassLoader(ForkedBooter.java:379)
at org.apache.maven.surefire.booter.ForkedBooter.runSuitesInProcess(ForkedBooter.java:340)
at org.apache.maven.surefire.booter.ForkedBooter.execute(ForkedBooter.java:125)
at org.apache.maven.surefire.booter.ForkedBooter.main(ForkedBooter.java:413)
]]>
    </error>
  </testcase> <!-- dpdp_mark_verified -->
  <testcase classname="Tests.Regression_Suit" name="dpdp_verify_mark_inaccurate_dropdown" time="2.612">
    <error message="no such element: Unable to locate element: {&quot;method&quot;:&quot;xpath&quot;,&quot;selector&quot;:&quot;//ul[@class=&#039;nav nav-tabs nav-pills&#039;]/li/a[contains(text(),&#039;Chaldal_bd&#039;)]&quot;}
  (Session info: headless chrome=110.0.5481.177)
For documentation on this error, please visit: https://www.selenium.dev/documentation/webdriver/troubleshooting/errors#no-such-element-exception
Build info: version: &#039;4.10.0&#039;, revision: &#039;c14d967899&#039;
System info: os.name: &#039;Mac OS X&#039;, os.arch: &#039;aarch64&#039;, os.version: &#039;13.5.1&#039;, java.version: &#039;19.0.1&#039;
Driver info: org.openqa.selenium.chrome.ChromeDriver
Command: [746302c38a1ab8bb049f9d9d78b93d68, findElement {using=xpath, value=//ul[@class=&#039;nav nav-tabs nav-pills&#039;]/li/a[contains(text(),&#039;Chaldal_bd&#039;)]}]
Capabilities {acceptInsecureCerts: false, browserName: chrome, browserVersion: 110.0.5481.177, chrome: {chromedriverVersion: 110.0.5481.77 (65ed616c6e8e..., userDataDir: /var/folders/cn/t8j6szvx4_n...}, goog:chromeOptions: {debuggerAddress: localhost:52036}, networkConnectionEnabled: false, pageLoadStrategy: normal, platformName: mac, proxy: Proxy(), setWindowRect: true, strictFileInteractability: false, timeouts: {implicit: 0, pageLoad: 300000, script: 30000}, unhandledPromptBehavior: dismiss and notify, webauthn:extension:credBlob: true, webauthn:extension:largeBlob: true, webauthn:virtualAuthenticators: true}
Session ID: 746302c38a1ab8bb049f9d9d78b93d68" type="org.openqa.selenium.NoSuchElementException">
      <![CDATA[org.openqa.selenium.NoSuchElementException: no such element: Unable to locate element: {"method":"xpath","selector":"//ul[@class='nav nav-tabs nav-pills']/li/a[contains(text(),'Chaldal_bd')]"}
  (Session info: headless chrome=110.0.5481.177)
For documentation on this error, please visit: https://www.selenium.dev/documentation/webdriver/troubleshooting/errors#no-such-element-exception
Build info: version: '4.10.0', revision: 'c14d967899'
System info: os.name: 'Mac OS X', os.arch: 'aarch64', os.version: '13.5.1', java.version: '19.0.1'
Driver info: org.openqa.selenium.chrome.ChromeDriver
Command: [746302c38a1ab8bb049f9d9d78b93d68, findElement {using=xpath, value=//ul[@class='nav nav-tabs nav-pills']/li/a[contains(text(),'Chaldal_bd')]}]
Capabilities {acceptInsecureCerts: false, browserName: chrome, browserVersion: 110.0.5481.177, chrome: {chromedriverVersion: 110.0.5481.77 (65ed616c6e8e..., userDataDir: /var/folders/cn/t8j6szvx4_n...}, goog:chromeOptions: {debuggerAddress: localhost:52036}, networkConnectionEnabled: false, pageLoadStrategy: normal, platformName: mac, proxy: Proxy(), setWindowRect: true, strictFileInteractability: false, timeouts: {implicit: 0, pageLoad: 300000, script: 30000}, unhandledPromptBehavior: dismiss and notify, webauthn:extension:credBlob: true, webauthn:extension:largeBlob: true, webauthn:virtualAuthenticators: true}
Session ID: 746302c38a1ab8bb049f9d9d78b93d68
at java.base/jdk.internal.reflect.DirectConstructorHandleAccessor.newInstance(DirectConstructorHandleAccessor.java:67)
at java.base/java.lang.reflect.Constructor.newInstanceWithCaller(Constructor.java:500)
at java.base/java.lang.reflect.Constructor.newInstance(Constructor.java:484)
at org.openqa.selenium.remote.codec.w3c.W3CHttpResponseCodec.createException(W3CHttpResponseCodec.java:199)
at org.openqa.selenium.remote.codec.w3c.W3CHttpResponseCodec.decode(W3CHttpResponseCodec.java:132)
at org.openqa.selenium.remote.codec.w3c.W3CHttpResponseCodec.decode(W3CHttpResponseCodec.java:51)
at org.openqa.selenium.remote.HttpCommandExecutor.execute(HttpCommandExecutor.java:191)
at org.openqa.selenium.remote.service.DriverCommandExecutor.invokeExecute(DriverCommandExecutor.java:196)
at org.openqa.selenium.remote.service.DriverCommandExecutor.execute(DriverCommandExecutor.java:171)
at org.openqa.selenium.remote.RemoteWebDriver.execute(RemoteWebDriver.java:531)
at org.openqa.selenium.remote.ElementLocation$ElementFinder$2.findElement(ElementLocation.java:165)
at org.openqa.selenium.remote.ElementLocation.findElement(ElementLocation.java:59)
at org.openqa.selenium.remote.RemoteWebDriver.findElement(RemoteWebDriver.java:350)
at org.openqa.selenium.remote.RemoteWebDriver.findElement(RemoteWebDriver.java:344)
at Pages.DarazPricingDatabasePage.verify_mark_inaccurate_dropdown(DarazPricingDatabasePage.java:315)
at Tests.Regression_Suit.dpdp_verify_mark_inaccurate_dropdown(Regression_Suit.java:1079)
at java.base/jdk.internal.reflect.DirectMethodHandleAccessor.invoke(DirectMethodHandleAccessor.java:104)
at java.base/java.lang.reflect.Method.invoke(Method.java:578)
at org.testng.internal.MethodInvocationHelper.invokeMethod(MethodInvocationHelper.java:124)
at org.testng.internal.Invoker.invokeMethod(Invoker.java:583)
at org.testng.internal.Invoker.invokeTestMethod(Invoker.java:719)
at org.testng.internal.Invoker.invokeTestMethods(Invoker.java:989)
at org.testng.internal.TestMethodWorker.invokeTestMethods(TestMethodWorker.java:125)
at org.testng.internal.TestMethodWorker.run(TestMethodWorker.java:109)
at org.testng.TestRunner.privateRun(TestRunner.java:648)
at org.testng.TestRunner.run(TestRunner.java:505)
at org.testng.SuiteRunner.runTest(SuiteRunner.java:455)
at org.testng.SuiteRunner.runSequentially(SuiteRunner.java:450)
at org.testng.SuiteRunner.privateRun(SuiteRunner.java:415)
at org.testng.SuiteRunner.run(SuiteRunner.java:364)
at org.testng.SuiteRunnerWorker.runSuite(SuiteRunnerWorker.java:52)
at org.testng.SuiteRunnerWorker.run(SuiteRunnerWorker.java:84)
at org.testng.TestNG.runSuitesSequentially(TestNG.java:1208)
at org.testng.TestNG.runSuitesLocally(TestNG.java:1137)
at org.testng.TestNG.runSuites(TestNG.java:1049)
at org.testng.TestNG.run(TestNG.java:1017)
at org.apache.maven.surefire.testng.TestNGExecutor.run(TestNGExecutor.java:135)
at org.apache.maven.surefire.testng.TestNGDirectoryTestSuite.executeSingleClass(TestNGDirectoryTestSuite.java:112)
at org.apache.maven.surefire.testng.TestNGDirectoryTestSuite.execute(TestNGDirectoryTestSuite.java:99)
at org.apache.maven.surefire.testng.TestNGProvider.invoke(TestNGProvider.java:146)
at org.apache.maven.surefire.booter.ForkedBooter.invokeProviderInSameClassLoader(ForkedBooter.java:379)
at org.apache.maven.surefire.booter.ForkedBooter.runSuitesInProcess(ForkedBooter.java:340)
at org.apache.maven.surefire.booter.ForkedBooter.execute(ForkedBooter.java:125)
at org.apache.maven.surefire.booter.ForkedBooter.main(ForkedBooter.java:413)
]]>
    </error>
  </testcase> <!-- dpdp_verify_mark_inaccurate_dropdown -->
</testsuite> <!-- Tests.Regression_Suit -->
